
<!DOCTYPE html>
<html>


<head>
	<meta charset='UTF-8' /> 
	<meta name='description' content='' />
	<meta name='robots' content='noodp, noydir' />
	<meta name='viewport' content='width=device-width, initial-scale=1' />
	<meta id="timeStampFormat" name="timeStampFormat" content='MMM d, yyyy hh:mm:ss a'/>
	
	<link href='https://fonts.googleapis.com/css?family=Source+Sans+Pro:400,600' rel='stylesheet' type='text/css'>
	<link href="https://fonts.googleapis.com/icon?family=Material+Icons" rel="stylesheet">

		<link href='https://cdn.rawgit.com/anshooarora/extentreports-java/bee7a4abdc590e21eec8618a90c81ff4d16e500a/dist/css/extent.css' type='text/css' rel='stylesheet' />
	
	<title>Timesheet Revamp Test Automation</title>

	<style type='text/css'>
	</style>
</head>

	<body class='extent standard default hide-overflow '>
		<div id='theme-selector' alt='Click to toggle theme. To enable by default, use theme configuration.' title='Click to toggle theme. To enable by default, use theme configuration.'>
			<span><i class='material-icons'>desktop_windows</i></span>
		</div>

<nav>
	<div class="nav-wrapper">
		<a href="#!" class="brand-logo blue darken-3">Extent</a>

		<!-- slideout menu -->
		<ul id='slide-out' class='side-nav fixed hide-on-med-and-down'>
			<li class='waves-effect active'><a href='#!' view='test-view' onclick="configureView(0);chartsView('test');"><i class='material-icons'>dashboard</i></a></li>
						<li class='waves-effect'><a href='#!' view='category-view' onclick="configureView(1)"><i class='material-icons'>label_outline</i></a></li>
				<li class='waves-effect'><a href='#!' view='author-view' onclick="configureView(3)"><i class='material-icons'>person</i></a></li>
			<li class='waves-effect'><a href='#!' onclick="configureView(-1);chartsView('dashboard');" view='dashboard-view'><i class='material-icons'>track_changes</i></i></a></li>
		</ul>

		<!-- report name -->
		<span class='report-name'>
			
    	<script>
            		var logoElem = document.getElementsByClassName('brand-logo')[0],
            			image = document.createElement('img'),
            			styleElement = document.createElement('style');
            			logoElem.innerHTML = '';
           			/* Add logo image and anchor */
           			image.src = 'file:///F:/SeleniumWorkspace/ReusableFramework/src/test/resources/lib/logo/ta_Logo_W.png';
           			logoElem.setAttribute('href', 'https://www.tadigital.com');
           			logoElem.setAttribute('target', '_blank');
           			logoElem.style.backgroundColor = 'inherit !important';
           			logoElem.appendChild(image);
           			
           			/* Add style for the anchor */
           			styleElement.type = 'text/css';
				    document.getElementsByTagName('head')[0].appendChild(styleElement);
				    styleElement.appendChild(document.createTextNode('nav .nav-wrapper .blue.darken-3.brand-logo{background-color: inherit !important}'));
            			
            		var reportNameElem = document.getElementsByClassName('report-name')[0];
            			reportNameElem.innerHTML = 'Reusable Automation Test Report By Prabhudatta Choudhury!';
            			
            		var favicon = document.createElement('link');
            		favicon.setAttribute('rel', 'icon');
            		favicon.setAttribute('href', 'file:///F:/SeleniumWorkspace/ReusableFramework/src/test/resources/lib/logo/Fav-64-1.png');
            		favicon.setAttribute('type', 'image/x-icon');
            		document.getElementsByTagName('head')[0].appendChild(favicon); 
            	</script>
            	<style>
            		nav .brand-logo {
            			width: 120px !important;
            			padding: 1px 7px !important;
            		}
            		
            		nav .brand-logo.blue.darken-3 {
            			background-color: #fff !important;
            		}
            		
            		nav .brand-logo img {
            			max-width: 100%;
            			height: auto;
            		}
            	</style>
            	
		</span>
		
		<!-- report headline -->
		<span class='report-headline'></span>

		<!-- nav-right -->
		<ul id='nav-mobile' class='right hide-on-med-and-down nav-right'>
			<li>
                <a href='#!'>
                    <span class='label suite-start-time blue darken-3'>May 11, 2020 02:17:27 PM</span>
				</a>
			</li>
			<li>
                <a href='#!'>
                    <span class='label blue darken-3'>v3.1.1</span>
				</a>
			</li>
		</ul>
	</div>
</nav>

		<!-- container -->
		<div class='container'>

<div id='test-view' class='view'>
				
	<section id='controls'>
		<div class='controls grey lighten-4'>
			<!-- test toggle -->
			<div class='chip transparent'>
				<a class='dropdown-button tests-toggle' data-activates='tests-toggle' data-constrainwidth='true' data-beloworigin='true' data-hover='true' href='#'>
					<i class='material-icons'>warning</i> Status
				</a>
				<ul id='tests-toggle' class='dropdown-content'>
											<li status='pass'><a href='#!'>Pass <i class='material-icons green-text'>check_circle</i></a></li>
						<li status='fail'><a href='#!'>Fail <i class='material-icons red-text'>cancel</i></a></li>
						<li status='error'><a href='#!'>Error <i class='material-icons red-text lighten-2'>error</i></a></li>
					<li class='divider'></li>
					<li status='clear' clear='true'><a href='#!'>Clear Filters <i class='material-icons'>clear</i></a></li>
				</ul>
			</div>
			<!-- test toggle -->

			<!-- category toggle -->
			<div class='chip transparent'>
				<a class='dropdown-button category-toggle' data-activates='category-toggle' data-constrainwidth='false' data-beloworigin='true' data-hover='true' href='#'>
					<i class='material-icons'>local_offer</i> Category
				</a>
				<ul id='category-toggle' class='dropdown-content'>
					<li><a href='#'>Regression</a></li>
					<li><a href='#'>Smoke</a></li>
					<li class='divider'></li>
					<li class='clear'><a href='#!' clear='true'>Clear Filters</a></li>
				</ul>
			</div>
			<!-- category toggle -->

			<!-- clear filters -->
			<div class='chip transparent hide'>
				<a class='' id='clear-filters' alt='Clear Filters' title='Clear Filters'>
					<i class='material-icons'>close</i> Clear
				</a>
			</div>
			<!-- clear filters -->

			<!-- enable dashboard -->
			<div id='toggle-test-view-charts' class='chip transparent'>
				<a class='pink-text' id='enable-dashboard' alt='Enable Dashboard' title='Enable Dashboard'>
					<i class='material-icons'>track_changes</i> Dashboard
				</a>
			</div>
			<!-- enable dashboard -->

			<!-- search -->
			<div class='chip transparent' alt='Search Tests' title='Search Tests'>
				<a href="#" class='search-div'>
					<i class='material-icons'>search</i> Search
				</a>

				<div class='input-field left hide'>
					<input id='search-tests' type='text' class='validate browser-default' placeholder='Search Tests...'>
				</div>
				
			</div>
			<!-- search -->
		</div>
	</section>


<div id='test-view-charts' class='subview-full'>
	<div id='charts-row' class='row nm-v nm-h'>
		<div class='col s12 m6 l6 np-h'>
			<div class='card-panel nm-v'>
				<div class='left panel-name'>Tests</div>
				<div class='chart-box'>
					<canvas id='parent-analysis' width='100' height='80'></canvas>
				</div>
				<div class='block text-small'>
					<span class='tooltipped' data-position='top' data-tooltip='0%'><span class='strong'>0</span> test(s) passed</span>
				</div>
				<div class='block text-small'>
					<span class='strong tooltipped' data-position='top' data-tooltip='75%'>3</span> test(s) failed, <span class='strong tooltipped' data-position='top' data-tooltip='25%'>1</span> others
				</div>
			</div>
		</div>
		
		<div class='col s12 m6 l6 np-h'>
			<div class='card-panel nm-v'>
				<div class='left panel-name'>Steps</div>
				<div class='chart-box'>
					<canvas id='child-analysis' width='100' height='80'></canvas>
				</div>
				<div class='block text-small'>
					<span class='tooltipped' data-position='top' data-tooltip='26.316%'><span class='strong'>5</span> step(s) passed</span>
				</div>
				<div class='block text-small'>
					<span class='strong tooltipped' data-position='top' data-tooltip='52.632%'>10</span> step(s) failed, <span class='strong tooltipped' data-position='top' data-tooltip='21.053%'>4</span> others
				</div>
			</div>
		</div>
		
	</div>
</div>

	<div class='subview-left left'>
		
		<div class='view-summary'>
			<h5>Tests</h5>
			<ul id='test-collection' class='test-collection'>
				
				
				<li class='test displayed active has-leaf fail' status='fail' bdd='false' test-id='1'>
					<div class='test-heading'>
						<span class='test-name'>MissingTimesheetReportTest</span>
						<span class='test-time'>May 11, 2020 02:17:32 PM</span>
						<span class='test-status right fail'>fail</span>
					</div>
					<div class='test-content hide'>
<div class='test-time-info'>
	<span class='label start-time'>May 11, 2020 02:17:32 PM</span>
	<span class='label end-time'>May 11, 2020 02:55:51 PM</span>
	<span class='label time-taken grey lighten-1 white-text'>0h 38m 18s+165ms</span>
</div>
	<ul class='collapsible node-list' data-collapsible='accordion'>
		
				<li class='node level-1 leaf pass' status='pass' test-id='2'>
					<div class='collapsible-header'>
						<h5 class='node-name'>testDropdownIsSorted</h5>
						<span class='test-status right pass'>pass</span>
						<span class='node-duration label grey lighten-1 white-text'>0h 1m 21s+962ms</span>
								<span class='category label white-text'>Regression</span>
								<span class='author label white-text'>Dharmendra</span>
					</div>
						<div class='collapsible-body'>
								<div class='node-steps'>
									<table class='bordered table-results'>
										<thead>
											<tr>
												<th>Status</th>
												<th>Timestamp</th>
												<th>Details</th>
											</tr>
										</thead>
										<tbody>
												<tr class='log' status='info'>
													<td class='status info' title='info' alt='info'><i class='material-icons'>info_outline</i></td>
													<td class='timestamp'>2:17:40 PM</td>
													<td class='step-details'>Execution of Test case- <b>testDropdownIsSorted</b> started.</td>
												</tr>
												<tr class='log' status='info'>
													<td class='status info' title='info' alt='info'><i class='material-icons'>info_outline</i></td>
													<td class='timestamp'>2:17:47 PM</td>
													<td class='step-details'>Navigate to url</td>
												</tr>
												<tr class='log' status='pass'>
													<td class='status pass' title='pass' alt='pass'><i class='material-icons'>check_circle</i></td>
													<td class='timestamp'>2:17:49 PM</td>
													<td class='step-details'>Verify text is entered to Username</td>
												</tr>
												<tr class='log' status='pass'>
													<td class='status pass' title='pass' alt='pass'><i class='material-icons'>check_circle</i></td>
													<td class='timestamp'>2:17:49 PM</td>
													<td class='step-details'>Verify click action on: UserName Next Btn</td>
												</tr>
												<tr class='log' status='pass'>
													<td class='status pass' title='pass' alt='pass'><i class='material-icons'>check_circle</i></td>
													<td class='timestamp'>2:18:00 PM</td>
													<td class='step-details'>Verify text is entered to password</td>
												</tr>
												<tr class='log' status='pass'>
													<td class='status pass' title='pass' alt='pass'><i class='material-icons'>check_circle</i></td>
													<td class='timestamp'>2:18:01 PM</td>
													<td class='step-details'>Verify click action on: Sign In Button</td>
												</tr>
												<tr class='log' status='pass'>
													<td class='status pass' title='pass' alt='pass'><i class='material-icons'>check_circle</i></td>
													<td class='timestamp'>2:18:05 PM</td>
													<td class='step-details'>Verify click action on: Submit Next Btn</td>
												</tr>
												<tr class='log' status='info'>
													<td class='status info' title='info' alt='info'><i class='material-icons'>info_outline</i></td>
													<td class='timestamp'>2:18:18 PM</td>
													<td class='step-details'>Login to application</td>
												</tr>
												<tr class='log' status='pass'>
													<td class='status pass' title='pass' alt='pass'><i class='material-icons'>check_circle</i></td>
													<td class='timestamp'>2:18:28 PM</td>
													<td class='step-details'>Verify click action on: Reports Menu</td>
												</tr>
												<tr class='log' status='info'>
													<td class='status info' title='info' alt='info'><i class='material-icons'>info_outline</i></td>
													<td class='timestamp'>2:18:28 PM</td>
													<td class='step-details'>Clicked on Reports Menu</td>
												</tr>
												<tr class='log' status='pass'>
													<td class='status pass' title='pass' alt='pass'><i class='material-icons'>check_circle</i></td>
													<td class='timestamp'>2:18:28 PM</td>
													<td class='step-details'>Verify click action on: Missing timesheet Report Dropdown</td>
												</tr>
												<tr class='log' status='info'>
													<td class='status info' title='info' alt='info'><i class='material-icons'>info_outline</i></td>
													<td class='timestamp'>2:18:29 PM</td>
													<td class='step-details'>Clicked on Missing timesheet Report Dropdown subMenu</td>
												</tr>
												<tr class='log' status='pass'>
													<td class='status pass' title='pass' alt='pass'><i class='material-icons'>check_circle</i></td>
													<td class='timestamp'>2:18:39 PM</td>
													<td class='step-details'>Missing Timesheet Report Page accessed</td>
												</tr>
												<tr class='log' status='info'>
													<td class='status info' title='info' alt='info'><i class='material-icons'>info_outline</i></td>
													<td class='timestamp'>2:19:01 PM</td>
													<td class='step-details'>Clicked on department_up_icon</td>
												</tr>
												<tr class='log' status='info'>
													<td class='status info' title='info' alt='info'><i class='material-icons'>info_outline</i></td>
													<td class='timestamp'>2:19:01 PM</td>
													<td class='step-details'>Clicked Select Department</td>
												</tr>
												<tr class='log' status='pass'>
													<td class='status pass' title='pass' alt='pass'><i class='material-icons'>check_circle</i></td>
													<td class='timestamp'>2:19:02 PM</td>
													<td class='step-details'>Select Department dropdown values are sorted</td>
												</tr>
												<tr class='log' status='info'>
													<td class='status info' title='info' alt='info'><i class='material-icons'>info_outline</i></td>
													<td class='timestamp'>2:19:02 PM</td>
													<td class='step-details'>Clicked on department_down_icon</td>
												</tr>
												<tr class='log' status='pass'>
													<td class='status pass' title='pass' alt='pass'><i class='material-icons'>check_circle</i></td>
													<td class='timestamp'>2:19:02 PM</td>
													<td class='step-details'><span class='label white-text green'><b>Test Case:- testDropdownIsSorted Passed</b></span></td>
												</tr>
										</tbody>
									</table>
										<ul class='screenshots'>
												<li><img data-featherlight='E:\Workspace\ReusableTestFramework-timesheet\Screenshots\Missing Report Page.png' width='10%' src='E:\Workspace\ReusableTestFramework-timesheet\Screenshots\Missing Report Page.png' data-src='E:\Workspace\ReusableTestFramework-timesheet\Screenshots\Missing Report Page.png'></li>
										</ul>
								</div>
						</div>
				</li>
				<li class='node level-1 leaf fail' status='fail' test-id='3'>
					<div class='collapsible-header'>
						<h5 class='node-name'>testDropdownIsSorted</h5>
						<span class='test-status right fail'>fail</span>
						<span class='node-duration label grey lighten-1 white-text'>0h 1m 26s+293ms</span>
								<span class='category label white-text'>Regression</span>
								<span class='author label white-text'>Dharmendra</span>
					</div>
						<div class='collapsible-body'>
								<div class='node-steps'>
									<table class='bordered table-results'>
										<thead>
											<tr>
												<th>Status</th>
												<th>Timestamp</th>
												<th>Details</th>
											</tr>
										</thead>
										<tbody>
												<tr class='log' status='info'>
													<td class='status info' title='info' alt='info'><i class='material-icons'>info_outline</i></td>
													<td class='timestamp'>2:19:09 PM</td>
													<td class='step-details'>Execution of Test case- <b>testDropdownIsSorted</b> started.</td>
												</tr>
												<tr class='log' status='info'>
													<td class='status info' title='info' alt='info'><i class='material-icons'>info_outline</i></td>
													<td class='timestamp'>2:19:16 PM</td>
													<td class='step-details'>Navigate to url</td>
												</tr>
												<tr class='log' status='pass'>
													<td class='status pass' title='pass' alt='pass'><i class='material-icons'>check_circle</i></td>
													<td class='timestamp'>2:19:17 PM</td>
													<td class='step-details'>Verify text is entered to Username</td>
												</tr>
												<tr class='log' status='pass'>
													<td class='status pass' title='pass' alt='pass'><i class='material-icons'>check_circle</i></td>
													<td class='timestamp'>2:19:18 PM</td>
													<td class='step-details'>Verify click action on: UserName Next Btn</td>
												</tr>
												<tr class='log' status='pass'>
													<td class='status pass' title='pass' alt='pass'><i class='material-icons'>check_circle</i></td>
													<td class='timestamp'>2:19:28 PM</td>
													<td class='step-details'>Verify text is entered to password</td>
												</tr>
												<tr class='log' status='pass'>
													<td class='status pass' title='pass' alt='pass'><i class='material-icons'>check_circle</i></td>
													<td class='timestamp'>2:19:29 PM</td>
													<td class='step-details'>Verify click action on: Sign In Button</td>
												</tr>
												<tr class='log' status='pass'>
													<td class='status pass' title='pass' alt='pass'><i class='material-icons'>check_circle</i></td>
													<td class='timestamp'>2:19:34 PM</td>
													<td class='step-details'>Verify click action on: Submit Next Btn</td>
												</tr>
												<tr class='log' status='info'>
													<td class='status info' title='info' alt='info'><i class='material-icons'>info_outline</i></td>
													<td class='timestamp'>2:19:47 PM</td>
													<td class='step-details'>Login to application</td>
												</tr>
												<tr class='log' status='pass'>
													<td class='status pass' title='pass' alt='pass'><i class='material-icons'>check_circle</i></td>
													<td class='timestamp'>2:19:57 PM</td>
													<td class='step-details'>Verify click action on: Reports Menu</td>
												</tr>
												<tr class='log' status='info'>
													<td class='status info' title='info' alt='info'><i class='material-icons'>info_outline</i></td>
													<td class='timestamp'>2:19:57 PM</td>
													<td class='step-details'>Clicked on Reports Menu</td>
												</tr>
												<tr class='log' status='pass'>
													<td class='status pass' title='pass' alt='pass'><i class='material-icons'>check_circle</i></td>
													<td class='timestamp'>2:19:58 PM</td>
													<td class='step-details'>Verify click action on: Missing timesheet Report Dropdown</td>
												</tr>
												<tr class='log' status='info'>
													<td class='status info' title='info' alt='info'><i class='material-icons'>info_outline</i></td>
													<td class='timestamp'>2:19:58 PM</td>
													<td class='step-details'>Clicked on Missing timesheet Report Dropdown subMenu</td>
												</tr>
												<tr class='log' status='pass'>
													<td class='status pass' title='pass' alt='pass'><i class='material-icons'>check_circle</i></td>
													<td class='timestamp'>2:20:08 PM</td>
													<td class='step-details'>Missing Timesheet Report Page accessed</td>
												</tr>
												<tr class='log' status='fail'>
													<td class='status fail' title='fail' alt='fail'><i class='material-icons'>cancel</i></td>
													<td class='timestamp'>2:20:35 PM</td>
													<td class='step-details'><details><summary style='cursor: pointer;'><b><font color=red>Exception Occured: Click to see</font></b ></summary>element not interactable
  (Session info: chrome=81.0.4044.138)
Build info: version: '3.141.59'<br> revision: 'e82be7d358'<br> time: '2018-11-14T08:17:03'
System info: host: 'TECH-LP-620'<br> ip: '177.16.0.79'<br> os.name: 'Windows 10'<br> os.arch: 'amd64'<br> os.version: '10.0'<br> java.version: '1.8.0_191'
Driver info: org.openqa.selenium.chrome.ChromeDriver
Capabilities {acceptInsecureCerts: false<br> browserName: chrome<br> browserVersion: 81.0.4044.138<br> chrome: {chromedriverVersion: 81.0.4044.138 (8c6c7ba89cc9...<br> userDataDir: C:\Users\PRABHU~1.C\AppData...}<br> goog:chromeOptions: {debuggerAddress: localhost:61569}<br> javascriptEnabled: true<br> networkConnectionEnabled: false<br> pageLoadStrategy: normal<br> platform: WINDOWS<br> platformName: WINDOWS<br> proxy: Proxy()<br> setWindowRect: true<br> strictFileInteractability: false<br> timeouts: {implicit: 0<br> pageLoad: 300000<br> script: 30000}<br> unhandledPromptBehavior: dismiss and notify<br> webauthn:virtualAuthenticators: true}
Session ID: f9efaeb29ba6ff901d7fae1859396773<br>[sun.reflect.NativeConstructorAccessorImpl.newInstance0(Native Method)<br> sun.reflect.NativeConstructorAccessorImpl.newInstance(NativeConstructorAccessorImpl.java:62)<br> sun.reflect.DelegatingConstructorAccessorImpl.newInstance(DelegatingConstructorAccessorImpl.java:45)<br> java.lang.reflect.Constructor.newInstance(Constructor.java:423)<br> org.openqa.selenium.remote.http.W3CHttpResponseCodec.createException(W3CHttpResponseCodec.java:187)<br> org.openqa.selenium.remote.http.W3CHttpResponseCodec.decode(W3CHttpResponseCodec.java:122)<br> org.openqa.selenium.remote.http.W3CHttpResponseCodec.decode(W3CHttpResponseCodec.java:49)<br> org.openqa.selenium.remote.HttpCommandExecutor.execute(HttpCommandExecutor.java:158)<br> org.openqa.selenium.remote.service.DriverCommandExecutor.execute(DriverCommandExecutor.java:83)<br> org.openqa.selenium.remote.RemoteWebDriver.execute(RemoteWebDriver.java:552)<br> org.openqa.selenium.remote.RemoteWebElement.execute(RemoteWebElement.java:285)<br> org.openqa.selenium.remote.RemoteWebElement.click(RemoteWebElement.java:84)<br> sun.reflect.NativeMethodAccessorImpl.invoke0(Native Method)<br> sun.reflect.NativeMethodAccessorImpl.invoke(NativeMethodAccessorImpl.java:62)<br> sun.reflect.DelegatingMethodAccessorImpl.invoke(DelegatingMethodAccessorImpl.java:43)<br> java.lang.reflect.Method.invoke(Method.java:498)<br> org.openqa.selenium.support.pagefactory.internal.LocatingElementHandler.invoke(LocatingElementHandler.java:51)<br> com.sun.proxy.$Proxy20.click(Unknown Source)<br> com.framework.ui.pageobjects.BasePage.click(BasePage.java:143)<br> com.internal.regression.pages.MissingTimesheetReportPage.validatePracticeDropdownIsSorted(MissingTimesheetReportPage.java:491)<br> com.tadigital.timesheet.testcases.MissingTimesheetReportTest.testDropdownIsSorted(MissingTimesheetReportTest.java:220)<br> sun.reflect.NativeMethodAccessorImpl.invoke0(Native Method)<br> sun.reflect.NativeMethodAccessorImpl.invoke(NativeMethodAccessorImpl.java:62)<br> sun.reflect.DelegatingMethodAccessorImpl.invoke(DelegatingMethodAccessorImpl.java:43)<br> java.lang.reflect.Method.invoke(Method.java:498)<br> org.testng.internal.MethodInvocationHelper.invokeMethod(MethodInvocationHelper.java:124)<br> org.testng.internal.Invoker.invokeMethod(Invoker.java:583)<br> org.testng.internal.Invoker.invokeTestMethod(Invoker.java:719)<br> org.testng.internal.Invoker.invokeTestMethods(Invoker.java:989)<br> org.testng.internal.TestMethodWorker.invokeTestMethods(TestMethodWorker.java:125)<br> org.testng.internal.TestMethodWorker.run(TestMethodWorker.java:109)<br> org.testng.TestRunner.privateRun(TestRunner.java:648)<br> org.testng.TestRunner.run(TestRunner.java:505)<br> org.testng.SuiteRunner.runTest(SuiteRunner.java:455)<br> org.testng.SuiteRunner.runSequentially(SuiteRunner.java:450)<br> org.testng.SuiteRunner.privateRun(SuiteRunner.java:415)<br> org.testng.SuiteRunner.run(SuiteRunner.java:364)<br> org.testng.SuiteRunnerWorker.runSuite(SuiteRunnerWorker.java:52)<br> org.testng.SuiteRunnerWorker.run(SuiteRunnerWorker.java:84)<br> org.testng.TestNG.runSuitesSequentially(TestNG.java:1208)<br> org.testng.TestNG.runSuitesLocally(TestNG.java:1137)<br> org.testng.TestNG.runSuites(TestNG.java:1049)<br> org.testng.TestNG.run(TestNG.java:1017)<br> org.testng.remote.AbstractRemoteTestNG.run(AbstractRemoteTestNG.java:114)<br> org.testng.remote.RemoteTestNG.initAndRun(RemoteTestNG.java:251)<br> org.testng.remote.RemoteTestNG.main(RemoteTestNG.java:77)]</details></td>
												</tr>
												<tr class='log' status='fail'>
													<td class='status fail' title='fail' alt='fail'><i class='material-icons'>cancel</i></td>
													<td class='timestamp'>2:20:35 PM</td>
													<td class='step-details'><span class='label white-text red'>This Test case got Failed</span></td>
												</tr>
										</tbody>
									</table>
										<ul class='screenshots'>
												<li><img data-featherlight='E:\Workspace\ReusableTestFramework-timesheet\Screenshots\Missing Report Page.png' width='10%' src='E:\Workspace\ReusableTestFramework-timesheet\Screenshots\Missing Report Page.png' data-src='E:\Workspace\ReusableTestFramework-timesheet\Screenshots\Missing Report Page.png'></li>
												<li><img data-featherlight='E:\Workspace\ReusableTestFramework-timesheet\Screenshots\testDropdownIsSorted.png' width='10%' src='E:\Workspace\ReusableTestFramework-timesheet\Screenshots\testDropdownIsSorted.png' data-src='E:\Workspace\ReusableTestFramework-timesheet\Screenshots\testDropdownIsSorted.png'></li>
										</ul>
								</div>
						</div>
				</li>
				<li class='node level-1 leaf pass' status='pass' test-id='4'>
					<div class='collapsible-header'>
						<h5 class='node-name'>testDropdownIsSorted</h5>
						<span class='test-status right pass'>pass</span>
						<span class='node-duration label grey lighten-1 white-text'>0h 1m 27s+65ms</span>
								<span class='category label white-text'>Regression</span>
								<span class='author label white-text'>Dharmendra</span>
					</div>
						<div class='collapsible-body'>
								<div class='node-steps'>
									<table class='bordered table-results'>
										<thead>
											<tr>
												<th>Status</th>
												<th>Timestamp</th>
												<th>Details</th>
											</tr>
										</thead>
										<tbody>
												<tr class='log' status='info'>
													<td class='status info' title='info' alt='info'><i class='material-icons'>info_outline</i></td>
													<td class='timestamp'>2:21:03 PM</td>
													<td class='step-details'>Execution of Test case- <b>testDropdownIsSorted</b> started.</td>
												</tr>
												<tr class='log' status='info'>
													<td class='status info' title='info' alt='info'><i class='material-icons'>info_outline</i></td>
													<td class='timestamp'>2:21:10 PM</td>
													<td class='step-details'>Navigate to url</td>
												</tr>
												<tr class='log' status='pass'>
													<td class='status pass' title='pass' alt='pass'><i class='material-icons'>check_circle</i></td>
													<td class='timestamp'>2:21:11 PM</td>
													<td class='step-details'>Verify text is entered to Username</td>
												</tr>
												<tr class='log' status='pass'>
													<td class='status pass' title='pass' alt='pass'><i class='material-icons'>check_circle</i></td>
													<td class='timestamp'>2:21:12 PM</td>
													<td class='step-details'>Verify click action on: UserName Next Btn</td>
												</tr>
												<tr class='log' status='pass'>
													<td class='status pass' title='pass' alt='pass'><i class='material-icons'>check_circle</i></td>
													<td class='timestamp'>2:21:22 PM</td>
													<td class='step-details'>Verify text is entered to password</td>
												</tr>
												<tr class='log' status='pass'>
													<td class='status pass' title='pass' alt='pass'><i class='material-icons'>check_circle</i></td>
													<td class='timestamp'>2:21:23 PM</td>
													<td class='step-details'>Verify click action on: Sign In Button</td>
												</tr>
												<tr class='log' status='pass'>
													<td class='status pass' title='pass' alt='pass'><i class='material-icons'>check_circle</i></td>
													<td class='timestamp'>2:21:28 PM</td>
													<td class='step-details'>Verify click action on: Submit Next Btn</td>
												</tr>
												<tr class='log' status='info'>
													<td class='status info' title='info' alt='info'><i class='material-icons'>info_outline</i></td>
													<td class='timestamp'>2:21:46 PM</td>
													<td class='step-details'>Login to application</td>
												</tr>
												<tr class='log' status='pass'>
													<td class='status pass' title='pass' alt='pass'><i class='material-icons'>check_circle</i></td>
													<td class='timestamp'>2:21:56 PM</td>
													<td class='step-details'>Verify click action on: Reports Menu</td>
												</tr>
												<tr class='log' status='info'>
													<td class='status info' title='info' alt='info'><i class='material-icons'>info_outline</i></td>
													<td class='timestamp'>2:21:56 PM</td>
													<td class='step-details'>Clicked on Reports Menu</td>
												</tr>
												<tr class='log' status='pass'>
													<td class='status pass' title='pass' alt='pass'><i class='material-icons'>check_circle</i></td>
													<td class='timestamp'>2:21:56 PM</td>
													<td class='step-details'>Verify click action on: Missing timesheet Report Dropdown</td>
												</tr>
												<tr class='log' status='info'>
													<td class='status info' title='info' alt='info'><i class='material-icons'>info_outline</i></td>
													<td class='timestamp'>2:21:57 PM</td>
													<td class='step-details'>Clicked on Missing timesheet Report Dropdown subMenu</td>
												</tr>
												<tr class='log' status='pass'>
													<td class='status pass' title='pass' alt='pass'><i class='material-icons'>check_circle</i></td>
													<td class='timestamp'>2:22:07 PM</td>
													<td class='step-details'>Missing Timesheet Report Page accessed</td>
												</tr>
												<tr class='log' status='info'>
													<td class='status info' title='info' alt='info'><i class='material-icons'>info_outline</i></td>
													<td class='timestamp'>2:22:29 PM</td>
													<td class='step-details'>Clicked on location_up_icon</td>
												</tr>
												<tr class='log' status='info'>
													<td class='status info' title='info' alt='info'><i class='material-icons'>info_outline</i></td>
													<td class='timestamp'>2:22:29 PM</td>
													<td class='step-details'>Clicked Select Location</td>
												</tr>
												<tr class='log' status='pass'>
													<td class='status pass' title='pass' alt='pass'><i class='material-icons'>check_circle</i></td>
													<td class='timestamp'>2:22:30 PM</td>
													<td class='step-details'>Select Location dropdown values are sorted</td>
												</tr>
												<tr class='log' status='info'>
													<td class='status info' title='info' alt='info'><i class='material-icons'>info_outline</i></td>
													<td class='timestamp'>2:22:30 PM</td>
													<td class='step-details'>Clicked on location_down_icon</td>
												</tr>
												<tr class='log' status='pass'>
													<td class='status pass' title='pass' alt='pass'><i class='material-icons'>check_circle</i></td>
													<td class='timestamp'>2:22:30 PM</td>
													<td class='step-details'><span class='label white-text green'><b>Test Case:- testDropdownIsSorted Passed</b></span></td>
												</tr>
										</tbody>
									</table>
										<ul class='screenshots'>
												<li><img data-featherlight='E:\Workspace\ReusableTestFramework-timesheet\Screenshots\Missing Report Page.png' width='10%' src='E:\Workspace\ReusableTestFramework-timesheet\Screenshots\Missing Report Page.png' data-src='E:\Workspace\ReusableTestFramework-timesheet\Screenshots\Missing Report Page.png'></li>
										</ul>
								</div>
						</div>
				</li>
				<li class='node level-1 leaf pass' status='pass' test-id='5'>
					<div class='collapsible-header'>
						<h5 class='node-name'>testDropdownIsSorted</h5>
						<span class='test-status right pass'>pass</span>
						<span class='node-duration label grey lighten-1 white-text'>0h 1m 21s+354ms</span>
								<span class='category label white-text'>Regression</span>
								<span class='author label white-text'>Dharmendra</span>
					</div>
						<div class='collapsible-body'>
								<div class='node-steps'>
									<table class='bordered table-results'>
										<thead>
											<tr>
												<th>Status</th>
												<th>Timestamp</th>
												<th>Details</th>
											</tr>
										</thead>
										<tbody>
												<tr class='log' status='info'>
													<td class='status info' title='info' alt='info'><i class='material-icons'>info_outline</i></td>
													<td class='timestamp'>2:22:36 PM</td>
													<td class='step-details'>Execution of Test case- <b>testDropdownIsSorted</b> started.</td>
												</tr>
												<tr class='log' status='info'>
													<td class='status info' title='info' alt='info'><i class='material-icons'>info_outline</i></td>
													<td class='timestamp'>2:22:42 PM</td>
													<td class='step-details'>Navigate to url</td>
												</tr>
												<tr class='log' status='pass'>
													<td class='status pass' title='pass' alt='pass'><i class='material-icons'>check_circle</i></td>
													<td class='timestamp'>2:22:44 PM</td>
													<td class='step-details'>Verify text is entered to Username</td>
												</tr>
												<tr class='log' status='pass'>
													<td class='status pass' title='pass' alt='pass'><i class='material-icons'>check_circle</i></td>
													<td class='timestamp'>2:22:44 PM</td>
													<td class='step-details'>Verify click action on: UserName Next Btn</td>
												</tr>
												<tr class='log' status='pass'>
													<td class='status pass' title='pass' alt='pass'><i class='material-icons'>check_circle</i></td>
													<td class='timestamp'>2:22:54 PM</td>
													<td class='step-details'>Verify text is entered to password</td>
												</tr>
												<tr class='log' status='pass'>
													<td class='status pass' title='pass' alt='pass'><i class='material-icons'>check_circle</i></td>
													<td class='timestamp'>2:22:56 PM</td>
													<td class='step-details'>Verify click action on: Sign In Button</td>
												</tr>
												<tr class='log' status='pass'>
													<td class='status pass' title='pass' alt='pass'><i class='material-icons'>check_circle</i></td>
													<td class='timestamp'>2:23:01 PM</td>
													<td class='step-details'>Verify click action on: Submit Next Btn</td>
												</tr>
												<tr class='log' status='info'>
													<td class='status info' title='info' alt='info'><i class='material-icons'>info_outline</i></td>
													<td class='timestamp'>2:23:13 PM</td>
													<td class='step-details'>Login to application</td>
												</tr>
												<tr class='log' status='pass'>
													<td class='status pass' title='pass' alt='pass'><i class='material-icons'>check_circle</i></td>
													<td class='timestamp'>2:23:24 PM</td>
													<td class='step-details'>Verify click action on: Reports Menu</td>
												</tr>
												<tr class='log' status='info'>
													<td class='status info' title='info' alt='info'><i class='material-icons'>info_outline</i></td>
													<td class='timestamp'>2:23:24 PM</td>
													<td class='step-details'>Clicked on Reports Menu</td>
												</tr>
												<tr class='log' status='pass'>
													<td class='status pass' title='pass' alt='pass'><i class='material-icons'>check_circle</i></td>
													<td class='timestamp'>2:23:24 PM</td>
													<td class='step-details'>Verify click action on: Missing timesheet Report Dropdown</td>
												</tr>
												<tr class='log' status='info'>
													<td class='status info' title='info' alt='info'><i class='material-icons'>info_outline</i></td>
													<td class='timestamp'>2:23:24 PM</td>
													<td class='step-details'>Clicked on Missing timesheet Report Dropdown subMenu</td>
												</tr>
												<tr class='log' status='pass'>
													<td class='status pass' title='pass' alt='pass'><i class='material-icons'>check_circle</i></td>
													<td class='timestamp'>2:23:34 PM</td>
													<td class='step-details'>Missing Timesheet Report Page accessed</td>
												</tr>
												<tr class='log' status='info'>
													<td class='status info' title='info' alt='info'><i class='material-icons'>info_outline</i></td>
													<td class='timestamp'>2:23:56 PM</td>
													<td class='step-details'>Clicked on select_employee</td>
												</tr>
												<tr class='log' status='info'>
													<td class='status info' title='info' alt='info'><i class='material-icons'>info_outline</i></td>
													<td class='timestamp'>2:23:56 PM</td>
													<td class='step-details'>Clicked Select Employee</td>
												</tr>
												<tr class='log' status='pass'>
													<td class='status pass' title='pass' alt='pass'><i class='material-icons'>check_circle</i></td>
													<td class='timestamp'>2:23:57 PM</td>
													<td class='step-details'>Select Employee dropdown values are sorted</td>
												</tr>
												<tr class='log' status='pass'>
													<td class='status pass' title='pass' alt='pass'><i class='material-icons'>check_circle</i></td>
													<td class='timestamp'>2:23:57 PM</td>
													<td class='step-details'><span class='label white-text green'><b>Test Case:- testDropdownIsSorted Passed</b></span></td>
												</tr>
										</tbody>
									</table>
										<ul class='screenshots'>
												<li><img data-featherlight='E:\Workspace\ReusableTestFramework-timesheet\Screenshots\Missing Report Page.png' width='10%' src='E:\Workspace\ReusableTestFramework-timesheet\Screenshots\Missing Report Page.png' data-src='E:\Workspace\ReusableTestFramework-timesheet\Screenshots\Missing Report Page.png'></li>
										</ul>
								</div>
						</div>
				</li>
				<li class='node level-1 leaf pass' status='pass' test-id='6'>
					<div class='collapsible-header'>
						<h5 class='node-name'>testDropdownIsSorted</h5>
						<span class='test-status right pass'>pass</span>
						<span class='node-duration label grey lighten-1 white-text'>0h 2m 23s+673ms</span>
								<span class='category label white-text'>Regression</span>
								<span class='author label white-text'>Dharmendra</span>
					</div>
						<div class='collapsible-body'>
								<div class='node-steps'>
									<table class='bordered table-results'>
										<thead>
											<tr>
												<th>Status</th>
												<th>Timestamp</th>
												<th>Details</th>
											</tr>
										</thead>
										<tbody>
												<tr class='log' status='info'>
													<td class='status info' title='info' alt='info'><i class='material-icons'>info_outline</i></td>
													<td class='timestamp'>2:24:04 PM</td>
													<td class='step-details'>Execution of Test case- <b>testDropdownIsSorted</b> started.</td>
												</tr>
												<tr class='log' status='info'>
													<td class='status info' title='info' alt='info'><i class='material-icons'>info_outline</i></td>
													<td class='timestamp'>2:24:10 PM</td>
													<td class='step-details'>Navigate to url</td>
												</tr>
												<tr class='log' status='pass'>
													<td class='status pass' title='pass' alt='pass'><i class='material-icons'>check_circle</i></td>
													<td class='timestamp'>2:24:12 PM</td>
													<td class='step-details'>Verify text is entered to Username</td>
												</tr>
												<tr class='log' status='pass'>
													<td class='status pass' title='pass' alt='pass'><i class='material-icons'>check_circle</i></td>
													<td class='timestamp'>2:24:13 PM</td>
													<td class='step-details'>Verify click action on: UserName Next Btn</td>
												</tr>
												<tr class='log' status='pass'>
													<td class='status pass' title='pass' alt='pass'><i class='material-icons'>check_circle</i></td>
													<td class='timestamp'>2:24:23 PM</td>
													<td class='step-details'>Verify text is entered to password</td>
												</tr>
												<tr class='log' status='pass'>
													<td class='status pass' title='pass' alt='pass'><i class='material-icons'>check_circle</i></td>
													<td class='timestamp'>2:24:25 PM</td>
													<td class='step-details'>Verify click action on: Sign In Button</td>
												</tr>
												<tr class='log' status='pass'>
													<td class='status pass' title='pass' alt='pass'><i class='material-icons'>check_circle</i></td>
													<td class='timestamp'>2:24:29 PM</td>
													<td class='step-details'>Verify click action on: Submit Next Btn</td>
												</tr>
												<tr class='log' status='info'>
													<td class='status info' title='info' alt='info'><i class='material-icons'>info_outline</i></td>
													<td class='timestamp'>2:24:44 PM</td>
													<td class='step-details'>Login to application</td>
												</tr>
												<tr class='log' status='pass'>
													<td class='status pass' title='pass' alt='pass'><i class='material-icons'>check_circle</i></td>
													<td class='timestamp'>2:24:54 PM</td>
													<td class='step-details'>Verify click action on: Reports Menu</td>
												</tr>
												<tr class='log' status='info'>
													<td class='status info' title='info' alt='info'><i class='material-icons'>info_outline</i></td>
													<td class='timestamp'>2:24:54 PM</td>
													<td class='step-details'>Clicked on Reports Menu</td>
												</tr>
												<tr class='log' status='pass'>
													<td class='status pass' title='pass' alt='pass'><i class='material-icons'>check_circle</i></td>
													<td class='timestamp'>2:24:54 PM</td>
													<td class='step-details'>Verify click action on: Missing timesheet Report Dropdown</td>
												</tr>
												<tr class='log' status='info'>
													<td class='status info' title='info' alt='info'><i class='material-icons'>info_outline</i></td>
													<td class='timestamp'>2:24:54 PM</td>
													<td class='step-details'>Clicked on Missing timesheet Report Dropdown subMenu</td>
												</tr>
												<tr class='log' status='pass'>
													<td class='status pass' title='pass' alt='pass'><i class='material-icons'>check_circle</i></td>
													<td class='timestamp'>2:25:05 PM</td>
													<td class='step-details'>Missing Timesheet Report Page accessed</td>
												</tr>
												<tr class='log' status='info'>
													<td class='status info' title='info' alt='info'><i class='material-icons'>info_outline</i></td>
													<td class='timestamp'>2:25:56 PM</td>
													<td class='step-details'>Clicked on project_down_icon</td>
												</tr>
												<tr class='log' status='info'>
													<td class='status info' title='info' alt='info'><i class='material-icons'>info_outline</i></td>
													<td class='timestamp'>2:26:26 PM</td>
													<td class='step-details'>Clicked Select Project</td>
												</tr>
												<tr class='log' status='pass'>
													<td class='status pass' title='pass' alt='pass'><i class='material-icons'>check_circle</i></td>
													<td class='timestamp'>2:26:27 PM</td>
													<td class='step-details'>Select Project dropdown values are sorted</td>
												</tr>
												<tr class='log' status='pass'>
													<td class='status pass' title='pass' alt='pass'><i class='material-icons'>check_circle</i></td>
													<td class='timestamp'>2:26:27 PM</td>
													<td class='step-details'><span class='label white-text green'><b>Test Case:- testDropdownIsSorted Passed</b></span></td>
												</tr>
										</tbody>
									</table>
										<ul class='screenshots'>
												<li><img data-featherlight='E:\Workspace\ReusableTestFramework-timesheet\Screenshots\Missing Report Page.png' width='10%' src='E:\Workspace\ReusableTestFramework-timesheet\Screenshots\Missing Report Page.png' data-src='E:\Workspace\ReusableTestFramework-timesheet\Screenshots\Missing Report Page.png'></li>
										</ul>
								</div>
						</div>
				</li>
				<li class='node level-1 leaf fail' status='fail' test-id='7'>
					<div class='collapsible-header'>
						<h5 class='node-name'>testEmployeeName</h5>
						<span class='test-status right fail'>fail</span>
						<span class='node-duration label grey lighten-1 white-text'>0h 4m 10s+747ms</span>
								<span class='category label white-text'>Regression</span>
								<span class='author label white-text'>Prabhudatta</span>
					</div>
						<div class='collapsible-body'>
								<div class='node-steps'>
									<table class='bordered table-results'>
										<thead>
											<tr>
												<th>Status</th>
												<th>Timestamp</th>
												<th>Details</th>
											</tr>
										</thead>
										<tbody>
												<tr class='log' status='info'>
													<td class='status info' title='info' alt='info'><i class='material-icons'>info_outline</i></td>
													<td class='timestamp'>2:26:34 PM</td>
													<td class='step-details'>Execution of Test case- <b>testEmployeeName</b> started.</td>
												</tr>
												<tr class='log' status='info'>
													<td class='status info' title='info' alt='info'><i class='material-icons'>info_outline</i></td>
													<td class='timestamp'>2:26:40 PM</td>
													<td class='step-details'>Navigate to url</td>
												</tr>
												<tr class='log' status='pass'>
													<td class='status pass' title='pass' alt='pass'><i class='material-icons'>check_circle</i></td>
													<td class='timestamp'>2:26:42 PM</td>
													<td class='step-details'>Verify text is entered to Username</td>
												</tr>
												<tr class='log' status='pass'>
													<td class='status pass' title='pass' alt='pass'><i class='material-icons'>check_circle</i></td>
													<td class='timestamp'>2:26:42 PM</td>
													<td class='step-details'>Verify click action on: UserName Next Btn</td>
												</tr>
												<tr class='log' status='pass'>
													<td class='status pass' title='pass' alt='pass'><i class='material-icons'>check_circle</i></td>
													<td class='timestamp'>2:26:53 PM</td>
													<td class='step-details'>Verify text is entered to password</td>
												</tr>
												<tr class='log' status='pass'>
													<td class='status pass' title='pass' alt='pass'><i class='material-icons'>check_circle</i></td>
													<td class='timestamp'>2:26:54 PM</td>
													<td class='step-details'>Verify click action on: Sign In Button</td>
												</tr>
												<tr class='log' status='pass'>
													<td class='status pass' title='pass' alt='pass'><i class='material-icons'>check_circle</i></td>
													<td class='timestamp'>2:26:59 PM</td>
													<td class='step-details'>Verify click action on: Submit Next Btn</td>
												</tr>
												<tr class='log' status='info'>
													<td class='status info' title='info' alt='info'><i class='material-icons'>info_outline</i></td>
													<td class='timestamp'>2:27:16 PM</td>
													<td class='step-details'>Login to application</td>
												</tr>
												<tr class='log' status='pass'>
													<td class='status pass' title='pass' alt='pass'><i class='material-icons'>check_circle</i></td>
													<td class='timestamp'>2:27:26 PM</td>
													<td class='step-details'>Verify click action on: Reports Menu</td>
												</tr>
												<tr class='log' status='info'>
													<td class='status info' title='info' alt='info'><i class='material-icons'>info_outline</i></td>
													<td class='timestamp'>2:27:26 PM</td>
													<td class='step-details'>Clicked on Reports Menu</td>
												</tr>
												<tr class='log' status='pass'>
													<td class='status pass' title='pass' alt='pass'><i class='material-icons'>check_circle</i></td>
													<td class='timestamp'>2:27:27 PM</td>
													<td class='step-details'>Verify click action on: Missing timesheet Report Dropdown</td>
												</tr>
												<tr class='log' status='info'>
													<td class='status info' title='info' alt='info'><i class='material-icons'>info_outline</i></td>
													<td class='timestamp'>2:27:27 PM</td>
													<td class='step-details'>Clicked on Missing timesheet Report Dropdown subMenu</td>
												</tr>
												<tr class='log' status='pass'>
													<td class='status pass' title='pass' alt='pass'><i class='material-icons'>check_circle</i></td>
													<td class='timestamp'>2:27:37 PM</td>
													<td class='step-details'>Missing Timesheet Report Page accessed</td>
												</tr>
												<tr class='log' status='fail'>
													<td class='status fail' title='fail' alt='fail'><i class='material-icons'>cancel</i></td>
													<td class='timestamp'>2:30:44 PM</td>
													<td class='step-details'><details><summary style='cursor: pointer;'><b><font color=red>Exception Occured: Click to see</font></b ></summary>Timed out after 50 seconds. Unable to locate the element<br>[org.openqa.selenium.support.pagefactory.AjaxElementLocator.findElement(AjaxElementLocator.java:90)<br> org.openqa.selenium.support.pagefactory.internal.LocatingElementHandler.invoke(LocatingElementHandler.java:38)<br> com.sun.proxy.$Proxy20.click(Unknown Source)<br> com.framework.ui.pageobjects.BasePage.click(BasePage.java:143)<br> com.internal.regression.pages.MissingTimesheetReportPage.validateEntriesPerPage(MissingTimesheetReportPage.java:189)<br> com.tadigital.timesheet.testcases.MissingTimesheetReportTest.testEmployeeName(MissingTimesheetReportTest.java:106)<br> sun.reflect.NativeMethodAccessorImpl.invoke0(Native Method)<br> sun.reflect.NativeMethodAccessorImpl.invoke(NativeMethodAccessorImpl.java:62)<br> sun.reflect.DelegatingMethodAccessorImpl.invoke(DelegatingMethodAccessorImpl.java:43)<br> java.lang.reflect.Method.invoke(Method.java:498)<br> org.testng.internal.MethodInvocationHelper.invokeMethod(MethodInvocationHelper.java:124)<br> org.testng.internal.Invoker.invokeMethod(Invoker.java:583)<br> org.testng.internal.Invoker.invokeTestMethod(Invoker.java:719)<br> org.testng.internal.Invoker.invokeTestMethods(Invoker.java:989)<br> org.testng.internal.TestMethodWorker.invokeTestMethods(TestMethodWorker.java:125)<br> org.testng.internal.TestMethodWorker.run(TestMethodWorker.java:109)<br> org.testng.TestRunner.privateRun(TestRunner.java:648)<br> org.testng.TestRunner.run(TestRunner.java:505)<br> org.testng.SuiteRunner.runTest(SuiteRunner.java:455)<br> org.testng.SuiteRunner.runSequentially(SuiteRunner.java:450)<br> org.testng.SuiteRunner.privateRun(SuiteRunner.java:415)<br> org.testng.SuiteRunner.run(SuiteRunner.java:364)<br> org.testng.SuiteRunnerWorker.runSuite(SuiteRunnerWorker.java:52)<br> org.testng.SuiteRunnerWorker.run(SuiteRunnerWorker.java:84)<br> org.testng.TestNG.runSuitesSequentially(TestNG.java:1208)<br> org.testng.TestNG.runSuitesLocally(TestNG.java:1137)<br> org.testng.TestNG.runSuites(TestNG.java:1049)<br> org.testng.TestNG.run(TestNG.java:1017)<br> org.testng.remote.AbstractRemoteTestNG.run(AbstractRemoteTestNG.java:114)<br> org.testng.remote.RemoteTestNG.initAndRun(RemoteTestNG.java:251)<br> org.testng.remote.RemoteTestNG.main(RemoteTestNG.java:77)]</details></td>
												</tr>
												<tr class='log' status='fail'>
													<td class='status fail' title='fail' alt='fail'><i class='material-icons'>cancel</i></td>
													<td class='timestamp'>2:30:44 PM</td>
													<td class='step-details'><span class='label white-text red'>This Test case got Failed</span></td>
												</tr>
										</tbody>
									</table>
										<ul class='screenshots'>
												<li><img data-featherlight='E:\Workspace\ReusableTestFramework-timesheet\Screenshots\Missing Report Page.png' width='10%' src='E:\Workspace\ReusableTestFramework-timesheet\Screenshots\Missing Report Page.png' data-src='E:\Workspace\ReusableTestFramework-timesheet\Screenshots\Missing Report Page.png'></li>
												<li><img data-featherlight='E:\Workspace\ReusableTestFramework-timesheet\Screenshots\testEmployeeName.png' width='10%' src='E:\Workspace\ReusableTestFramework-timesheet\Screenshots\testEmployeeName.png' data-src='E:\Workspace\ReusableTestFramework-timesheet\Screenshots\testEmployeeName.png'></li>
										</ul>
								</div>
						</div>
				</li>
				<li class='node level-1 leaf fail' status='fail' test-id='8'>
					<div class='collapsible-header'>
						<h5 class='node-name'>testEntriesPerPage</h5>
						<span class='test-status right fail'>fail</span>
						<span class='node-duration label grey lighten-1 white-text'>0h 4m 11s+374ms</span>
								<span class='category label white-text'>Smoke</span>
								<span class='author label white-text'>Prabhudatta</span>
					</div>
						<div class='collapsible-body'>
								<div class='node-steps'>
									<table class='bordered table-results'>
										<thead>
											<tr>
												<th>Status</th>
												<th>Timestamp</th>
												<th>Details</th>
											</tr>
										</thead>
										<tbody>
												<tr class='log' status='info'>
													<td class='status info' title='info' alt='info'><i class='material-icons'>info_outline</i></td>
													<td class='timestamp'>2:31:12 PM</td>
													<td class='step-details'>Execution of Test case- <b>testEntriesPerPage</b> started.</td>
												</tr>
												<tr class='log' status='info'>
													<td class='status info' title='info' alt='info'><i class='material-icons'>info_outline</i></td>
													<td class='timestamp'>2:31:19 PM</td>
													<td class='step-details'>Navigate to url</td>
												</tr>
												<tr class='log' status='pass'>
													<td class='status pass' title='pass' alt='pass'><i class='material-icons'>check_circle</i></td>
													<td class='timestamp'>2:31:21 PM</td>
													<td class='step-details'>Verify text is entered to Username</td>
												</tr>
												<tr class='log' status='pass'>
													<td class='status pass' title='pass' alt='pass'><i class='material-icons'>check_circle</i></td>
													<td class='timestamp'>2:31:21 PM</td>
													<td class='step-details'>Verify click action on: UserName Next Btn</td>
												</tr>
												<tr class='log' status='pass'>
													<td class='status pass' title='pass' alt='pass'><i class='material-icons'>check_circle</i></td>
													<td class='timestamp'>2:31:31 PM</td>
													<td class='step-details'>Verify text is entered to password</td>
												</tr>
												<tr class='log' status='pass'>
													<td class='status pass' title='pass' alt='pass'><i class='material-icons'>check_circle</i></td>
													<td class='timestamp'>2:31:33 PM</td>
													<td class='step-details'>Verify click action on: Sign In Button</td>
												</tr>
												<tr class='log' status='pass'>
													<td class='status pass' title='pass' alt='pass'><i class='material-icons'>check_circle</i></td>
													<td class='timestamp'>2:31:38 PM</td>
													<td class='step-details'>Verify click action on: Submit Next Btn</td>
												</tr>
												<tr class='log' status='info'>
													<td class='status info' title='info' alt='info'><i class='material-icons'>info_outline</i></td>
													<td class='timestamp'>2:31:55 PM</td>
													<td class='step-details'>Login to application</td>
												</tr>
												<tr class='log' status='pass'>
													<td class='status pass' title='pass' alt='pass'><i class='material-icons'>check_circle</i></td>
													<td class='timestamp'>2:32:06 PM</td>
													<td class='step-details'>Verify click action on: Reports Menu</td>
												</tr>
												<tr class='log' status='info'>
													<td class='status info' title='info' alt='info'><i class='material-icons'>info_outline</i></td>
													<td class='timestamp'>2:32:06 PM</td>
													<td class='step-details'>Clicked on Reports Menu</td>
												</tr>
												<tr class='log' status='pass'>
													<td class='status pass' title='pass' alt='pass'><i class='material-icons'>check_circle</i></td>
													<td class='timestamp'>2:32:06 PM</td>
													<td class='step-details'>Verify click action on: Missing timesheet Report Dropdown</td>
												</tr>
												<tr class='log' status='info'>
													<td class='status info' title='info' alt='info'><i class='material-icons'>info_outline</i></td>
													<td class='timestamp'>2:32:06 PM</td>
													<td class='step-details'>Clicked on Missing timesheet Report Dropdown subMenu</td>
												</tr>
												<tr class='log' status='pass'>
													<td class='status pass' title='pass' alt='pass'><i class='material-icons'>check_circle</i></td>
													<td class='timestamp'>2:32:16 PM</td>
													<td class='step-details'>Missing Timesheet Report Page accessed</td>
												</tr>
												<tr class='log' status='fail'>
													<td class='status fail' title='fail' alt='fail'><i class='material-icons'>cancel</i></td>
													<td class='timestamp'>2:35:24 PM</td>
													<td class='step-details'><details><summary style='cursor: pointer;'><b><font color=red>Exception Occured: Click to see</font></b ></summary>Timed out after 50 seconds. Unable to locate the element<br>[org.openqa.selenium.support.pagefactory.AjaxElementLocator.findElement(AjaxElementLocator.java:90)<br> org.openqa.selenium.support.pagefactory.internal.LocatingElementHandler.invoke(LocatingElementHandler.java:38)<br> com.sun.proxy.$Proxy20.click(Unknown Source)<br> com.framework.ui.pageobjects.BasePage.click(BasePage.java:143)<br> com.internal.regression.pages.MissingTimesheetReportPage.validateEntriesPerPage(MissingTimesheetReportPage.java:189)<br> com.tadigital.timesheet.testcases.MissingTimesheetReportTest.testEntriesPerPage(MissingTimesheetReportTest.java:63)<br> sun.reflect.NativeMethodAccessorImpl.invoke0(Native Method)<br> sun.reflect.NativeMethodAccessorImpl.invoke(NativeMethodAccessorImpl.java:62)<br> sun.reflect.DelegatingMethodAccessorImpl.invoke(DelegatingMethodAccessorImpl.java:43)<br> java.lang.reflect.Method.invoke(Method.java:498)<br> org.testng.internal.MethodInvocationHelper.invokeMethod(MethodInvocationHelper.java:124)<br> org.testng.internal.Invoker.invokeMethod(Invoker.java:583)<br> org.testng.internal.Invoker.invokeTestMethod(Invoker.java:719)<br> org.testng.internal.Invoker.invokeTestMethods(Invoker.java:989)<br> org.testng.internal.TestMethodWorker.invokeTestMethods(TestMethodWorker.java:125)<br> org.testng.internal.TestMethodWorker.run(TestMethodWorker.java:109)<br> org.testng.TestRunner.privateRun(TestRunner.java:648)<br> org.testng.TestRunner.run(TestRunner.java:505)<br> org.testng.SuiteRunner.runTest(SuiteRunner.java:455)<br> org.testng.SuiteRunner.runSequentially(SuiteRunner.java:450)<br> org.testng.SuiteRunner.privateRun(SuiteRunner.java:415)<br> org.testng.SuiteRunner.run(SuiteRunner.java:364)<br> org.testng.SuiteRunnerWorker.runSuite(SuiteRunnerWorker.java:52)<br> org.testng.SuiteRunnerWorker.run(SuiteRunnerWorker.java:84)<br> org.testng.TestNG.runSuitesSequentially(TestNG.java:1208)<br> org.testng.TestNG.runSuitesLocally(TestNG.java:1137)<br> org.testng.TestNG.runSuites(TestNG.java:1049)<br> org.testng.TestNG.run(TestNG.java:1017)<br> org.testng.remote.AbstractRemoteTestNG.run(AbstractRemoteTestNG.java:114)<br> org.testng.remote.RemoteTestNG.initAndRun(RemoteTestNG.java:251)<br> org.testng.remote.RemoteTestNG.main(RemoteTestNG.java:77)]</details></td>
												</tr>
												<tr class='log' status='fail'>
													<td class='status fail' title='fail' alt='fail'><i class='material-icons'>cancel</i></td>
													<td class='timestamp'>2:35:24 PM</td>
													<td class='step-details'><span class='label white-text red'>This Test case got Failed</span></td>
												</tr>
										</tbody>
									</table>
										<ul class='screenshots'>
												<li><img data-featherlight='E:\Workspace\ReusableTestFramework-timesheet\Screenshots\Missing Report Page.png' width='10%' src='E:\Workspace\ReusableTestFramework-timesheet\Screenshots\Missing Report Page.png' data-src='E:\Workspace\ReusableTestFramework-timesheet\Screenshots\Missing Report Page.png'></li>
												<li><img data-featherlight='E:\Workspace\ReusableTestFramework-timesheet\Screenshots\testEntriesPerPage.png' width='10%' src='E:\Workspace\ReusableTestFramework-timesheet\Screenshots\testEntriesPerPage.png' data-src='E:\Workspace\ReusableTestFramework-timesheet\Screenshots\testEntriesPerPage.png'></li>
										</ul>
								</div>
						</div>
				</li>
				<li class='node level-1 leaf fail' status='fail' test-id='9'>
					<div class='collapsible-header'>
						<h5 class='node-name'>testExcelReport</h5>
						<span class='test-status right fail'>fail</span>
						<span class='node-duration label grey lighten-1 white-text'>0h 4m 9s+68ms</span>
								<span class='category label white-text'>Regression</span>
								<span class='author label white-text'>Prabhudatta</span>
					</div>
						<div class='collapsible-body'>
								<div class='node-steps'>
									<table class='bordered table-results'>
										<thead>
											<tr>
												<th>Status</th>
												<th>Timestamp</th>
												<th>Details</th>
											</tr>
										</thead>
										<tbody>
												<tr class='log' status='info'>
													<td class='status info' title='info' alt='info'><i class='material-icons'>info_outline</i></td>
													<td class='timestamp'>2:35:51 PM</td>
													<td class='step-details'>Execution of Test case- <b>testExcelReport</b> started.</td>
												</tr>
												<tr class='log' status='info'>
													<td class='status info' title='info' alt='info'><i class='material-icons'>info_outline</i></td>
													<td class='timestamp'>2:35:58 PM</td>
													<td class='step-details'>Navigate to url</td>
												</tr>
												<tr class='log' status='pass'>
													<td class='status pass' title='pass' alt='pass'><i class='material-icons'>check_circle</i></td>
													<td class='timestamp'>2:36:00 PM</td>
													<td class='step-details'>Verify text is entered to Username</td>
												</tr>
												<tr class='log' status='pass'>
													<td class='status pass' title='pass' alt='pass'><i class='material-icons'>check_circle</i></td>
													<td class='timestamp'>2:36:00 PM</td>
													<td class='step-details'>Verify click action on: UserName Next Btn</td>
												</tr>
												<tr class='log' status='pass'>
													<td class='status pass' title='pass' alt='pass'><i class='material-icons'>check_circle</i></td>
													<td class='timestamp'>2:36:11 PM</td>
													<td class='step-details'>Verify text is entered to password</td>
												</tr>
												<tr class='log' status='pass'>
													<td class='status pass' title='pass' alt='pass'><i class='material-icons'>check_circle</i></td>
													<td class='timestamp'>2:36:13 PM</td>
													<td class='step-details'>Verify click action on: Sign In Button</td>
												</tr>
												<tr class='log' status='pass'>
													<td class='status pass' title='pass' alt='pass'><i class='material-icons'>check_circle</i></td>
													<td class='timestamp'>2:36:19 PM</td>
													<td class='step-details'>Verify click action on: Submit Next Btn</td>
												</tr>
												<tr class='log' status='info'>
													<td class='status info' title='info' alt='info'><i class='material-icons'>info_outline</i></td>
													<td class='timestamp'>2:36:32 PM</td>
													<td class='step-details'>Login to application</td>
												</tr>
												<tr class='log' status='pass'>
													<td class='status pass' title='pass' alt='pass'><i class='material-icons'>check_circle</i></td>
													<td class='timestamp'>2:36:42 PM</td>
													<td class='step-details'>Verify click action on: Reports Menu</td>
												</tr>
												<tr class='log' status='info'>
													<td class='status info' title='info' alt='info'><i class='material-icons'>info_outline</i></td>
													<td class='timestamp'>2:36:43 PM</td>
													<td class='step-details'>Clicked on Reports Menu</td>
												</tr>
												<tr class='log' status='pass'>
													<td class='status pass' title='pass' alt='pass'><i class='material-icons'>check_circle</i></td>
													<td class='timestamp'>2:36:43 PM</td>
													<td class='step-details'>Verify click action on: Missing timesheet Report Dropdown</td>
												</tr>
												<tr class='log' status='info'>
													<td class='status info' title='info' alt='info'><i class='material-icons'>info_outline</i></td>
													<td class='timestamp'>2:36:43 PM</td>
													<td class='step-details'>Clicked on Missing timesheet Report Dropdown subMenu</td>
												</tr>
												<tr class='log' status='pass'>
													<td class='status pass' title='pass' alt='pass'><i class='material-icons'>check_circle</i></td>
													<td class='timestamp'>2:36:53 PM</td>
													<td class='step-details'>Missing Timesheet Report Page accessed</td>
												</tr>
												<tr class='log' status='fail'>
													<td class='status fail' title='fail' alt='fail'><i class='material-icons'>cancel</i></td>
													<td class='timestamp'>2:40:00 PM</td>
													<td class='step-details'><details><summary style='cursor: pointer;'><b><font color=red>Exception Occured: Click to see</font></b ></summary>Timed out after 50 seconds. Unable to locate the element<br>[org.openqa.selenium.support.pagefactory.AjaxElementLocator.findElement(AjaxElementLocator.java:90)<br> org.openqa.selenium.support.pagefactory.internal.LocatingElementHandler.invoke(LocatingElementHandler.java:38)<br> com.sun.proxy.$Proxy20.click(Unknown Source)<br> com.framework.ui.pageobjects.BasePage.click(BasePage.java:143)<br> com.internal.regression.pages.MissingTimesheetReportPage.validateEntriesPerPage(MissingTimesheetReportPage.java:189)<br> com.tadigital.timesheet.testcases.MissingTimesheetReportTest.testExcelReport(MissingTimesheetReportTest.java:150)<br> sun.reflect.NativeMethodAccessorImpl.invoke0(Native Method)<br> sun.reflect.NativeMethodAccessorImpl.invoke(NativeMethodAccessorImpl.java:62)<br> sun.reflect.DelegatingMethodAccessorImpl.invoke(DelegatingMethodAccessorImpl.java:43)<br> java.lang.reflect.Method.invoke(Method.java:498)<br> org.testng.internal.MethodInvocationHelper.invokeMethod(MethodInvocationHelper.java:124)<br> org.testng.internal.Invoker.invokeMethod(Invoker.java:583)<br> org.testng.internal.Invoker.invokeTestMethod(Invoker.java:719)<br> org.testng.internal.Invoker.invokeTestMethods(Invoker.java:989)<br> org.testng.internal.TestMethodWorker.invokeTestMethods(TestMethodWorker.java:125)<br> org.testng.internal.TestMethodWorker.run(TestMethodWorker.java:109)<br> org.testng.TestRunner.privateRun(TestRunner.java:648)<br> org.testng.TestRunner.run(TestRunner.java:505)<br> org.testng.SuiteRunner.runTest(SuiteRunner.java:455)<br> org.testng.SuiteRunner.runSequentially(SuiteRunner.java:450)<br> org.testng.SuiteRunner.privateRun(SuiteRunner.java:415)<br> org.testng.SuiteRunner.run(SuiteRunner.java:364)<br> org.testng.SuiteRunnerWorker.runSuite(SuiteRunnerWorker.java:52)<br> org.testng.SuiteRunnerWorker.run(SuiteRunnerWorker.java:84)<br> org.testng.TestNG.runSuitesSequentially(TestNG.java:1208)<br> org.testng.TestNG.runSuitesLocally(TestNG.java:1137)<br> org.testng.TestNG.runSuites(TestNG.java:1049)<br> org.testng.TestNG.run(TestNG.java:1017)<br> org.testng.remote.AbstractRemoteTestNG.run(AbstractRemoteTestNG.java:114)<br> org.testng.remote.RemoteTestNG.initAndRun(RemoteTestNG.java:251)<br> org.testng.remote.RemoteTestNG.main(RemoteTestNG.java:77)]</details></td>
												</tr>
												<tr class='log' status='fail'>
													<td class='status fail' title='fail' alt='fail'><i class='material-icons'>cancel</i></td>
													<td class='timestamp'>2:40:00 PM</td>
													<td class='step-details'><span class='label white-text red'>This Test case got Failed</span></td>
												</tr>
										</tbody>
									</table>
										<ul class='screenshots'>
												<li><img data-featherlight='E:\Workspace\ReusableTestFramework-timesheet\Screenshots\Missing Report Page.png' width='10%' src='E:\Workspace\ReusableTestFramework-timesheet\Screenshots\Missing Report Page.png' data-src='E:\Workspace\ReusableTestFramework-timesheet\Screenshots\Missing Report Page.png'></li>
												<li><img data-featherlight='E:\Workspace\ReusableTestFramework-timesheet\Screenshots\testExcelReport.png' width='10%' src='E:\Workspace\ReusableTestFramework-timesheet\Screenshots\testExcelReport.png' data-src='E:\Workspace\ReusableTestFramework-timesheet\Screenshots\testExcelReport.png'></li>
										</ul>
								</div>
						</div>
				</li>
				<li class='node level-1 leaf pass' status='pass' test-id='10'>
					<div class='collapsible-header'>
						<h5 class='node-name'>testFutureDatesNotVisible</h5>
						<span class='test-status right pass'>pass</span>
						<span class='node-duration label grey lighten-1 white-text'>0h 1m 51s+696ms</span>
								<span class='category label white-text'>Smoke</span>
								<span class='author label white-text'>Prabhudatta</span>
					</div>
						<div class='collapsible-body'>
								<div class='node-steps'>
									<table class='bordered table-results'>
										<thead>
											<tr>
												<th>Status</th>
												<th>Timestamp</th>
												<th>Details</th>
											</tr>
										</thead>
										<tbody>
												<tr class='log' status='info'>
													<td class='status info' title='info' alt='info'><i class='material-icons'>info_outline</i></td>
													<td class='timestamp'>2:40:28 PM</td>
													<td class='step-details'>Execution of Test case- <b>testFutureDatesNotVisible</b> started.</td>
												</tr>
												<tr class='log' status='info'>
													<td class='status info' title='info' alt='info'><i class='material-icons'>info_outline</i></td>
													<td class='timestamp'>2:40:35 PM</td>
													<td class='step-details'>Navigate to url</td>
												</tr>
												<tr class='log' status='pass'>
													<td class='status pass' title='pass' alt='pass'><i class='material-icons'>check_circle</i></td>
													<td class='timestamp'>2:40:37 PM</td>
													<td class='step-details'>Verify text is entered to Username</td>
												</tr>
												<tr class='log' status='pass'>
													<td class='status pass' title='pass' alt='pass'><i class='material-icons'>check_circle</i></td>
													<td class='timestamp'>2:40:37 PM</td>
													<td class='step-details'>Verify click action on: UserName Next Btn</td>
												</tr>
												<tr class='log' status='pass'>
													<td class='status pass' title='pass' alt='pass'><i class='material-icons'>check_circle</i></td>
													<td class='timestamp'>2:40:47 PM</td>
													<td class='step-details'>Verify text is entered to password</td>
												</tr>
												<tr class='log' status='pass'>
													<td class='status pass' title='pass' alt='pass'><i class='material-icons'>check_circle</i></td>
													<td class='timestamp'>2:40:49 PM</td>
													<td class='step-details'>Verify click action on: Sign In Button</td>
												</tr>
												<tr class='log' status='pass'>
													<td class='status pass' title='pass' alt='pass'><i class='material-icons'>check_circle</i></td>
													<td class='timestamp'>2:40:53 PM</td>
													<td class='step-details'>Verify click action on: Submit Next Btn</td>
												</tr>
												<tr class='log' status='info'>
													<td class='status info' title='info' alt='info'><i class='material-icons'>info_outline</i></td>
													<td class='timestamp'>2:41:11 PM</td>
													<td class='step-details'>Login to application</td>
												</tr>
												<tr class='log' status='pass'>
													<td class='status pass' title='pass' alt='pass'><i class='material-icons'>check_circle</i></td>
													<td class='timestamp'>2:41:21 PM</td>
													<td class='step-details'>Verify click action on: Reports Menu</td>
												</tr>
												<tr class='log' status='info'>
													<td class='status info' title='info' alt='info'><i class='material-icons'>info_outline</i></td>
													<td class='timestamp'>2:41:21 PM</td>
													<td class='step-details'>Clicked on Reports Menu</td>
												</tr>
												<tr class='log' status='pass'>
													<td class='status pass' title='pass' alt='pass'><i class='material-icons'>check_circle</i></td>
													<td class='timestamp'>2:41:21 PM</td>
													<td class='step-details'>Verify click action on: Missing timesheet Report Dropdown</td>
												</tr>
												<tr class='log' status='info'>
													<td class='status info' title='info' alt='info'><i class='material-icons'>info_outline</i></td>
													<td class='timestamp'>2:41:22 PM</td>
													<td class='step-details'>Clicked on Missing timesheet Report Dropdown subMenu</td>
												</tr>
												<tr class='log' status='pass'>
													<td class='status pass' title='pass' alt='pass'><i class='material-icons'>check_circle</i></td>
													<td class='timestamp'>2:41:32 PM</td>
													<td class='step-details'>Missing Timesheet Report Page accessed</td>
												</tr>
												<tr class='log' status='pass'>
													<td class='status pass' title='pass' alt='pass'><i class='material-icons'>check_circle</i></td>
													<td class='timestamp'>2:41:58 PM</td>
													<td class='step-details'>Future Date arrow is not clickable</td>
												</tr>
												<tr class='log' status='pass'>
													<td class='status pass' title='pass' alt='pass'><i class='material-icons'>check_circle</i></td>
													<td class='timestamp'>2:42:20 PM</td>
													<td class='step-details'><span class='label white-text green'><b>Test Case:- testFutureDatesNotVisible Passed</b></span></td>
												</tr>
										</tbody>
									</table>
										<ul class='screenshots'>
												<li><img data-featherlight='E:\Workspace\ReusableTestFramework-timesheet\Screenshots\Missing Report Page.png' width='10%' src='E:\Workspace\ReusableTestFramework-timesheet\Screenshots\Missing Report Page.png' data-src='E:\Workspace\ReusableTestFramework-timesheet\Screenshots\Missing Report Page.png'></li>
												<li><img data-featherlight='E:\Workspace\ReusableTestFramework-timesheet\Screenshots\Future Date.png' width='10%' src='E:\Workspace\ReusableTestFramework-timesheet\Screenshots\Future Date.png' data-src='E:\Workspace\ReusableTestFramework-timesheet\Screenshots\Future Date.png'></li>
										</ul>
								</div>
						</div>
				</li>
				<li class='node level-1 leaf fail' status='fail' test-id='11'>
					<div class='collapsible-header'>
						<h5 class='node-name'>testProjectFilter</h5>
						<span class='test-status right fail'>fail</span>
						<span class='node-duration label grey lighten-1 white-text'>0h 4m 5s+284ms</span>
								<span class='category label white-text'>Regression</span>
								<span class='author label white-text'>Dharmendra</span>
					</div>
						<div class='collapsible-body'>
								<div class='node-steps'>
									<table class='bordered table-results'>
										<thead>
											<tr>
												<th>Status</th>
												<th>Timestamp</th>
												<th>Details</th>
											</tr>
										</thead>
										<tbody>
												<tr class='log' status='info'>
													<td class='status info' title='info' alt='info'><i class='material-icons'>info_outline</i></td>
													<td class='timestamp'>2:42:33 PM</td>
													<td class='step-details'>Execution of Test case- <b>testProjectFilter</b> started.</td>
												</tr>
												<tr class='log' status='info'>
													<td class='status info' title='info' alt='info'><i class='material-icons'>info_outline</i></td>
													<td class='timestamp'>2:42:40 PM</td>
													<td class='step-details'>Navigate to url</td>
												</tr>
												<tr class='log' status='pass'>
													<td class='status pass' title='pass' alt='pass'><i class='material-icons'>check_circle</i></td>
													<td class='timestamp'>2:42:42 PM</td>
													<td class='step-details'>Verify text is entered to Username</td>
												</tr>
												<tr class='log' status='pass'>
													<td class='status pass' title='pass' alt='pass'><i class='material-icons'>check_circle</i></td>
													<td class='timestamp'>2:42:43 PM</td>
													<td class='step-details'>Verify click action on: UserName Next Btn</td>
												</tr>
												<tr class='log' status='pass'>
													<td class='status pass' title='pass' alt='pass'><i class='material-icons'>check_circle</i></td>
													<td class='timestamp'>2:42:53 PM</td>
													<td class='step-details'>Verify text is entered to password</td>
												</tr>
												<tr class='log' status='pass'>
													<td class='status pass' title='pass' alt='pass'><i class='material-icons'>check_circle</i></td>
													<td class='timestamp'>2:42:54 PM</td>
													<td class='step-details'>Verify click action on: Sign In Button</td>
												</tr>
												<tr class='log' status='pass'>
													<td class='status pass' title='pass' alt='pass'><i class='material-icons'>check_circle</i></td>
													<td class='timestamp'>2:43:01 PM</td>
													<td class='step-details'>Verify click action on: Submit Next Btn</td>
												</tr>
												<tr class='log' status='info'>
													<td class='status info' title='info' alt='info'><i class='material-icons'>info_outline</i></td>
													<td class='timestamp'>2:43:14 PM</td>
													<td class='step-details'>Login to application</td>
												</tr>
												<tr class='log' status='pass'>
													<td class='status pass' title='pass' alt='pass'><i class='material-icons'>check_circle</i></td>
													<td class='timestamp'>2:43:25 PM</td>
													<td class='step-details'>Verify click action on: Added new time sheet line</td>
												</tr>
												<tr class='log' status='info'>
													<td class='status info' title='info' alt='info'><i class='material-icons'>info_outline</i></td>
													<td class='timestamp'>2:43:30 PM</td>
													<td class='step-details'>Added new time sheet line</td>
												</tr>
												<tr class='log' status='info'>
													<td class='status info' title='info' alt='info'><i class='material-icons'>info_outline</i></td>
													<td class='timestamp'>2:43:40 PM</td>
													<td class='step-details'>Clicked on New_TimeSheet_Line_Button</td>
												</tr>
												<tr class='log' status='pass'>
													<td class='status pass' title='pass' alt='pass'><i class='material-icons'>check_circle</i></td>
													<td class='timestamp'>2:43:43 PM</td>
													<td class='step-details'>Verify click action on: Category</td>
												</tr>
												<tr class='log' status='pass'>
													<td class='status pass' title='pass' alt='pass'><i class='material-icons'>check_circle</i></td>
													<td class='timestamp'>2:43:44 PM</td>
													<td class='step-details'>Verify text is entered to select_category</td>
												</tr>
												<tr class='log' status='info'>
													<td class='status info' title='info' alt='info'><i class='material-icons'>info_outline</i></td>
													<td class='timestamp'>2:43:45 PM</td>
													<td class='step-details'>Clicked on category_name</td>
												</tr>
												<tr class='log' status='info'>
													<td class='status info' title='info' alt='info'><i class='material-icons'>info_outline</i></td>
													<td class='timestamp'>2:43:45 PM</td>
													<td class='step-details'>Selected Project Name</td>
												</tr>
												<tr class='log' status='pass'>
													<td class='status pass' title='pass' alt='pass'><i class='material-icons'>check_circle</i></td>
													<td class='timestamp'>2:43:50 PM</td>
													<td class='step-details'>Verify click action on: Project Names</td>
												</tr>
												<tr class='log' status='pass'>
													<td class='status pass' title='pass' alt='pass'><i class='material-icons'>check_circle</i></td>
													<td class='timestamp'>2:43:51 PM</td>
													<td class='step-details'>Verify text is entered to Selecct Project</td>
												</tr>
												<tr class='log' status='info'>
													<td class='status info' title='info' alt='info'><i class='material-icons'>info_outline</i></td>
													<td class='timestamp'>2:43:51 PM</td>
													<td class='step-details'>Clicked on project_name</td>
												</tr>
												<tr class='log' status='pass'>
													<td class='status pass' title='pass' alt='pass'><i class='material-icons'>check_circle</i></td>
													<td class='timestamp'>2:43:56 PM</td>
													<td class='step-details'>Verify text is entered to jira_issues Entered</td>
												</tr>
												<tr class='log' status='info'>
													<td class='status info' title='info' alt='info'><i class='material-icons'>info_outline</i></td>
													<td class='timestamp'>2:43:57 PM</td>
													<td class='step-details'>Entered Jira value</td>
												</tr>
												<tr class='log' status='info'>
													<td class='status info' title='info' alt='info'><i class='material-icons'>info_outline</i></td>
													<td class='timestamp'>2:43:57 PM</td>
													<td class='step-details'>Clicked on Save timesheet entry</td>
												</tr>
												<tr class='log' status='info'>
													<td class='status info' title='info' alt='info'><i class='material-icons'>info_outline</i></td>
													<td class='timestamp'>2:43:57 PM</td>
													<td class='step-details'>Clicked on Save_Entry button</td>
												</tr>
												<tr class='log' status='fail'>
													<td class='status fail' title='fail' alt='fail'><i class='material-icons'>cancel</i></td>
													<td class='timestamp'>2:46:38 PM</td>
													<td class='step-details'><details><summary style='cursor: pointer;'><b><font color=red>Exception Occured: Click to see</font></b ></summary>Timed out after 50 seconds. Unable to locate the element<br>[org.openqa.selenium.support.pagefactory.AjaxElementLocator.findElement(AjaxElementLocator.java:90)<br> org.openqa.selenium.support.pagefactory.internal.LocatingElementHandler.invoke(LocatingElementHandler.java:38)<br> com.sun.proxy.$Proxy20.isDisplayed(Unknown Source)<br> com.internal.regression.pages.MyTimePage.addNewTimeSheetLine(MyTimePage.java:309)<br> com.tadigital.timesheet.testcases.MissingTimesheetReportTest.testProjectFilter(MissingTimesheetReportTest.java:177)<br> sun.reflect.NativeMethodAccessorImpl.invoke0(Native Method)<br> sun.reflect.NativeMethodAccessorImpl.invoke(NativeMethodAccessorImpl.java:62)<br> sun.reflect.DelegatingMethodAccessorImpl.invoke(DelegatingMethodAccessorImpl.java:43)<br> java.lang.reflect.Method.invoke(Method.java:498)<br> org.testng.internal.MethodInvocationHelper.invokeMethod(MethodInvocationHelper.java:124)<br> org.testng.internal.Invoker.invokeMethod(Invoker.java:583)<br> org.testng.internal.Invoker.invokeTestMethod(Invoker.java:719)<br> org.testng.internal.Invoker.invokeTestMethods(Invoker.java:989)<br> org.testng.internal.TestMethodWorker.invokeTestMethods(TestMethodWorker.java:125)<br> org.testng.internal.TestMethodWorker.run(TestMethodWorker.java:109)<br> org.testng.TestRunner.privateRun(TestRunner.java:648)<br> org.testng.TestRunner.run(TestRunner.java:505)<br> org.testng.SuiteRunner.runTest(SuiteRunner.java:455)<br> org.testng.SuiteRunner.runSequentially(SuiteRunner.java:450)<br> org.testng.SuiteRunner.privateRun(SuiteRunner.java:415)<br> org.testng.SuiteRunner.run(SuiteRunner.java:364)<br> org.testng.SuiteRunnerWorker.runSuite(SuiteRunnerWorker.java:52)<br> org.testng.SuiteRunnerWorker.run(SuiteRunnerWorker.java:84)<br> org.testng.TestNG.runSuitesSequentially(TestNG.java:1208)<br> org.testng.TestNG.runSuitesLocally(TestNG.java:1137)<br> org.testng.TestNG.runSuites(TestNG.java:1049)<br> org.testng.TestNG.run(TestNG.java:1017)<br> org.testng.remote.AbstractRemoteTestNG.run(AbstractRemoteTestNG.java:114)<br> org.testng.remote.RemoteTestNG.initAndRun(RemoteTestNG.java:251)<br> org.testng.remote.RemoteTestNG.main(RemoteTestNG.java:77)]</details></td>
												</tr>
												<tr class='log' status='fail'>
													<td class='status fail' title='fail' alt='fail'><i class='material-icons'>cancel</i></td>
													<td class='timestamp'>2:46:38 PM</td>
													<td class='step-details'><span class='label white-text red'>This Test case got Failed</span></td>
												</tr>
										</tbody>
									</table>
										<ul class='screenshots'>
												<li><img data-featherlight='E:\Workspace\ReusableTestFramework-timesheet\Screenshots\testProjectFilter.png' width='10%' src='E:\Workspace\ReusableTestFramework-timesheet\Screenshots\testProjectFilter.png' data-src='E:\Workspace\ReusableTestFramework-timesheet\Screenshots\testProjectFilter.png'></li>
										</ul>
								</div>
						</div>
				</li>
				<li class='node level-1 leaf fail' status='fail' test-id='12'>
					<div class='collapsible-header'>
						<h5 class='node-name'>testTimesheetToalEntries</h5>
						<span class='test-status right fail'>fail</span>
						<span class='node-duration label grey lighten-1 white-text'>0h 4m 6s+40ms</span>
								<span class='category label white-text'>Regression</span>
								<span class='author label white-text'>Prabhudatta</span>
					</div>
						<div class='collapsible-body'>
								<div class='node-steps'>
									<table class='bordered table-results'>
										<thead>
											<tr>
												<th>Status</th>
												<th>Timestamp</th>
												<th>Details</th>
											</tr>
										</thead>
										<tbody>
												<tr class='log' status='info'>
													<td class='status info' title='info' alt='info'><i class='material-icons'>info_outline</i></td>
													<td class='timestamp'>2:47:06 PM</td>
													<td class='step-details'>Execution of Test case- <b>testTimesheetToalEntries</b> started.</td>
												</tr>
												<tr class='log' status='info'>
													<td class='status info' title='info' alt='info'><i class='material-icons'>info_outline</i></td>
													<td class='timestamp'>2:47:12 PM</td>
													<td class='step-details'>Navigate to url</td>
												</tr>
												<tr class='log' status='pass'>
													<td class='status pass' title='pass' alt='pass'><i class='material-icons'>check_circle</i></td>
													<td class='timestamp'>2:47:14 PM</td>
													<td class='step-details'>Verify text is entered to Username</td>
												</tr>
												<tr class='log' status='pass'>
													<td class='status pass' title='pass' alt='pass'><i class='material-icons'>check_circle</i></td>
													<td class='timestamp'>2:47:14 PM</td>
													<td class='step-details'>Verify click action on: UserName Next Btn</td>
												</tr>
												<tr class='log' status='pass'>
													<td class='status pass' title='pass' alt='pass'><i class='material-icons'>check_circle</i></td>
													<td class='timestamp'>2:47:25 PM</td>
													<td class='step-details'>Verify text is entered to password</td>
												</tr>
												<tr class='log' status='pass'>
													<td class='status pass' title='pass' alt='pass'><i class='material-icons'>check_circle</i></td>
													<td class='timestamp'>2:47:26 PM</td>
													<td class='step-details'>Verify click action on: Sign In Button</td>
												</tr>
												<tr class='log' status='pass'>
													<td class='status pass' title='pass' alt='pass'><i class='material-icons'>check_circle</i></td>
													<td class='timestamp'>2:47:30 PM</td>
													<td class='step-details'>Verify click action on: Submit Next Btn</td>
												</tr>
												<tr class='log' status='info'>
													<td class='status info' title='info' alt='info'><i class='material-icons'>info_outline</i></td>
													<td class='timestamp'>2:47:44 PM</td>
													<td class='step-details'>Login to application</td>
												</tr>
												<tr class='log' status='pass'>
													<td class='status pass' title='pass' alt='pass'><i class='material-icons'>check_circle</i></td>
													<td class='timestamp'>2:47:54 PM</td>
													<td class='step-details'>Verify click action on: Reports Menu</td>
												</tr>
												<tr class='log' status='info'>
													<td class='status info' title='info' alt='info'><i class='material-icons'>info_outline</i></td>
													<td class='timestamp'>2:47:54 PM</td>
													<td class='step-details'>Clicked on Reports Menu</td>
												</tr>
												<tr class='log' status='pass'>
													<td class='status pass' title='pass' alt='pass'><i class='material-icons'>check_circle</i></td>
													<td class='timestamp'>2:47:54 PM</td>
													<td class='step-details'>Verify click action on: Missing timesheet Report Dropdown</td>
												</tr>
												<tr class='log' status='info'>
													<td class='status info' title='info' alt='info'><i class='material-icons'>info_outline</i></td>
													<td class='timestamp'>2:47:54 PM</td>
													<td class='step-details'>Clicked on Missing timesheet Report Dropdown subMenu</td>
												</tr>
												<tr class='log' status='pass'>
													<td class='status pass' title='pass' alt='pass'><i class='material-icons'>check_circle</i></td>
													<td class='timestamp'>2:48:04 PM</td>
													<td class='step-details'>Missing Timesheet Report Page accessed</td>
												</tr>
												<tr class='log' status='fail'>
													<td class='status fail' title='fail' alt='fail'><i class='material-icons'>cancel</i></td>
													<td class='timestamp'>2:51:12 PM</td>
													<td class='step-details'><details><summary style='cursor: pointer;'><b><font color=red>Exception Occured: Click to see</font></b ></summary>Timed out after 50 seconds. Unable to locate the element<br>[org.openqa.selenium.support.pagefactory.AjaxElementLocator.findElement(AjaxElementLocator.java:90)<br> org.openqa.selenium.support.pagefactory.internal.LocatingElementHandler.invoke(LocatingElementHandler.java:38)<br> com.sun.proxy.$Proxy20.click(Unknown Source)<br> com.framework.ui.pageobjects.BasePage.click(BasePage.java:143)<br> com.internal.regression.pages.MissingTimesheetReportPage.validateEntriesPerPage(MissingTimesheetReportPage.java:189)<br> com.tadigital.timesheet.testcases.MissingTimesheetReportTest.testTimesheetToalEntries(MissingTimesheetReportTest.java:84)<br> sun.reflect.NativeMethodAccessorImpl.invoke0(Native Method)<br> sun.reflect.NativeMethodAccessorImpl.invoke(NativeMethodAccessorImpl.java:62)<br> sun.reflect.DelegatingMethodAccessorImpl.invoke(DelegatingMethodAccessorImpl.java:43)<br> java.lang.reflect.Method.invoke(Method.java:498)<br> org.testng.internal.MethodInvocationHelper.invokeMethod(MethodInvocationHelper.java:124)<br> org.testng.internal.Invoker.invokeMethod(Invoker.java:583)<br> org.testng.internal.Invoker.invokeTestMethod(Invoker.java:719)<br> org.testng.internal.Invoker.invokeTestMethods(Invoker.java:989)<br> org.testng.internal.TestMethodWorker.invokeTestMethods(TestMethodWorker.java:125)<br> org.testng.internal.TestMethodWorker.run(TestMethodWorker.java:109)<br> org.testng.TestRunner.privateRun(TestRunner.java:648)<br> org.testng.TestRunner.run(TestRunner.java:505)<br> org.testng.SuiteRunner.runTest(SuiteRunner.java:455)<br> org.testng.SuiteRunner.runSequentially(SuiteRunner.java:450)<br> org.testng.SuiteRunner.privateRun(SuiteRunner.java:415)<br> org.testng.SuiteRunner.run(SuiteRunner.java:364)<br> org.testng.SuiteRunnerWorker.runSuite(SuiteRunnerWorker.java:52)<br> org.testng.SuiteRunnerWorker.run(SuiteRunnerWorker.java:84)<br> org.testng.TestNG.runSuitesSequentially(TestNG.java:1208)<br> org.testng.TestNG.runSuitesLocally(TestNG.java:1137)<br> org.testng.TestNG.runSuites(TestNG.java:1049)<br> org.testng.TestNG.run(TestNG.java:1017)<br> org.testng.remote.AbstractRemoteTestNG.run(AbstractRemoteTestNG.java:114)<br> org.testng.remote.RemoteTestNG.initAndRun(RemoteTestNG.java:251)<br> org.testng.remote.RemoteTestNG.main(RemoteTestNG.java:77)]</details></td>
												</tr>
												<tr class='log' status='fail'>
													<td class='status fail' title='fail' alt='fail'><i class='material-icons'>cancel</i></td>
													<td class='timestamp'>2:51:12 PM</td>
													<td class='step-details'><span class='label white-text red'>This Test case got Failed</span></td>
												</tr>
										</tbody>
									</table>
										<ul class='screenshots'>
												<li><img data-featherlight='E:\Workspace\ReusableTestFramework-timesheet\Screenshots\Missing Report Page.png' width='10%' src='E:\Workspace\ReusableTestFramework-timesheet\Screenshots\Missing Report Page.png' data-src='E:\Workspace\ReusableTestFramework-timesheet\Screenshots\Missing Report Page.png'></li>
												<li><img data-featherlight='E:\Workspace\ReusableTestFramework-timesheet\Screenshots\testTimesheetToalEntries.png' width='10%' src='E:\Workspace\ReusableTestFramework-timesheet\Screenshots\testTimesheetToalEntries.png' data-src='E:\Workspace\ReusableTestFramework-timesheet\Screenshots\testTimesheetToalEntries.png'></li>
										</ul>
								</div>
						</div>
				</li>
				<li class='node level-1 leaf fail' status='fail' test-id='13'>
					<div class='collapsible-header'>
						<h5 class='node-name'>testWeekndTimeEntry</h5>
						<span class='test-status right fail'>fail</span>
						<span class='node-duration label grey lighten-1 white-text'>0h 4m 11s+188ms</span>
								<span class='category label white-text'>Regression</span>
								<span class='author label white-text'>Prabhudatta</span>
					</div>
						<div class='collapsible-body'>
								<div class='node-steps'>
									<table class='bordered table-results'>
										<thead>
											<tr>
												<th>Status</th>
												<th>Timestamp</th>
												<th>Details</th>
											</tr>
										</thead>
										<tbody>
												<tr class='log' status='info'>
													<td class='status info' title='info' alt='info'><i class='material-icons'>info_outline</i></td>
													<td class='timestamp'>2:51:40 PM</td>
													<td class='step-details'>Execution of Test case- <b>testWeekndTimeEntry</b> started.</td>
												</tr>
												<tr class='log' status='info'>
													<td class='status info' title='info' alt='info'><i class='material-icons'>info_outline</i></td>
													<td class='timestamp'>2:51:46 PM</td>
													<td class='step-details'>Navigate to url</td>
												</tr>
												<tr class='log' status='pass'>
													<td class='status pass' title='pass' alt='pass'><i class='material-icons'>check_circle</i></td>
													<td class='timestamp'>2:51:48 PM</td>
													<td class='step-details'>Verify text is entered to Username</td>
												</tr>
												<tr class='log' status='pass'>
													<td class='status pass' title='pass' alt='pass'><i class='material-icons'>check_circle</i></td>
													<td class='timestamp'>2:51:48 PM</td>
													<td class='step-details'>Verify click action on: UserName Next Btn</td>
												</tr>
												<tr class='log' status='pass'>
													<td class='status pass' title='pass' alt='pass'><i class='material-icons'>check_circle</i></td>
													<td class='timestamp'>2:51:59 PM</td>
													<td class='step-details'>Verify text is entered to password</td>
												</tr>
												<tr class='log' status='pass'>
													<td class='status pass' title='pass' alt='pass'><i class='material-icons'>check_circle</i></td>
													<td class='timestamp'>2:52:00 PM</td>
													<td class='step-details'>Verify click action on: Sign In Button</td>
												</tr>
												<tr class='log' status='pass'>
													<td class='status pass' title='pass' alt='pass'><i class='material-icons'>check_circle</i></td>
													<td class='timestamp'>2:52:04 PM</td>
													<td class='step-details'>Verify click action on: Submit Next Btn</td>
												</tr>
												<tr class='log' status='info'>
													<td class='status info' title='info' alt='info'><i class='material-icons'>info_outline</i></td>
													<td class='timestamp'>2:52:22 PM</td>
													<td class='step-details'>Login to application</td>
												</tr>
												<tr class='log' status='pass'>
													<td class='status pass' title='pass' alt='pass'><i class='material-icons'>check_circle</i></td>
													<td class='timestamp'>2:52:33 PM</td>
													<td class='step-details'>Verify click action on: Reports Menu</td>
												</tr>
												<tr class='log' status='info'>
													<td class='status info' title='info' alt='info'><i class='material-icons'>info_outline</i></td>
													<td class='timestamp'>2:52:33 PM</td>
													<td class='step-details'>Clicked on Reports Menu</td>
												</tr>
												<tr class='log' status='pass'>
													<td class='status pass' title='pass' alt='pass'><i class='material-icons'>check_circle</i></td>
													<td class='timestamp'>2:52:33 PM</td>
													<td class='step-details'>Verify click action on: Missing timesheet Report Dropdown</td>
												</tr>
												<tr class='log' status='info'>
													<td class='status info' title='info' alt='info'><i class='material-icons'>info_outline</i></td>
													<td class='timestamp'>2:52:33 PM</td>
													<td class='step-details'>Clicked on Missing timesheet Report Dropdown subMenu</td>
												</tr>
												<tr class='log' status='pass'>
													<td class='status pass' title='pass' alt='pass'><i class='material-icons'>check_circle</i></td>
													<td class='timestamp'>2:52:43 PM</td>
													<td class='step-details'>Missing Timesheet Report Page accessed</td>
												</tr>
												<tr class='log' status='fail'>
													<td class='status fail' title='fail' alt='fail'><i class='material-icons'>cancel</i></td>
													<td class='timestamp'>2:55:51 PM</td>
													<td class='step-details'><details><summary style='cursor: pointer;'><b><font color=red>Exception Occured: Click to see</font></b ></summary>Timed out after 50 seconds. Unable to locate the element<br>[org.openqa.selenium.support.pagefactory.AjaxElementLocator.findElement(AjaxElementLocator.java:90)<br> org.openqa.selenium.support.pagefactory.internal.LocatingElementHandler.invoke(LocatingElementHandler.java:38)<br> com.sun.proxy.$Proxy20.click(Unknown Source)<br> com.framework.ui.pageobjects.BasePage.click(BasePage.java:143)<br> com.internal.regression.pages.MissingTimesheetReportPage.validateEntriesPerPage(MissingTimesheetReportPage.java:189)<br> com.tadigital.timesheet.testcases.MissingTimesheetReportTest.testWeekndTimeEntry(MissingTimesheetReportTest.java:128)<br> sun.reflect.NativeMethodAccessorImpl.invoke0(Native Method)<br> sun.reflect.NativeMethodAccessorImpl.invoke(NativeMethodAccessorImpl.java:62)<br> sun.reflect.DelegatingMethodAccessorImpl.invoke(DelegatingMethodAccessorImpl.java:43)<br> java.lang.reflect.Method.invoke(Method.java:498)<br> org.testng.internal.MethodInvocationHelper.invokeMethod(MethodInvocationHelper.java:124)<br> org.testng.internal.Invoker.invokeMethod(Invoker.java:583)<br> org.testng.internal.Invoker.invokeTestMethod(Invoker.java:719)<br> org.testng.internal.Invoker.invokeTestMethods(Invoker.java:989)<br> org.testng.internal.TestMethodWorker.invokeTestMethods(TestMethodWorker.java:125)<br> org.testng.internal.TestMethodWorker.run(TestMethodWorker.java:109)<br> org.testng.TestRunner.privateRun(TestRunner.java:648)<br> org.testng.TestRunner.run(TestRunner.java:505)<br> org.testng.SuiteRunner.runTest(SuiteRunner.java:455)<br> org.testng.SuiteRunner.runSequentially(SuiteRunner.java:450)<br> org.testng.SuiteRunner.privateRun(SuiteRunner.java:415)<br> org.testng.SuiteRunner.run(SuiteRunner.java:364)<br> org.testng.SuiteRunnerWorker.runSuite(SuiteRunnerWorker.java:52)<br> org.testng.SuiteRunnerWorker.run(SuiteRunnerWorker.java:84)<br> org.testng.TestNG.runSuitesSequentially(TestNG.java:1208)<br> org.testng.TestNG.runSuitesLocally(TestNG.java:1137)<br> org.testng.TestNG.runSuites(TestNG.java:1049)<br> org.testng.TestNG.run(TestNG.java:1017)<br> org.testng.remote.AbstractRemoteTestNG.run(AbstractRemoteTestNG.java:114)<br> org.testng.remote.RemoteTestNG.initAndRun(RemoteTestNG.java:251)<br> org.testng.remote.RemoteTestNG.main(RemoteTestNG.java:77)]</details></td>
												</tr>
												<tr class='log' status='fail'>
													<td class='status fail' title='fail' alt='fail'><i class='material-icons'>cancel</i></td>
													<td class='timestamp'>2:55:51 PM</td>
													<td class='step-details'><span class='label white-text red'>This Test case got Failed</span></td>
												</tr>
										</tbody>
									</table>
										<ul class='screenshots'>
												<li><img data-featherlight='E:\Workspace\ReusableTestFramework-timesheet\Screenshots\Missing Report Page.png' width='10%' src='E:\Workspace\ReusableTestFramework-timesheet\Screenshots\Missing Report Page.png' data-src='E:\Workspace\ReusableTestFramework-timesheet\Screenshots\Missing Report Page.png'></li>
												<li><img data-featherlight='E:\Workspace\ReusableTestFramework-timesheet\Screenshots\testWeekndTimeEntry.png' width='10%' src='E:\Workspace\ReusableTestFramework-timesheet\Screenshots\testWeekndTimeEntry.png' data-src='E:\Workspace\ReusableTestFramework-timesheet\Screenshots\testWeekndTimeEntry.png'></li>
										</ul>
								</div>
						</div>
				</li>
	</ul>
					</div>
				</li>
				
				
				<li class='test displayed active has-leaf error' status='error' bdd='false' test-id='14'>
					<div class='test-heading'>
						<span class='test-name'>CopyTimesheetTest</span>
						<span class='test-time'>May 11, 2020 02:56:14 PM</span>
						<span class='test-status right error'>error</span>
					</div>
					<div class='test-content hide'>
<div class='test-time-info'>
	<span class='label start-time'>May 11, 2020 02:56:14 PM</span>
	<span class='label end-time'>May 11, 2020 03:03:42 PM</span>
	<span class='label time-taken grey lighten-1 white-text'>0h 7m 28s+298ms</span>
</div>
	<ul class='collapsible node-list' data-collapsible='accordion'>
		
				<li class='node level-1 leaf error' status='error' test-id='15'>
					<div class='collapsible-header'>
						<h5 class='node-name'>copyTimeSheet</h5>
						<span class='test-status right error'>error</span>
						<span class='node-duration label grey lighten-1 white-text'>0h 7m 23s+152ms</span>
								<span class='category label white-text'>Smoke</span>
								<span class='author label white-text'>Dharmendra</span>
					</div>
						<div class='collapsible-body'>
								<div class='node-steps'>
									<table class='bordered table-results'>
										<thead>
											<tr>
												<th>Status</th>
												<th>Timestamp</th>
												<th>Details</th>
											</tr>
										</thead>
										<tbody>
												<tr class='log' status='info'>
													<td class='status info' title='info' alt='info'><i class='material-icons'>info_outline</i></td>
													<td class='timestamp'>2:56:19 PM</td>
													<td class='step-details'>Execution of Test case- <b>copyTimeSheet</b> started.</td>
												</tr>
												<tr class='log' status='info'>
													<td class='status info' title='info' alt='info'><i class='material-icons'>info_outline</i></td>
													<td class='timestamp'>2:56:26 PM</td>
													<td class='step-details'>Navigate to url</td>
												</tr>
												<tr class='log' status='pass'>
													<td class='status pass' title='pass' alt='pass'><i class='material-icons'>check_circle</i></td>
													<td class='timestamp'>2:56:29 PM</td>
													<td class='step-details'>Verify text is entered to Username</td>
												</tr>
												<tr class='log' status='pass'>
													<td class='status pass' title='pass' alt='pass'><i class='material-icons'>check_circle</i></td>
													<td class='timestamp'>2:56:30 PM</td>
													<td class='step-details'>Verify click action on: UserName Next Btn</td>
												</tr>
												<tr class='log' status='pass'>
													<td class='status pass' title='pass' alt='pass'><i class='material-icons'>check_circle</i></td>
													<td class='timestamp'>2:56:40 PM</td>
													<td class='step-details'>Verify text is entered to password</td>
												</tr>
												<tr class='log' status='pass'>
													<td class='status pass' title='pass' alt='pass'><i class='material-icons'>check_circle</i></td>
													<td class='timestamp'>2:56:42 PM</td>
													<td class='step-details'>Verify click action on: Sign In Button</td>
												</tr>
												<tr class='log' status='pass'>
													<td class='status pass' title='pass' alt='pass'><i class='material-icons'>check_circle</i></td>
													<td class='timestamp'>2:56:46 PM</td>
													<td class='step-details'>Verify click action on: Submit Next Btn</td>
												</tr>
												<tr class='log' status='info'>
													<td class='status info' title='info' alt='info'><i class='material-icons'>info_outline</i></td>
													<td class='timestamp'>2:57:00 PM</td>
													<td class='step-details'>Login to application</td>
												</tr>
												<tr class='log' status='info'>
													<td class='status info' title='info' alt='info'><i class='material-icons'>info_outline</i></td>
													<td class='timestamp'>2:57:23 PM</td>
													<td class='step-details'>Clicked on Delete Timesheet Line</td>
												</tr>
												<tr class='log' status='pass'>
													<td class='status pass' title='pass' alt='pass'><i class='material-icons'>check_circle</i></td>
													<td class='timestamp'>2:57:34 PM</td>
													<td class='step-details'>Verify click action on: Confirm Delete Timesheet Line</td>
												</tr>
												<tr class='log' status='pass'>
													<td class='status pass' title='pass' alt='pass'><i class='material-icons'>check_circle</i></td>
													<td class='timestamp'>2:57:34 PM</td>
													<td class='step-details'>Successfully deleted existing time sheet entry line</td>
												</tr>
												<tr class='log' status='info'>
													<td class='status info' title='info' alt='info'><i class='material-icons'>info_outline</i></td>
													<td class='timestamp'>2:57:48 PM</td>
													<td class='step-details'>Clicked on copy_timesheet_button</td>
												</tr>
												<tr class='log' status='info'>
													<td class='status info' title='info' alt='info'><i class='material-icons'>info_outline</i></td>
													<td class='timestamp'>2:57:48 PM</td>
													<td class='step-details'>Clicked on copy timesheet button</td>
												</tr>
												<tr class='log' status='error'>
													<td class='status error' title='error' alt='error'><i class='material-icons'>error</i></td>
													<td class='timestamp'>3:00:30 PM</td>
													<td class='step-details'>java.lang.reflect.InvocationTargetException
Build info: version: '3.141.59', revision: 'e82be7d358', time: '2018-11-14T08:17:03'
System info: host: 'TECH-LP-620', ip: '177.16.0.79', os.name: 'Windows 10', os.arch: 'amd64', os.version: '10.0', java.version: '1.8.0_191'
Driver info: driver.version: RemoteWebDriver</td>
												</tr>
												<tr class='log' status='info'>
													<td class='status info' title='info' alt='info'><i class='material-icons'>info_outline</i></td>
													<td class='timestamp'>3:00:31 PM</td>
													<td class='step-details'>checked billable_checkbox</td>
												</tr>
												<tr class='log' status='error'>
													<td class='status error' title='error' alt='error'><i class='material-icons'>error</i></td>
													<td class='timestamp'>3:03:13 PM</td>
													<td class='step-details'>java.lang.reflect.InvocationTargetException
Build info: version: '3.141.59', revision: 'e82be7d358', time: '2018-11-14T08:17:03'
System info: host: 'TECH-LP-620', ip: '177.16.0.79', os.name: 'Windows 10', os.arch: 'amd64', os.version: '10.0', java.version: '1.8.0_191'
Driver info: driver.version: RemoteWebDriver</td>
												</tr>
												<tr class='log' status='info'>
													<td class='status info' title='info' alt='info'><i class='material-icons'>info_outline</i></td>
													<td class='timestamp'>3:03:13 PM</td>
													<td class='step-details'>checked time & comments_checkbox</td>
												</tr>
												<tr class='log' status='pass'>
													<td class='status pass' title='pass' alt='pass'><i class='material-icons'>check_circle</i></td>
													<td class='timestamp'>3:03:20 PM</td>
													<td class='step-details'>Verify click action on: save_timesheet_button</td>
												</tr>
												<tr class='log' status='pass'>
													<td class='status pass' title='pass' alt='pass'><i class='material-icons'>check_circle</i></td>
													<td class='timestamp'>3:03:20 PM</td>
													<td class='step-details'>Save the timesheet</td>
												</tr>
												<tr class='log' status='pass'>
													<td class='status pass' title='pass' alt='pass'><i class='material-icons'>check_circle</i></td>
													<td class='timestamp'>3:03:42 PM</td>
													<td class='step-details'><span class='label white-text green'><b>Test Case:- copyTimeSheet Passed</b></span></td>
												</tr>
										</tbody>
									</table>
										<ul class='screenshots'>
												<li><img data-featherlight='E:\Workspace\ReusableTestFramework-timesheet\Screenshots\Delete timesheet.png' width='10%' src='E:\Workspace\ReusableTestFramework-timesheet\Screenshots\Delete timesheet.png' data-src='E:\Workspace\ReusableTestFramework-timesheet\Screenshots\Delete timesheet.png'></li>
												<li><img data-featherlight='E:\Workspace\ReusableTestFramework-timesheet\Screenshots\Copy timesheet.png' width='10%' src='E:\Workspace\ReusableTestFramework-timesheet\Screenshots\Copy timesheet.png' data-src='E:\Workspace\ReusableTestFramework-timesheet\Screenshots\Copy timesheet.png'></li>
										</ul>
								</div>
						</div>
				</li>
	</ul>
					</div>
				</li>
				
				
				<li class='test displayed active has-leaf fail' status='fail' bdd='false' test-id='16'>
					<div class='test-heading'>
						<span class='test-name'>TimeSheetSubmitTest</span>
						<span class='test-time'>May 11, 2020 03:03:44 PM</span>
						<span class='test-status right fail'>fail</span>
					</div>
					<div class='test-content hide'>
<div class='test-time-info'>
	<span class='label start-time'>May 11, 2020 03:03:44 PM</span>
	<span class='label end-time'>May 11, 2020 03:23:13 PM</span>
	<span class='label time-taken grey lighten-1 white-text'>0h 19m 28s+724ms</span>
</div>
	<ul class='collapsible node-list' data-collapsible='accordion'>
		
				<li class='node level-1 leaf error' status='error' test-id='17'>
					<div class='collapsible-header'>
						<h5 class='node-name'>testDeleteTimeSheet</h5>
						<span class='test-status right error'>error</span>
						<span class='node-duration label grey lighten-1 white-text'>0h 3m 52s+811ms</span>
								<span class='category label white-text'>Smoke</span>
								<span class='author label white-text'>Prabhudatta</span>
					</div>
						<div class='collapsible-body'>
								<div class='node-steps'>
									<table class='bordered table-results'>
										<thead>
											<tr>
												<th>Status</th>
												<th>Timestamp</th>
												<th>Details</th>
											</tr>
										</thead>
										<tbody>
												<tr class='log' status='info'>
													<td class='status info' title='info' alt='info'><i class='material-icons'>info_outline</i></td>
													<td class='timestamp'>3:03:49 PM</td>
													<td class='step-details'>Execution of Test case- <b>testDeleteTimeSheet</b> started.</td>
												</tr>
												<tr class='log' status='info'>
													<td class='status info' title='info' alt='info'><i class='material-icons'>info_outline</i></td>
													<td class='timestamp'>3:03:50 PM</td>
													<td class='step-details'>starting testDeleteTimeSheet</td>
												</tr>
												<tr class='log' status='info'>
													<td class='status info' title='info' alt='info'><i class='material-icons'>info_outline</i></td>
													<td class='timestamp'>3:03:57 PM</td>
													<td class='step-details'>Navigate to url</td>
												</tr>
												<tr class='log' status='pass'>
													<td class='status pass' title='pass' alt='pass'><i class='material-icons'>check_circle</i></td>
													<td class='timestamp'>3:03:58 PM</td>
													<td class='step-details'>Verify text is entered to Username</td>
												</tr>
												<tr class='log' status='pass'>
													<td class='status pass' title='pass' alt='pass'><i class='material-icons'>check_circle</i></td>
													<td class='timestamp'>3:03:59 PM</td>
													<td class='step-details'>Verify click action on: UserName Next Btn</td>
												</tr>
												<tr class='log' status='pass'>
													<td class='status pass' title='pass' alt='pass'><i class='material-icons'>check_circle</i></td>
													<td class='timestamp'>3:04:09 PM</td>
													<td class='step-details'>Verify text is entered to password</td>
												</tr>
												<tr class='log' status='pass'>
													<td class='status pass' title='pass' alt='pass'><i class='material-icons'>check_circle</i></td>
													<td class='timestamp'>3:04:11 PM</td>
													<td class='step-details'>Verify click action on: Sign In Button</td>
												</tr>
												<tr class='log' status='pass'>
													<td class='status pass' title='pass' alt='pass'><i class='material-icons'>check_circle</i></td>
													<td class='timestamp'>3:04:15 PM</td>
													<td class='step-details'>Verify click action on: Submit Next Btn</td>
												</tr>
												<tr class='log' status='info'>
													<td class='status info' title='info' alt='info'><i class='material-icons'>info_outline</i></td>
													<td class='timestamp'>3:04:28 PM</td>
													<td class='step-details'>Login to application</td>
												</tr>
												<tr class='log' status='error'>
													<td class='status error' title='error' alt='error'><i class='material-icons'>error</i></td>
													<td class='timestamp'>3:07:31 PM</td>
													<td class='step-details'>isElementPresentAndDisplay EXCEPTION : org.openqa.selenium.NoSuchElementException: Timed out after 50 seconds. Unable to locate the element</td>
												</tr>
												<tr class='log' status='info'>
													<td class='status info' title='info' alt='info'><i class='material-icons'>info_outline</i></td>
													<td class='timestamp'>3:07:31 PM</td>
													<td class='step-details'>There are no existing timesheet line present to delete</td>
												</tr>
												<tr class='log' status='info'>
													<td class='status info' title='info' alt='info'><i class='material-icons'>info_outline</i></td>
													<td class='timestamp'>3:07:42 PM</td>
													<td class='step-details'>Completing execution testDeleteTimeSheet</td>
												</tr>
												<tr class='log' status='pass'>
													<td class='status pass' title='pass' alt='pass'><i class='material-icons'>check_circle</i></td>
													<td class='timestamp'>3:07:42 PM</td>
													<td class='step-details'><span class='label white-text green'><b>Test Case:- testDeleteTimeSheet Passed</b></span></td>
												</tr>
										</tbody>
									</table>
										<ul class='screenshots'>
												<li><img data-featherlight='E:\Workspace\ReusableTestFramework-timesheet\Screenshots\Delete timesheet.png' width='10%' src='E:\Workspace\ReusableTestFramework-timesheet\Screenshots\Delete timesheet.png' data-src='E:\Workspace\ReusableTestFramework-timesheet\Screenshots\Delete timesheet.png'></li>
										</ul>
								</div>
						</div>
				</li>
				<li class='node level-1 leaf fail' status='fail' test-id='18'>
					<div class='collapsible-header'>
						<h5 class='node-name'>testTimeSheetSubmit</h5>
						<span class='test-status right fail'>fail</span>
						<span class='node-duration label grey lighten-1 white-text'>0h 3m 28s+569ms</span>
								<span class='category label white-text'>Regression</span>
								<span class='author label white-text'>Prabhudatta</span>
					</div>
						<div class='collapsible-body'>
								<div class='node-steps'>
									<table class='bordered table-results'>
										<thead>
											<tr>
												<th>Status</th>
												<th>Timestamp</th>
												<th>Details</th>
											</tr>
										</thead>
										<tbody>
												<tr class='log' status='info'>
													<td class='status info' title='info' alt='info'><i class='material-icons'>info_outline</i></td>
													<td class='timestamp'>3:07:50 PM</td>
													<td class='step-details'>Execution of Test case- <b>testTimeSheetSubmit</b> started.</td>
												</tr>
												<tr class='log' status='info'>
													<td class='status info' title='info' alt='info'><i class='material-icons'>info_outline</i></td>
													<td class='timestamp'>3:07:50 PM</td>
													<td class='step-details'>starting testTimeSheetSubmit</td>
												</tr>
												<tr class='log' status='info'>
													<td class='status info' title='info' alt='info'><i class='material-icons'>info_outline</i></td>
													<td class='timestamp'>3:07:59 PM</td>
													<td class='step-details'>Navigate to url</td>
												</tr>
												<tr class='log' status='pass'>
													<td class='status pass' title='pass' alt='pass'><i class='material-icons'>check_circle</i></td>
													<td class='timestamp'>3:08:00 PM</td>
													<td class='step-details'>Verify text is entered to Username</td>
												</tr>
												<tr class='log' status='pass'>
													<td class='status pass' title='pass' alt='pass'><i class='material-icons'>check_circle</i></td>
													<td class='timestamp'>3:08:01 PM</td>
													<td class='step-details'>Verify click action on: UserName Next Btn</td>
												</tr>
												<tr class='log' status='pass'>
													<td class='status pass' title='pass' alt='pass'><i class='material-icons'>check_circle</i></td>
													<td class='timestamp'>3:08:11 PM</td>
													<td class='step-details'>Verify text is entered to password</td>
												</tr>
												<tr class='log' status='pass'>
													<td class='status pass' title='pass' alt='pass'><i class='material-icons'>check_circle</i></td>
													<td class='timestamp'>3:08:13 PM</td>
													<td class='step-details'>Verify click action on: Sign In Button</td>
												</tr>
												<tr class='log' status='pass'>
													<td class='status pass' title='pass' alt='pass'><i class='material-icons'>check_circle</i></td>
													<td class='timestamp'>3:08:18 PM</td>
													<td class='step-details'>Verify click action on: Submit Next Btn</td>
												</tr>
												<tr class='log' status='info'>
													<td class='status info' title='info' alt='info'><i class='material-icons'>info_outline</i></td>
													<td class='timestamp'>3:08:36 PM</td>
													<td class='step-details'>Login to application</td>
												</tr>
												<tr class='log' status='info'>
													<td class='status info' title='info' alt='info'><i class='material-icons'>info_outline</i></td>
													<td class='timestamp'>3:08:37 PM</td>
													<td class='step-details'>Executing Presence of all Elements om My Time page</td>
												</tr>
												<tr class='log' status='pass'>
													<td class='status pass' title='pass' alt='pass'><i class='material-icons'>check_circle</i></td>
													<td class='timestamp'>3:08:37 PM</td>
													<td class='step-details'>copy_timesheet_button found</td>
												</tr>
												<tr class='log' status='fail'>
													<td class='status fail' title='fail' alt='fail'><i class='material-icons'>cancel</i></td>
													<td class='timestamp'>3:11:18 PM</td>
													<td class='step-details'><details><summary style='cursor: pointer;'><b><font color=red>Exception Occured: Click to see</font></b ></summary>Timed out after 50 seconds. Unable to locate the element<br>[org.openqa.selenium.support.pagefactory.AjaxElementLocator.findElement(AjaxElementLocator.java:90)<br> org.openqa.selenium.support.pagefactory.internal.LocatingElementHandler.invoke(LocatingElementHandler.java:38)<br> com.sun.proxy.$Proxy20.isDisplayed(Unknown Source)<br> com.internal.regression.pages.MyTimePage.validate_All_Elements_Presence(MyTimePage.java:244)<br> com.tadigital.timesheet.testcases.TimeSheetSubmitTest.testTimeSheetSubmit(TimeSheetSubmitTest.java:41)<br> sun.reflect.NativeMethodAccessorImpl.invoke0(Native Method)<br> sun.reflect.NativeMethodAccessorImpl.invoke(NativeMethodAccessorImpl.java:62)<br> sun.reflect.DelegatingMethodAccessorImpl.invoke(DelegatingMethodAccessorImpl.java:43)<br> java.lang.reflect.Method.invoke(Method.java:498)<br> org.testng.internal.MethodInvocationHelper.invokeMethod(MethodInvocationHelper.java:124)<br> org.testng.internal.Invoker.invokeMethod(Invoker.java:583)<br> org.testng.internal.Invoker.invokeTestMethod(Invoker.java:719)<br> org.testng.internal.Invoker.invokeTestMethods(Invoker.java:989)<br> org.testng.internal.TestMethodWorker.invokeTestMethods(TestMethodWorker.java:125)<br> org.testng.internal.TestMethodWorker.run(TestMethodWorker.java:109)<br> org.testng.TestRunner.privateRun(TestRunner.java:648)<br> org.testng.TestRunner.run(TestRunner.java:505)<br> org.testng.SuiteRunner.runTest(SuiteRunner.java:455)<br> org.testng.SuiteRunner.runSequentially(SuiteRunner.java:450)<br> org.testng.SuiteRunner.privateRun(SuiteRunner.java:415)<br> org.testng.SuiteRunner.run(SuiteRunner.java:364)<br> org.testng.SuiteRunnerWorker.runSuite(SuiteRunnerWorker.java:52)<br> org.testng.SuiteRunnerWorker.run(SuiteRunnerWorker.java:84)<br> org.testng.TestNG.runSuitesSequentially(TestNG.java:1208)<br> org.testng.TestNG.runSuitesLocally(TestNG.java:1137)<br> org.testng.TestNG.runSuites(TestNG.java:1049)<br> org.testng.TestNG.run(TestNG.java:1017)<br> org.testng.remote.AbstractRemoteTestNG.run(AbstractRemoteTestNG.java:114)<br> org.testng.remote.RemoteTestNG.initAndRun(RemoteTestNG.java:251)<br> org.testng.remote.RemoteTestNG.main(RemoteTestNG.java:77)]</details></td>
												</tr>
												<tr class='log' status='fail'>
													<td class='status fail' title='fail' alt='fail'><i class='material-icons'>cancel</i></td>
													<td class='timestamp'>3:11:18 PM</td>
													<td class='step-details'><span class='label white-text red'>This Test case got Failed</span></td>
												</tr>
										</tbody>
									</table>
										<ul class='screenshots'>
												<li><img data-featherlight='E:\Workspace\ReusableTestFramework-timesheet\Screenshots\testTimeSheetSubmit.png' width='10%' src='E:\Workspace\ReusableTestFramework-timesheet\Screenshots\testTimeSheetSubmit.png' data-src='E:\Workspace\ReusableTestFramework-timesheet\Screenshots\testTimeSheetSubmit.png'></li>
										</ul>
								</div>
						</div>
				</li>
				<li class='node level-1 leaf error' status='error' test-id='19'>
					<div class='collapsible-header'>
						<h5 class='node-name'>testTimeSheetTotalHrs</h5>
						<span class='test-status right error'>error</span>
						<span class='node-duration label grey lighten-1 white-text'>0h 7m 50s+815ms</span>
								<span class='category label white-text'>Regression</span>
								<span class='author label white-text'>Prabhudatta</span>
					</div>
						<div class='collapsible-body'>
								<div class='node-steps'>
									<table class='bordered table-results'>
										<thead>
											<tr>
												<th>Status</th>
												<th>Timestamp</th>
												<th>Details</th>
											</tr>
										</thead>
										<tbody>
												<tr class='log' status='info'>
													<td class='status info' title='info' alt='info'><i class='material-icons'>info_outline</i></td>
													<td class='timestamp'>3:11:47 PM</td>
													<td class='step-details'>Execution of Test case- <b>testTimeSheetTotalHrs</b> started.</td>
												</tr>
												<tr class='log' status='info'>
													<td class='status info' title='info' alt='info'><i class='material-icons'>info_outline</i></td>
													<td class='timestamp'>3:11:48 PM</td>
													<td class='step-details'>starting testTimeSheetTotalHrs</td>
												</tr>
												<tr class='log' status='info'>
													<td class='status info' title='info' alt='info'><i class='material-icons'>info_outline</i></td>
													<td class='timestamp'>3:11:55 PM</td>
													<td class='step-details'>Navigate to url</td>
												</tr>
												<tr class='log' status='pass'>
													<td class='status pass' title='pass' alt='pass'><i class='material-icons'>check_circle</i></td>
													<td class='timestamp'>3:11:57 PM</td>
													<td class='step-details'>Verify text is entered to Username</td>
												</tr>
												<tr class='log' status='pass'>
													<td class='status pass' title='pass' alt='pass'><i class='material-icons'>check_circle</i></td>
													<td class='timestamp'>3:11:58 PM</td>
													<td class='step-details'>Verify click action on: UserName Next Btn</td>
												</tr>
												<tr class='log' status='pass'>
													<td class='status pass' title='pass' alt='pass'><i class='material-icons'>check_circle</i></td>
													<td class='timestamp'>3:12:08 PM</td>
													<td class='step-details'>Verify text is entered to password</td>
												</tr>
												<tr class='log' status='pass'>
													<td class='status pass' title='pass' alt='pass'><i class='material-icons'>check_circle</i></td>
													<td class='timestamp'>3:12:10 PM</td>
													<td class='step-details'>Verify click action on: Sign In Button</td>
												</tr>
												<tr class='log' status='pass'>
													<td class='status pass' title='pass' alt='pass'><i class='material-icons'>check_circle</i></td>
													<td class='timestamp'>3:12:15 PM</td>
													<td class='step-details'>Verify click action on: Submit Next Btn</td>
												</tr>
												<tr class='log' status='info'>
													<td class='status info' title='info' alt='info'><i class='material-icons'>info_outline</i></td>
													<td class='timestamp'>3:12:34 PM</td>
													<td class='step-details'>Login to application</td>
												</tr>
												<tr class='log' status='error'>
													<td class='status error' title='error' alt='error'><i class='material-icons'>error</i></td>
													<td class='timestamp'>3:15:47 PM</td>
													<td class='step-details'>isElementPresentAndDisplay EXCEPTION : org.openqa.selenium.NoSuchElementException: Timed out after 50 seconds. Unable to locate the element</td>
												</tr>
												<tr class='log' status='info'>
													<td class='status info' title='info' alt='info'><i class='material-icons'>info_outline</i></td>
													<td class='timestamp'>3:15:48 PM</td>
													<td class='step-details'>There are no existing timesheet line present to delete</td>
												</tr>
												<tr class='log' status='info'>
													<td class='status info' title='info' alt='info'><i class='material-icons'>info_outline</i></td>
													<td class='timestamp'>3:15:58 PM</td>
													<td class='step-details'>Existing Timesheet Deleted</td>
												</tr>
												<tr class='log' status='pass'>
													<td class='status pass' title='pass' alt='pass'><i class='material-icons'>check_circle</i></td>
													<td class='timestamp'>3:16:09 PM</td>
													<td class='step-details'>Verify click action on: Added new time sheet line</td>
												</tr>
												<tr class='log' status='info'>
													<td class='status info' title='info' alt='info'><i class='material-icons'>info_outline</i></td>
													<td class='timestamp'>3:16:09 PM</td>
													<td class='step-details'>Added new time sheet line</td>
												</tr>
												<tr class='log' status='pass'>
													<td class='status pass' title='pass' alt='pass'><i class='material-icons'>check_circle</i></td>
													<td class='timestamp'>3:16:23 PM</td>
													<td class='step-details'>Verify click action on: Category</td>
												</tr>
												<tr class='log' status='pass'>
													<td class='status pass' title='pass' alt='pass'><i class='material-icons'>check_circle</i></td>
													<td class='timestamp'>3:16:23 PM</td>
													<td class='step-details'>Verify text is entered to select_category</td>
												</tr>
												<tr class='log' status='info'>
													<td class='status info' title='info' alt='info'><i class='material-icons'>info_outline</i></td>
													<td class='timestamp'>3:16:24 PM</td>
													<td class='step-details'>Clicked on category_name</td>
												</tr>
												<tr class='log' status='info'>
													<td class='status info' title='info' alt='info'><i class='material-icons'>info_outline</i></td>
													<td class='timestamp'>3:16:24 PM</td>
													<td class='step-details'>Selected Project Name</td>
												</tr>
												<tr class='log' status='pass'>
													<td class='status pass' title='pass' alt='pass'><i class='material-icons'>check_circle</i></td>
													<td class='timestamp'>3:16:30 PM</td>
													<td class='step-details'>Verify click action on: Project Names</td>
												</tr>
												<tr class='log' status='pass'>
													<td class='status pass' title='pass' alt='pass'><i class='material-icons'>check_circle</i></td>
													<td class='timestamp'>3:16:31 PM</td>
													<td class='step-details'>Verify text is entered to Selecct Project</td>
												</tr>
												<tr class='log' status='info'>
													<td class='status info' title='info' alt='info'><i class='material-icons'>info_outline</i></td>
													<td class='timestamp'>3:16:31 PM</td>
													<td class='step-details'>Clicked on project_name</td>
												</tr>
												<tr class='log' status='pass'>
													<td class='status pass' title='pass' alt='pass'><i class='material-icons'>check_circle</i></td>
													<td class='timestamp'>3:16:37 PM</td>
													<td class='step-details'>Verify text is entered to jira_issues Entered</td>
												</tr>
												<tr class='log' status='info'>
													<td class='status info' title='info' alt='info'><i class='material-icons'>info_outline</i></td>
													<td class='timestamp'>3:16:37 PM</td>
													<td class='step-details'>Entered Jira value</td>
												</tr>
												<tr class='log' status='info'>
													<td class='status info' title='info' alt='info'><i class='material-icons'>info_outline</i></td>
													<td class='timestamp'>3:16:37 PM</td>
													<td class='step-details'>Clicked on Save timesheet entry</td>
												</tr>
												<tr class='log' status='info'>
													<td class='status info' title='info' alt='info'><i class='material-icons'>info_outline</i></td>
													<td class='timestamp'>3:16:38 PM</td>
													<td class='step-details'>Clicked on Save_Entry button</td>
												</tr>
												<tr class='log' status='pass'>
													<td class='status pass' title='pass' alt='pass'><i class='material-icons'>check_circle</i></td>
													<td class='timestamp'>3:16:39 PM</td>
													<td class='step-details'>Task is added properly Last saved at 03:16 PM</td>
												</tr>
												<tr class='log' status='pass'>
													<td class='status pass' title='pass' alt='pass'><i class='material-icons'>check_circle</i></td>
													<td class='timestamp'>3:17:04 PM</td>
													<td class='step-details'>Verify click action on: timesheet line again</td>
												</tr>
												<tr class='log' status='info'>
													<td class='status info' title='info' alt='info'><i class='material-icons'>info_outline</i></td>
													<td class='timestamp'>3:17:04 PM</td>
													<td class='step-details'>Added another new time sheet line</td>
												</tr>
												<tr class='log' status='pass'>
													<td class='status pass' title='pass' alt='pass'><i class='material-icons'>check_circle</i></td>
													<td class='timestamp'>3:17:20 PM</td>
													<td class='step-details'>Verify click action on: Category</td>
												</tr>
												<tr class='log' status='pass'>
													<td class='status pass' title='pass' alt='pass'><i class='material-icons'>check_circle</i></td>
													<td class='timestamp'>3:17:21 PM</td>
													<td class='step-details'>Verify text is entered to select_category</td>
												</tr>
												<tr class='log' status='info'>
													<td class='status info' title='info' alt='info'><i class='material-icons'>info_outline</i></td>
													<td class='timestamp'>3:17:21 PM</td>
													<td class='step-details'>Clicked on category_name</td>
												</tr>
												<tr class='log' status='info'>
													<td class='status info' title='info' alt='info'><i class='material-icons'>info_outline</i></td>
													<td class='timestamp'>3:17:22 PM</td>
													<td class='step-details'>Selected Project Name</td>
												</tr>
												<tr class='log' status='pass'>
													<td class='status pass' title='pass' alt='pass'><i class='material-icons'>check_circle</i></td>
													<td class='timestamp'>3:17:27 PM</td>
													<td class='step-details'>Verify click action on: Project Names</td>
												</tr>
												<tr class='log' status='pass'>
													<td class='status pass' title='pass' alt='pass'><i class='material-icons'>check_circle</i></td>
													<td class='timestamp'>3:17:28 PM</td>
													<td class='step-details'>Verify text is entered to Selecct Project</td>
												</tr>
												<tr class='log' status='info'>
													<td class='status info' title='info' alt='info'><i class='material-icons'>info_outline</i></td>
													<td class='timestamp'>3:17:28 PM</td>
													<td class='step-details'>Clicked on project_name</td>
												</tr>
												<tr class='log' status='pass'>
													<td class='status pass' title='pass' alt='pass'><i class='material-icons'>check_circle</i></td>
													<td class='timestamp'>3:17:34 PM</td>
													<td class='step-details'>Verify text is entered to jira_issues Entered</td>
												</tr>
												<tr class='log' status='info'>
													<td class='status info' title='info' alt='info'><i class='material-icons'>info_outline</i></td>
													<td class='timestamp'>3:17:34 PM</td>
													<td class='step-details'>Entered Jira value</td>
												</tr>
												<tr class='log' status='info'>
													<td class='status info' title='info' alt='info'><i class='material-icons'>info_outline</i></td>
													<td class='timestamp'>3:17:35 PM</td>
													<td class='step-details'>Clicked on Save timesheet entry</td>
												</tr>
												<tr class='log' status='info'>
													<td class='status info' title='info' alt='info'><i class='material-icons'>info_outline</i></td>
													<td class='timestamp'>3:17:35 PM</td>
													<td class='step-details'>Clicked on Save_Entry button</td>
												</tr>
												<tr class='log' status='pass'>
													<td class='status pass' title='pass' alt='pass'><i class='material-icons'>check_circle</i></td>
													<td class='timestamp'>3:17:42 PM</td>
													<td class='step-details'>Verify click action on: timesheet hours field</td>
												</tr>
												<tr class='log' status='pass'>
													<td class='status pass' title='pass' alt='pass'><i class='material-icons'>check_circle</i></td>
													<td class='timestamp'>3:17:43 PM</td>
													<td class='step-details'>Verify text is entered to timesheet hours field</td>
												</tr>
												<tr class='log' status='pass'>
													<td class='status pass' title='pass' alt='pass'><i class='material-icons'>check_circle</i></td>
													<td class='timestamp'>3:17:49 PM</td>
													<td class='step-details'>Verify click action on: timesheet hours field</td>
												</tr>
												<tr class='log' status='pass'>
													<td class='status pass' title='pass' alt='pass'><i class='material-icons'>check_circle</i></td>
													<td class='timestamp'>3:17:50 PM</td>
													<td class='step-details'>Verify text is entered to timesheet hours field</td>
												</tr>
												<tr class='log' status='pass'>
													<td class='status pass' title='pass' alt='pass'><i class='material-icons'>check_circle</i></td>
													<td class='timestamp'>3:17:57 PM</td>
													<td class='step-details'>Verify click action on: timesheet hours field</td>
												</tr>
												<tr class='log' status='pass'>
													<td class='status pass' title='pass' alt='pass'><i class='material-icons'>check_circle</i></td>
													<td class='timestamp'>3:17:57 PM</td>
													<td class='step-details'>Verify text is entered to timesheet hours field</td>
												</tr>
												<tr class='log' status='pass'>
													<td class='status pass' title='pass' alt='pass'><i class='material-icons'>check_circle</i></td>
													<td class='timestamp'>3:18:04 PM</td>
													<td class='step-details'>Verify click action on: timesheet hours field</td>
												</tr>
												<tr class='log' status='pass'>
													<td class='status pass' title='pass' alt='pass'><i class='material-icons'>check_circle</i></td>
													<td class='timestamp'>3:18:05 PM</td>
													<td class='step-details'>Verify text is entered to timesheet hours field</td>
												</tr>
												<tr class='log' status='pass'>
													<td class='status pass' title='pass' alt='pass'><i class='material-icons'>check_circle</i></td>
													<td class='timestamp'>3:18:12 PM</td>
													<td class='step-details'>Verify click action on: timesheet hours field</td>
												</tr>
												<tr class='log' status='pass'>
													<td class='status pass' title='pass' alt='pass'><i class='material-icons'>check_circle</i></td>
													<td class='timestamp'>3:18:12 PM</td>
													<td class='step-details'>Verify text is entered to timesheet hours field</td>
												</tr>
												<tr class='log' status='pass'>
													<td class='status pass' title='pass' alt='pass'><i class='material-icons'>check_circle</i></td>
													<td class='timestamp'>3:18:19 PM</td>
													<td class='step-details'>Verify click action on: timesheet hours field</td>
												</tr>
												<tr class='log' status='pass'>
													<td class='status pass' title='pass' alt='pass'><i class='material-icons'>check_circle</i></td>
													<td class='timestamp'>3:18:19 PM</td>
													<td class='step-details'>Verify text is entered to timesheet hours field</td>
												</tr>
												<tr class='log' status='pass'>
													<td class='status pass' title='pass' alt='pass'><i class='material-icons'>check_circle</i></td>
													<td class='timestamp'>3:18:26 PM</td>
													<td class='step-details'>Verify click action on: timesheet hours field</td>
												</tr>
												<tr class='log' status='pass'>
													<td class='status pass' title='pass' alt='pass'><i class='material-icons'>check_circle</i></td>
													<td class='timestamp'>3:18:27 PM</td>
													<td class='step-details'>Verify text is entered to timesheet hours field</td>
												</tr>
												<tr class='log' status='pass'>
													<td class='status pass' title='pass' alt='pass'><i class='material-icons'>check_circle</i></td>
													<td class='timestamp'>3:18:34 PM</td>
													<td class='step-details'>Verify click action on: timesheet hours field</td>
												</tr>
												<tr class='log' status='pass'>
													<td class='status pass' title='pass' alt='pass'><i class='material-icons'>check_circle</i></td>
													<td class='timestamp'>3:18:35 PM</td>
													<td class='step-details'>Verify text is entered to timesheet hours field</td>
												</tr>
												<tr class='log' status='pass'>
													<td class='status pass' title='pass' alt='pass'><i class='material-icons'>check_circle</i></td>
													<td class='timestamp'>3:18:42 PM</td>
													<td class='step-details'>Verify click action on: timesheet hours field</td>
												</tr>
												<tr class='log' status='pass'>
													<td class='status pass' title='pass' alt='pass'><i class='material-icons'>check_circle</i></td>
													<td class='timestamp'>3:18:42 PM</td>
													<td class='step-details'>Verify text is entered to timesheet hours field</td>
												</tr>
												<tr class='log' status='pass'>
													<td class='status pass' title='pass' alt='pass'><i class='material-icons'>check_circle</i></td>
													<td class='timestamp'>3:18:49 PM</td>
													<td class='step-details'>Verify click action on: timesheet hours field</td>
												</tr>
												<tr class='log' status='pass'>
													<td class='status pass' title='pass' alt='pass'><i class='material-icons'>check_circle</i></td>
													<td class='timestamp'>3:18:49 PM</td>
													<td class='step-details'>Verify text is entered to timesheet hours field</td>
												</tr>
												<tr class='log' status='pass'>
													<td class='status pass' title='pass' alt='pass'><i class='material-icons'>check_circle</i></td>
													<td class='timestamp'>3:18:56 PM</td>
													<td class='step-details'>Verify click action on: timesheet hours field</td>
												</tr>
												<tr class='log' status='pass'>
													<td class='status pass' title='pass' alt='pass'><i class='material-icons'>check_circle</i></td>
													<td class='timestamp'>3:18:57 PM</td>
													<td class='step-details'>Verify text is entered to timesheet hours field</td>
												</tr>
												<tr class='log' status='pass'>
													<td class='status pass' title='pass' alt='pass'><i class='material-icons'>check_circle</i></td>
													<td class='timestamp'>3:19:04 PM</td>
													<td class='step-details'>Verify click action on: timesheet hours field</td>
												</tr>
												<tr class='log' status='pass'>
													<td class='status pass' title='pass' alt='pass'><i class='material-icons'>check_circle</i></td>
													<td class='timestamp'>3:19:04 PM</td>
													<td class='step-details'>Verify text is entered to timesheet hours field</td>
												</tr>
												<tr class='log' status='pass'>
													<td class='status pass' title='pass' alt='pass'><i class='material-icons'>check_circle</i></td>
													<td class='timestamp'>3:19:11 PM</td>
													<td class='step-details'>Verify click action on: timesheet hours field</td>
												</tr>
												<tr class='log' status='pass'>
													<td class='status pass' title='pass' alt='pass'><i class='material-icons'>check_circle</i></td>
													<td class='timestamp'>3:19:12 PM</td>
													<td class='step-details'>Verify text is entered to timesheet hours field</td>
												</tr>
												<tr class='log' status='pass'>
													<td class='status pass' title='pass' alt='pass'><i class='material-icons'>check_circle</i></td>
													<td class='timestamp'>3:19:18 PM</td>
													<td class='step-details'>Verify click action on: timesheet hours field</td>
												</tr>
												<tr class='log' status='pass'>
													<td class='status pass' title='pass' alt='pass'><i class='material-icons'>check_circle</i></td>
													<td class='timestamp'>3:19:19 PM</td>
													<td class='step-details'>Verify text is entered to timesheet hours field</td>
												</tr>
												<tr class='log' status='pass'>
													<td class='status pass' title='pass' alt='pass'><i class='material-icons'>check_circle</i></td>
													<td class='timestamp'>3:19:26 PM</td>
													<td class='step-details'>Verify click action on: timesheet hours field</td>
												</tr>
												<tr class='log' status='pass'>
													<td class='status pass' title='pass' alt='pass'><i class='material-icons'>check_circle</i></td>
													<td class='timestamp'>3:19:26 PM</td>
													<td class='step-details'>Verify text is entered to timesheet hours field</td>
												</tr>
												<tr class='log' status='pass'>
													<td class='status pass' title='pass' alt='pass'><i class='material-icons'>check_circle</i></td>
													<td class='timestamp'>3:19:33 PM</td>
													<td class='step-details'>Verify click action on: timesheet hours field</td>
												</tr>
												<tr class='log' status='pass'>
													<td class='status pass' title='pass' alt='pass'><i class='material-icons'>check_circle</i></td>
													<td class='timestamp'>3:19:34 PM</td>
													<td class='step-details'>Verify text is entered to timesheet hours field</td>
												</tr>
												<tr class='log' status='pass'>
													<td class='status pass' title='pass' alt='pass'><i class='material-icons'>check_circle</i></td>
													<td class='timestamp'>3:19:37 PM</td>
													<td class='step-details'>Total hours entered for 16 days</td>
												</tr>
												<tr class='log' status='info'>
													<td class='status info' title='info' alt='info'><i class='material-icons'>info_outline</i></td>
													<td class='timestamp'>3:19:38 PM</td>
													<td class='step-details'>Completing execution testTimeSheetTotalHrs</td>
												</tr>
												<tr class='log' status='pass'>
													<td class='status pass' title='pass' alt='pass'><i class='material-icons'>check_circle</i></td>
													<td class='timestamp'>3:19:38 PM</td>
													<td class='step-details'><span class='label white-text green'><b>Test Case:- testTimeSheetTotalHrs Passed</b></span></td>
												</tr>
										</tbody>
									</table>
										<ul class='screenshots'>
												<li><img data-featherlight='E:\Workspace\ReusableTestFramework-timesheet\Screenshots\Delete timesheet.png' width='10%' src='E:\Workspace\ReusableTestFramework-timesheet\Screenshots\Delete timesheet.png' data-src='E:\Workspace\ReusableTestFramework-timesheet\Screenshots\Delete timesheet.png'></li>
												<li><img data-featherlight='E:\Workspace\ReusableTestFramework-timesheet\Screenshots\lastSaved.png' width='10%' src='E:\Workspace\ReusableTestFramework-timesheet\Screenshots\lastSaved.png' data-src='E:\Workspace\ReusableTestFramework-timesheet\Screenshots\lastSaved.png'></li>
										</ul>
								</div>
						</div>
				</li>
				<li class='node level-1 leaf fail' status='fail' test-id='20'>
					<div class='collapsible-header'>
						<h5 class='node-name'>testTimeSheetTotalHrsInLine</h5>
						<span class='test-status right fail'>fail</span>
						<span class='node-duration label grey lighten-1 white-text'>0h 3m 25s+685ms</span>
								<span class='category label white-text'>Regression</span>
								<span class='author label white-text'>Prabhudatta</span>
					</div>
						<div class='collapsible-body'>
								<div class='node-steps'>
									<table class='bordered table-results'>
										<thead>
											<tr>
												<th>Status</th>
												<th>Timestamp</th>
												<th>Details</th>
											</tr>
										</thead>
										<tbody>
												<tr class='log' status='info'>
													<td class='status info' title='info' alt='info'><i class='material-icons'>info_outline</i></td>
													<td class='timestamp'>3:19:47 PM</td>
													<td class='step-details'>Execution of Test case- <b>testTimeSheetTotalHrsInLine</b> started.</td>
												</tr>
												<tr class='log' status='info'>
													<td class='status info' title='info' alt='info'><i class='material-icons'>info_outline</i></td>
													<td class='timestamp'>3:19:48 PM</td>
													<td class='step-details'>starting testTimeSheetTotalHrsInLine</td>
												</tr>
												<tr class='log' status='info'>
													<td class='status info' title='info' alt='info'><i class='material-icons'>info_outline</i></td>
													<td class='timestamp'>3:19:57 PM</td>
													<td class='step-details'>Navigate to url</td>
												</tr>
												<tr class='log' status='pass'>
													<td class='status pass' title='pass' alt='pass'><i class='material-icons'>check_circle</i></td>
													<td class='timestamp'>3:19:58 PM</td>
													<td class='step-details'>Verify text is entered to Username</td>
												</tr>
												<tr class='log' status='pass'>
													<td class='status pass' title='pass' alt='pass'><i class='material-icons'>check_circle</i></td>
													<td class='timestamp'>3:19:59 PM</td>
													<td class='step-details'>Verify click action on: UserName Next Btn</td>
												</tr>
												<tr class='log' status='pass'>
													<td class='status pass' title='pass' alt='pass'><i class='material-icons'>check_circle</i></td>
													<td class='timestamp'>3:20:09 PM</td>
													<td class='step-details'>Verify text is entered to password</td>
												</tr>
												<tr class='log' status='pass'>
													<td class='status pass' title='pass' alt='pass'><i class='material-icons'>check_circle</i></td>
													<td class='timestamp'>3:20:11 PM</td>
													<td class='step-details'>Verify click action on: Sign In Button</td>
												</tr>
												<tr class='log' status='pass'>
													<td class='status pass' title='pass' alt='pass'><i class='material-icons'>check_circle</i></td>
													<td class='timestamp'>3:20:16 PM</td>
													<td class='step-details'>Verify click action on: Submit Next Btn</td>
												</tr>
												<tr class='log' status='info'>
													<td class='status info' title='info' alt='info'><i class='material-icons'>info_outline</i></td>
													<td class='timestamp'>3:20:34 PM</td>
													<td class='step-details'>Login to application</td>
												</tr>
												<tr class='log' status='info'>
													<td class='status info' title='info' alt='info'><i class='material-icons'>info_outline</i></td>
													<td class='timestamp'>3:21:06 PM</td>
													<td class='step-details'>Clicked on Delete Timesheet Line</td>
												</tr>
												<tr class='log' status='pass'>
													<td class='status pass' title='pass' alt='pass'><i class='material-icons'>check_circle</i></td>
													<td class='timestamp'>3:21:17 PM</td>
													<td class='step-details'>Verify click action on: Confirm Delete Timesheet Line</td>
												</tr>
												<tr class='log' status='pass'>
													<td class='status pass' title='pass' alt='pass'><i class='material-icons'>check_circle</i></td>
													<td class='timestamp'>3:21:17 PM</td>
													<td class='step-details'>Successfully deleted existing time sheet entry line</td>
												</tr>
												<tr class='log' status='info'>
													<td class='status info' title='info' alt='info'><i class='material-icons'>info_outline</i></td>
													<td class='timestamp'>3:21:28 PM</td>
													<td class='step-details'>Existing Timesheet Deleted</td>
												</tr>
												<tr class='log' status='pass'>
													<td class='status pass' title='pass' alt='pass'><i class='material-icons'>check_circle</i></td>
													<td class='timestamp'>3:21:38 PM</td>
													<td class='step-details'>Verify click action on: Added new time sheet line</td>
												</tr>
												<tr class='log' status='info'>
													<td class='status info' title='info' alt='info'><i class='material-icons'>info_outline</i></td>
													<td class='timestamp'>3:21:38 PM</td>
													<td class='step-details'>Added new time sheet line</td>
												</tr>
												<tr class='log' status='pass'>
													<td class='status pass' title='pass' alt='pass'><i class='material-icons'>check_circle</i></td>
													<td class='timestamp'>3:21:52 PM</td>
													<td class='step-details'>Verify click action on: Category</td>
												</tr>
												<tr class='log' status='error'>
													<td class='status error' title='error' alt='error'><i class='material-icons'>error</i></td>
													<td class='timestamp'>3:22:32 PM</td>
													<td class='step-details'>element not interactable
  (Session info: chrome=81.0.4044.138)
Build info: version: '3.141.59', revision: 'e82be7d358', time: '2018-11-14T08:17:03'
System info: host: 'TECH-LP-620', ip: '177.16.0.79', os.name: 'Windows 10', os.arch: 'amd64', os.version: '10.0', java.version: '1.8.0_191'
Driver info: org.openqa.selenium.chrome.ChromeDriver
Capabilities {acceptInsecureCerts: false, browserName: chrome, browserVersion: 81.0.4044.138, chrome: {chromedriverVersion: 81.0.4044.138 (8c6c7ba89cc9..., userDataDir: C:\Users\PRABHU~1.C\AppData...}, goog:chromeOptions: {debuggerAddress: localhost:63974}, javascriptEnabled: true, networkConnectionEnabled: false, pageLoadStrategy: normal, platform: WINDOWS, platformName: WINDOWS, proxy: Proxy(), setWindowRect: true, strictFileInteractability: false, timeouts: {implicit: 0, pageLoad: 300000, script: 30000}, unhandledPromptBehavior: dismiss and notify, webauthn:virtualAuthenticators: true}
Session ID: 43b7b200db81a9d28ec14dfffe7a664a</td>
												</tr>
												<tr class='log' status='fail'>
													<td class='status fail' title='fail' alt='fail'><i class='material-icons'>cancel</i></td>
													<td class='timestamp'>3:23:13 PM</td>
													<td class='step-details'><details><summary style='cursor: pointer;'><b><font color=red>Exception Occured: Click to see</font></b ></summary>element not interactable
  (Session info: chrome=81.0.4044.138)
Build info: version: '3.141.59'<br> revision: 'e82be7d358'<br> time: '2018-11-14T08:17:03'
System info: host: 'TECH-LP-620'<br> ip: '177.16.0.79'<br> os.name: 'Windows 10'<br> os.arch: 'amd64'<br> os.version: '10.0'<br> java.version: '1.8.0_191'
Driver info: org.openqa.selenium.chrome.ChromeDriver
Capabilities {acceptInsecureCerts: false<br> browserName: chrome<br> browserVersion: 81.0.4044.138<br> chrome: {chromedriverVersion: 81.0.4044.138 (8c6c7ba89cc9...<br> userDataDir: C:\Users\PRABHU~1.C\AppData...}<br> goog:chromeOptions: {debuggerAddress: localhost:63974}<br> javascriptEnabled: true<br> networkConnectionEnabled: false<br> pageLoadStrategy: normal<br> platform: WINDOWS<br> platformName: WINDOWS<br> proxy: Proxy()<br> setWindowRect: true<br> strictFileInteractability: false<br> timeouts: {implicit: 0<br> pageLoad: 300000<br> script: 30000}<br> unhandledPromptBehavior: dismiss and notify<br> webauthn:virtualAuthenticators: true}
Session ID: 43b7b200db81a9d28ec14dfffe7a664a<br>[sun.reflect.NativeConstructorAccessorImpl.newInstance0(Native Method)<br> sun.reflect.NativeConstructorAccessorImpl.newInstance(NativeConstructorAccessorImpl.java:62)<br> sun.reflect.DelegatingConstructorAccessorImpl.newInstance(DelegatingConstructorAccessorImpl.java:45)<br> java.lang.reflect.Constructor.newInstance(Constructor.java:423)<br> org.openqa.selenium.remote.http.W3CHttpResponseCodec.createException(W3CHttpResponseCodec.java:187)<br> org.openqa.selenium.remote.http.W3CHttpResponseCodec.decode(W3CHttpResponseCodec.java:122)<br> org.openqa.selenium.remote.http.W3CHttpResponseCodec.decode(W3CHttpResponseCodec.java:49)<br> org.openqa.selenium.remote.HttpCommandExecutor.execute(HttpCommandExecutor.java:158)<br> org.openqa.selenium.remote.service.DriverCommandExecutor.execute(DriverCommandExecutor.java:83)<br> org.openqa.selenium.remote.RemoteWebDriver.execute(RemoteWebDriver.java:552)<br> org.openqa.selenium.remote.RemoteWebElement.execute(RemoteWebElement.java:285)<br> org.openqa.selenium.remote.RemoteWebElement.click(RemoteWebElement.java:84)<br> com.framework.ui.pageobjects.BasePage.click(BasePage.java:143)<br> com.internal.regression.pages.MyTimePage.addNewTimeSheetLine(MyTimePage.java:295)<br> com.tadigital.timesheet.testcases.TimeSheetSubmitTest.testTimeSheetTotalHrsInLine(TimeSheetSubmitTest.java:108)<br> sun.reflect.NativeMethodAccessorImpl.invoke0(Native Method)<br> sun.reflect.NativeMethodAccessorImpl.invoke(NativeMethodAccessorImpl.java:62)<br> sun.reflect.DelegatingMethodAccessorImpl.invoke(DelegatingMethodAccessorImpl.java:43)<br> java.lang.reflect.Method.invoke(Method.java:498)<br> org.testng.internal.MethodInvocationHelper.invokeMethod(MethodInvocationHelper.java:124)<br> org.testng.internal.Invoker.invokeMethod(Invoker.java:583)<br> org.testng.internal.Invoker.invokeTestMethod(Invoker.java:719)<br> org.testng.internal.Invoker.invokeTestMethods(Invoker.java:989)<br> org.testng.internal.TestMethodWorker.invokeTestMethods(TestMethodWorker.java:125)<br> org.testng.internal.TestMethodWorker.run(TestMethodWorker.java:109)<br> org.testng.TestRunner.privateRun(TestRunner.java:648)<br> org.testng.TestRunner.run(TestRunner.java:505)<br> org.testng.SuiteRunner.runTest(SuiteRunner.java:455)<br> org.testng.SuiteRunner.runSequentially(SuiteRunner.java:450)<br> org.testng.SuiteRunner.privateRun(SuiteRunner.java:415)<br> org.testng.SuiteRunner.run(SuiteRunner.java:364)<br> org.testng.SuiteRunnerWorker.runSuite(SuiteRunnerWorker.java:52)<br> org.testng.SuiteRunnerWorker.run(SuiteRunnerWorker.java:84)<br> org.testng.TestNG.runSuitesSequentially(TestNG.java:1208)<br> org.testng.TestNG.runSuitesLocally(TestNG.java:1137)<br> org.testng.TestNG.runSuites(TestNG.java:1049)<br> org.testng.TestNG.run(TestNG.java:1017)<br> org.testng.remote.AbstractRemoteTestNG.run(AbstractRemoteTestNG.java:114)<br> org.testng.remote.RemoteTestNG.initAndRun(RemoteTestNG.java:251)<br> org.testng.remote.RemoteTestNG.main(RemoteTestNG.java:77)]</details></td>
												</tr>
												<tr class='log' status='fail'>
													<td class='status fail' title='fail' alt='fail'><i class='material-icons'>cancel</i></td>
													<td class='timestamp'>3:23:13 PM</td>
													<td class='step-details'><span class='label white-text red'>This Test case got Failed</span></td>
												</tr>
										</tbody>
									</table>
										<ul class='screenshots'>
												<li><img data-featherlight='E:\Workspace\ReusableTestFramework-timesheet\Screenshots\Delete timesheet.png' width='10%' src='E:\Workspace\ReusableTestFramework-timesheet\Screenshots\Delete timesheet.png' data-src='E:\Workspace\ReusableTestFramework-timesheet\Screenshots\Delete timesheet.png'></li>
												<li><img data-featherlight='E:\Workspace\ReusableTestFramework-timesheet\Screenshots\testTimeSheetTotalHrsInLine.png' width='10%' src='E:\Workspace\ReusableTestFramework-timesheet\Screenshots\testTimeSheetTotalHrsInLine.png' data-src='E:\Workspace\ReusableTestFramework-timesheet\Screenshots\testTimeSheetTotalHrsInLine.png'></li>
										</ul>
								</div>
						</div>
				</li>
	</ul>
					</div>
				</li>
				
				
				<li class='test displayed active has-leaf fail' status='fail' bdd='false' test-id='21'>
					<div class='test-heading'>
						<span class='test-name'>TimeSheetApprovalTest</span>
						<span class='test-time'>May 11, 2020 03:23:37 PM</span>
						<span class='test-status right fail'>fail</span>
					</div>
					<div class='test-content hide'>
<div class='test-time-info'>
	<span class='label start-time'>May 11, 2020 03:23:37 PM</span>
	<span class='label end-time'>May 11, 2020 03:30:43 PM</span>
	<span class='label time-taken grey lighten-1 white-text'>0h 7m 6s+347ms</span>
</div>
	<ul class='collapsible node-list' data-collapsible='accordion'>
		
				<li class='node level-1 leaf error' status='error' test-id='22'>
					<div class='collapsible-header'>
						<h5 class='node-name'>testEditTimeSheet</h5>
						<span class='test-status right error'>error</span>
						<span class='node-duration label grey lighten-1 white-text'>0h 3m 36s+1ms</span>
								<span class='category label white-text'>Smoke</span>
								<span class='author label white-text'>SaicharanM</span>
					</div>
						<div class='collapsible-body'>
								<div class='node-steps'>
									<table class='bordered table-results'>
										<thead>
											<tr>
												<th>Status</th>
												<th>Timestamp</th>
												<th>Details</th>
											</tr>
										</thead>
										<tbody>
												<tr class='log' status='info'>
													<td class='status info' title='info' alt='info'><i class='material-icons'>info_outline</i></td>
													<td class='timestamp'>3:23:43 PM</td>
													<td class='step-details'>Execution of Test case- <b>testEditTimeSheet</b> started.</td>
												</tr>
												<tr class='log' status='info'>
													<td class='status info' title='info' alt='info'><i class='material-icons'>info_outline</i></td>
													<td class='timestamp'>3:23:46 PM</td>
													<td class='step-details'>Navigate to url</td>
												</tr>
												<tr class='log' status='pass'>
													<td class='status pass' title='pass' alt='pass'><i class='material-icons'>check_circle</i></td>
													<td class='timestamp'>3:23:48 PM</td>
													<td class='step-details'>Verify text is entered to Username</td>
												</tr>
												<tr class='log' status='pass'>
													<td class='status pass' title='pass' alt='pass'><i class='material-icons'>check_circle</i></td>
													<td class='timestamp'>3:23:49 PM</td>
													<td class='step-details'>Verify click action on: UserName Next Btn</td>
												</tr>
												<tr class='log' status='pass'>
													<td class='status pass' title='pass' alt='pass'><i class='material-icons'>check_circle</i></td>
													<td class='timestamp'>3:23:59 PM</td>
													<td class='step-details'>Verify text is entered to password</td>
												</tr>
												<tr class='log' status='pass'>
													<td class='status pass' title='pass' alt='pass'><i class='material-icons'>check_circle</i></td>
													<td class='timestamp'>3:24:01 PM</td>
													<td class='step-details'>Verify click action on: Sign In Button</td>
												</tr>
												<tr class='log' status='pass'>
													<td class='status pass' title='pass' alt='pass'><i class='material-icons'>check_circle</i></td>
													<td class='timestamp'>3:24:06 PM</td>
													<td class='step-details'>Verify click action on: Submit Next Btn</td>
												</tr>
												<tr class='log' status='pass'>
													<td class='status pass' title='pass' alt='pass'><i class='material-icons'>check_circle</i></td>
													<td class='timestamp'>3:24:20 PM</td>
													<td class='step-details'>Verify click action on: My Team Menu Click</td>
												</tr>
												<tr class='log' status='pass'>
													<td class='status pass' title='pass' alt='pass'><i class='material-icons'>check_circle</i></td>
													<td class='timestamp'>3:24:23 PM</td>
													<td class='step-details'>Verify click action on: Click all check box</td>
												</tr>
												<tr class='log' status='pass'>
													<td class='status pass' title='pass' alt='pass'><i class='material-icons'>check_circle</i></td>
													<td class='timestamp'>3:24:25 PM</td>
													<td class='step-details'>Verify click action on: To Click Search Button</td>
												</tr>
												<tr class='log' status='error'>
													<td class='status error' title='error' alt='error'><i class='material-icons'>error</i></td>
													<td class='timestamp'>3:27:16 PM</td>
													<td class='step-details'>isElementPresentAndDisplay EXCEPTION : org.openqa.selenium.NoSuchElementException: Timed out after 50 seconds. Unable to locate the element</td>
												</tr>
												<tr class='log' status='pass'>
													<td class='status pass' title='pass' alt='pass'><i class='material-icons'>check_circle</i></td>
													<td class='timestamp'>3:27:18 PM</td>
													<td class='step-details'><span class='label white-text green'><b>Test Case:- testEditTimeSheet Passed</b></span></td>
												</tr>
										</tbody>
									</table>
								</div>
						</div>
				</li>
				<li class='node level-1 leaf fail' status='fail' test-id='23'>
					<div class='collapsible-header'>
						<h5 class='node-name'>testTimeSheetManagerApprove</h5>
						<span class='test-status right fail'>fail</span>
						<span class='node-duration label grey lighten-1 white-text'>0h 3m 17s+240ms</span>
								<span class='category label white-text'>Smoke</span>
								<span class='author label white-text'>SaicharanM</span>
					</div>
						<div class='collapsible-body'>
								<div class='node-steps'>
									<table class='bordered table-results'>
										<thead>
											<tr>
												<th>Status</th>
												<th>Timestamp</th>
												<th>Details</th>
											</tr>
										</thead>
										<tbody>
												<tr class='log' status='info'>
													<td class='status info' title='info' alt='info'><i class='material-icons'>info_outline</i></td>
													<td class='timestamp'>3:27:26 PM</td>
													<td class='step-details'>Execution of Test case- <b>testTimeSheetManagerApprove</b> started.</td>
												</tr>
												<tr class='log' status='info'>
													<td class='status info' title='info' alt='info'><i class='material-icons'>info_outline</i></td>
													<td class='timestamp'>3:27:30 PM</td>
													<td class='step-details'>Navigate to url</td>
												</tr>
												<tr class='log' status='pass'>
													<td class='status pass' title='pass' alt='pass'><i class='material-icons'>check_circle</i></td>
													<td class='timestamp'>3:27:32 PM</td>
													<td class='step-details'>Verify text is entered to Username</td>
												</tr>
												<tr class='log' status='pass'>
													<td class='status pass' title='pass' alt='pass'><i class='material-icons'>check_circle</i></td>
													<td class='timestamp'>3:27:33 PM</td>
													<td class='step-details'>Verify click action on: UserName Next Btn</td>
												</tr>
												<tr class='log' status='pass'>
													<td class='status pass' title='pass' alt='pass'><i class='material-icons'>check_circle</i></td>
													<td class='timestamp'>3:27:43 PM</td>
													<td class='step-details'>Verify text is entered to password</td>
												</tr>
												<tr class='log' status='pass'>
													<td class='status pass' title='pass' alt='pass'><i class='material-icons'>check_circle</i></td>
													<td class='timestamp'>3:27:45 PM</td>
													<td class='step-details'>Verify click action on: Sign In Button</td>
												</tr>
												<tr class='log' status='pass'>
													<td class='status pass' title='pass' alt='pass'><i class='material-icons'>check_circle</i></td>
													<td class='timestamp'>3:27:49 PM</td>
													<td class='step-details'>Verify click action on: Submit Next Btn</td>
												</tr>
												<tr class='log' status='info'>
													<td class='status info' title='info' alt='info'><i class='material-icons'>info_outline</i></td>
													<td class='timestamp'>3:28:02 PM</td>
													<td class='step-details'>Executing Presence of all Elements</td>
												</tr>
												<tr class='log' status='fail'>
													<td class='status fail' title='fail' alt='fail'><i class='material-icons'>cancel</i></td>
													<td class='timestamp'>3:30:43 PM</td>
													<td class='step-details'><details><summary style='cursor: pointer;'><b><font color=red>Exception Occured: Click to see</font></b ></summary>Timed out after 50 seconds. Unable to locate the element<br>[org.openqa.selenium.support.pagefactory.AjaxElementLocator.findElement(AjaxElementLocator.java:90)<br> org.openqa.selenium.support.pagefactory.internal.LocatingElementHandler.invoke(LocatingElementHandler.java:38)<br> com.sun.proxy.$Proxy20.isDisplayed(Unknown Source)<br> com.internal.regression.pages.TimeSheetApprovalPage.validateAllPresence(TimeSheetApprovalPage.java:216)<br> com.tadigital.timesheet.testcases.TimeSheetApprovalTest.testTimeSheetManagerApprove(TimeSheetApprovalTest.java:54)<br> sun.reflect.NativeMethodAccessorImpl.invoke0(Native Method)<br> sun.reflect.NativeMethodAccessorImpl.invoke(NativeMethodAccessorImpl.java:62)<br> sun.reflect.DelegatingMethodAccessorImpl.invoke(DelegatingMethodAccessorImpl.java:43)<br> java.lang.reflect.Method.invoke(Method.java:498)<br> org.testng.internal.MethodInvocationHelper.invokeMethod(MethodInvocationHelper.java:124)<br> org.testng.internal.Invoker.invokeMethod(Invoker.java:583)<br> org.testng.internal.Invoker.invokeTestMethod(Invoker.java:719)<br> org.testng.internal.Invoker.invokeTestMethods(Invoker.java:989)<br> org.testng.internal.TestMethodWorker.invokeTestMethods(TestMethodWorker.java:125)<br> org.testng.internal.TestMethodWorker.run(TestMethodWorker.java:109)<br> org.testng.TestRunner.privateRun(TestRunner.java:648)<br> org.testng.TestRunner.run(TestRunner.java:505)<br> org.testng.SuiteRunner.runTest(SuiteRunner.java:455)<br> org.testng.SuiteRunner.runSequentially(SuiteRunner.java:450)<br> org.testng.SuiteRunner.privateRun(SuiteRunner.java:415)<br> org.testng.SuiteRunner.run(SuiteRunner.java:364)<br> org.testng.SuiteRunnerWorker.runSuite(SuiteRunnerWorker.java:52)<br> org.testng.SuiteRunnerWorker.run(SuiteRunnerWorker.java:84)<br> org.testng.TestNG.runSuitesSequentially(TestNG.java:1208)<br> org.testng.TestNG.runSuitesLocally(TestNG.java:1137)<br> org.testng.TestNG.runSuites(TestNG.java:1049)<br> org.testng.TestNG.run(TestNG.java:1017)<br> org.testng.remote.AbstractRemoteTestNG.run(AbstractRemoteTestNG.java:114)<br> org.testng.remote.RemoteTestNG.initAndRun(RemoteTestNG.java:251)<br> org.testng.remote.RemoteTestNG.main(RemoteTestNG.java:77)]</details></td>
												</tr>
												<tr class='log' status='fail'>
													<td class='status fail' title='fail' alt='fail'><i class='material-icons'>cancel</i></td>
													<td class='timestamp'>3:30:43 PM</td>
													<td class='step-details'><span class='label white-text red'>This Test case got Failed</span></td>
												</tr>
										</tbody>
									</table>
										<ul class='screenshots'>
												<li><img data-featherlight='E:\Workspace\ReusableTestFramework-timesheet\Screenshots\testTimeSheetManagerApprove.png' width='10%' src='E:\Workspace\ReusableTestFramework-timesheet\Screenshots\testTimeSheetManagerApprove.png' data-src='E:\Workspace\ReusableTestFramework-timesheet\Screenshots\testTimeSheetManagerApprove.png'></li>
										</ul>
								</div>
						</div>
				</li>
	</ul>
					</div>
				</li>
			</ul>
		</div>
	</div>
	<!-- subview left -->

	<div class='subview-right left'>
		<div class='view-summary'>
			<h5 class='test-name'></h5>

			<div id='step-filters' class="right">
				<span class="blue-text" status="info" alt="info" title="info"><i class="material-icons">info_outline</i></span>
				<span class="green-text" status="pass" alt="pass" title="pass"><i class="material-icons">check_circle</i></span>
				<span class="red-text" status="fail" alt="fail" title="fail"><i class="material-icons">cancel</i></span>
				<span class="red-text text-darken-4" status="fatal" alt="fatal" title="fatal"><i class="material-icons">cancel</i></span>
				<span class="pink-text text-lighten-1" status="error" alt="error" title="error"><i class="material-icons">error</i></span>
				<span class="orange-text" alt="warning" status="warning" title="warning"><i class="material-icons">warning</i></span>
				<span class="teal-text" status="skip" alt="skip" title="skip"><i class="material-icons">redo</i></span>
				<span status="clear" alt="Clear filters" title="Clear filters"><i class="material-icons">clear</i></span>
			</div>
		</div>
	</div>
	<!-- subview right -->

</div>
<!-- test view -->
<div id='category-view' class='view hide'>

	<section id='controls'>
		<div class='controls grey lighten-4'>
			<!-- search -->
			<div class='chip transparent' alt='Search Tests' title='Search Tests'>
				<a href="#" class='search-div'>
					<i class='material-icons'>search</i> Search
				</a>
				
				<div class='input-field left hide'>
					<input id='search-tests' type='text' class='validate browser-default' placeholder='Search Tests...'>
				</div>
				
			</div>
			<!-- search -->
		</div>
	</section>

	<div class='subview-left left'>
		
		<div class='view-summary'>
			<h5>Categories</h3>
			<ul id='category-collection' class='category-collection'>
				
				<li class='category displayed active'>
					<div class='category-heading'>
						<span class='category-name'>Regression</span>
						<span class='category-status right'>
							<span class='label pass'>4</span>
							<span class='label fail'>8</span>
							<span class='label others'>1</span>
						</span>
					</div>
					<div class='category-content hide'>
						<div class='category-status-counts'>
							<span class='label green accent-4 white-text'>Passed: 4</span>
							<span class='label red lighten-1 white-text'>Failed: 8</span>
							<span class='label yellow darken-2 white-text'>Others: 1</span>
						</div>
					
						<div class='category-tests'>
							<table class='bordered table-results'>
								<thead>
									<tr>
										<th>Timestamp</th>
										<th>TestName</th>
										<th>Status</th>
									</tr>
								</thead>
								<tbody>
									<tr>
										<td>May 11, 2020 02:17:40 PM</td>
										<td class='linked' test-id='2'>MissingTimesheetReportTest.testDropdownIsSorted</td>
										<td><span class='test-status pass'>pass</span></td>
									</tr>
									<tr>
										<td>May 11, 2020 02:19:09 PM</td>
										<td class='linked' test-id='3'>MissingTimesheetReportTest.testDropdownIsSorted</td>
										<td><span class='test-status fail'>fail</span></td>
									</tr>
									<tr>
										<td>May 11, 2020 02:21:03 PM</td>
										<td class='linked' test-id='4'>MissingTimesheetReportTest.testDropdownIsSorted</td>
										<td><span class='test-status pass'>pass</span></td>
									</tr>
									<tr>
										<td>May 11, 2020 02:22:36 PM</td>
										<td class='linked' test-id='5'>MissingTimesheetReportTest.testDropdownIsSorted</td>
										<td><span class='test-status pass'>pass</span></td>
									</tr>
									<tr>
										<td>May 11, 2020 02:24:04 PM</td>
										<td class='linked' test-id='6'>MissingTimesheetReportTest.testDropdownIsSorted</td>
										<td><span class='test-status pass'>pass</span></td>
									</tr>
									<tr>
										<td>May 11, 2020 02:26:34 PM</td>
										<td class='linked' test-id='7'>MissingTimesheetReportTest.testEmployeeName</td>
										<td><span class='test-status fail'>fail</span></td>
									</tr>
									<tr>
										<td>May 11, 2020 02:35:51 PM</td>
										<td class='linked' test-id='9'>MissingTimesheetReportTest.testExcelReport</td>
										<td><span class='test-status fail'>fail</span></td>
									</tr>
									<tr>
										<td>May 11, 2020 02:42:33 PM</td>
										<td class='linked' test-id='11'>MissingTimesheetReportTest.testProjectFilter</td>
										<td><span class='test-status fail'>fail</span></td>
									</tr>
									<tr>
										<td>May 11, 2020 02:47:06 PM</td>
										<td class='linked' test-id='12'>MissingTimesheetReportTest.testTimesheetToalEntries</td>
										<td><span class='test-status fail'>fail</span></td>
									</tr>
									<tr>
										<td>May 11, 2020 02:51:39 PM</td>
										<td class='linked' test-id='13'>MissingTimesheetReportTest.testWeekndTimeEntry</td>
										<td><span class='test-status fail'>fail</span></td>
									</tr>
									<tr>
										<td>May 11, 2020 03:07:50 PM</td>
										<td class='linked' test-id='18'>TimeSheetSubmitTest.testTimeSheetSubmit</td>
										<td><span class='test-status fail'>fail</span></td>
									</tr>
									<tr>
										<td>May 11, 2020 03:11:47 PM</td>
										<td class='linked' test-id='19'>TimeSheetSubmitTest.testTimeSheetTotalHrs</td>
										<td><span class='test-status error'>error</span></td>
									</tr>
									<tr>
										<td>May 11, 2020 03:19:47 PM</td>
										<td class='linked' test-id='20'>TimeSheetSubmitTest.testTimeSheetTotalHrsInLine</td>
										<td><span class='test-status fail'>fail</span></td>
									</tr>
								</tbody>
							</table>
						</div>
					</div>
				</li>
				<li class='category displayed active'>
					<div class='category-heading'>
						<span class='category-name'>Smoke</span>
						<span class='category-status right'>
							<span class='label pass'>1</span>
							<span class='label fail'>2</span>
							<span class='label others'>3</span>
						</span>
					</div>
					<div class='category-content hide'>
						<div class='category-status-counts'>
							<span class='label green accent-4 white-text'>Passed: 1</span>
							<span class='label red lighten-1 white-text'>Failed: 2</span>
							<span class='label yellow darken-2 white-text'>Others: 3</span>
						</div>
					
						<div class='category-tests'>
							<table class='bordered table-results'>
								<thead>
									<tr>
										<th>Timestamp</th>
										<th>TestName</th>
										<th>Status</th>
									</tr>
								</thead>
								<tbody>
									<tr>
										<td>May 11, 2020 02:31:12 PM</td>
										<td class='linked' test-id='8'>MissingTimesheetReportTest.testEntriesPerPage</td>
										<td><span class='test-status fail'>fail</span></td>
									</tr>
									<tr>
										<td>May 11, 2020 02:40:28 PM</td>
										<td class='linked' test-id='10'>MissingTimesheetReportTest.testFutureDatesNotVisible</td>
										<td><span class='test-status pass'>pass</span></td>
									</tr>
									<tr>
										<td>May 11, 2020 02:56:19 PM</td>
										<td class='linked' test-id='15'>CopyTimesheetTest.copyTimeSheet</td>
										<td><span class='test-status error'>error</span></td>
									</tr>
									<tr>
										<td>May 11, 2020 03:03:49 PM</td>
										<td class='linked' test-id='17'>TimeSheetSubmitTest.testDeleteTimeSheet</td>
										<td><span class='test-status error'>error</span></td>
									</tr>
									<tr>
										<td>May 11, 2020 03:23:42 PM</td>
										<td class='linked' test-id='22'>TimeSheetApprovalTest.testEditTimeSheet</td>
										<td><span class='test-status error'>error</span></td>
									</tr>
									<tr>
										<td>May 11, 2020 03:27:26 PM</td>
										<td class='linked' test-id='23'>TimeSheetApprovalTest.testTimeSheetManagerApprove</td>
										<td><span class='test-status fail'>fail</span></td>
									</tr>
								</tbody>
							</table>
						</div>
					</div>
				</li>

			</ul>
		</div>
	</div>

	<div class='subview-right left'>
		<div class='view-summary'>
			<h5 class='category-name'></h5>
		</div>
	</div>
</div>
<!-- category view -->
<div id='author-view' class='view hide'>
    <section id='controls'>
        <div class='controls grey lighten-4'>
            <!-- search -->
            <div class='chip transparent' alt='Search Authors' title='Search Authors'>
                <a href="#" class='search-div'>
                    <i class='material-icons'>search</i> Search
                </a>

                <div class='input-field left hide'>
                    <input id='search-tests' type='text' class='validate browser-default' placeholder='Search Authors...'>
                </div>

            </div>
            <!-- search -->
        </div>
    </section>

    <div class='subview-left left'>

        <div class='view-summary'>
            <h5>Authors</h5>
                <ul id='author-collection' class='author-collection'>

                        <li class='author displayed active'>
                            <div class='author-heading'>
                                <span class='author-name'>Dharmendra</span>
                                <span class='author-status right'>
                                        <span class='label pass'>4</span>
                                        <span class='label fail'>2</span>
                                        <span class='label others'>1</span>
						        </span>
                            </div>
                            <div class='author-content hide'>
                                <div class='author-status-counts'>
                                    <span class='label green accent-4 white-text'>Passed: 4</span>
                                    <span class='label red lighten-1 white-text'>Failed: 2</span>
                                    <span class='label yellow darken-2 white-text'>Others: 1</span>
                                </div>

                                <div class='author-tests'>
                                    <table class='bordered table-results'>
                                        <thead>
                                        <tr>
                                            <th>Timestamp</th>
                                            <th>TestName</th>
                                            <th>Status</th>
                                        </tr>
                                        </thead>
                                        <tbody>
                                            <tr>
                                                <td>May 11, 2020 02:17:40 PM</td>
                                                <td class='linked' test-id='2'>MissingTimesheetReportTest.testDropdownIsSorted</td>
                                                <td><span class='test-status pass'>pass</span></td>
                                            </tr>
                                            <tr>
                                                <td>May 11, 2020 02:19:09 PM</td>
                                                <td class='linked' test-id='3'>MissingTimesheetReportTest.testDropdownIsSorted</td>
                                                <td><span class='test-status fail'>fail</span></td>
                                            </tr>
                                            <tr>
                                                <td>May 11, 2020 02:21:03 PM</td>
                                                <td class='linked' test-id='4'>MissingTimesheetReportTest.testDropdownIsSorted</td>
                                                <td><span class='test-status pass'>pass</span></td>
                                            </tr>
                                            <tr>
                                                <td>May 11, 2020 02:22:36 PM</td>
                                                <td class='linked' test-id='5'>MissingTimesheetReportTest.testDropdownIsSorted</td>
                                                <td><span class='test-status pass'>pass</span></td>
                                            </tr>
                                            <tr>
                                                <td>May 11, 2020 02:24:04 PM</td>
                                                <td class='linked' test-id='6'>MissingTimesheetReportTest.testDropdownIsSorted</td>
                                                <td><span class='test-status pass'>pass</span></td>
                                            </tr>
                                            <tr>
                                                <td>May 11, 2020 02:42:33 PM</td>
                                                <td class='linked' test-id='11'>MissingTimesheetReportTest.testProjectFilter</td>
                                                <td><span class='test-status fail'>fail</span></td>
                                            </tr>
                                            <tr>
                                                <td>May 11, 2020 02:56:19 PM</td>
                                                <td class='linked' test-id='15'>CopyTimesheetTest.copyTimeSheet</td>
                                                <td><span class='test-status error'>error</span></td>
                                            </tr>
                                        </tbody>
                                    </table>
                                </div>
                            </div>
                        </li>
                        <li class='author displayed active'>
                            <div class='author-heading'>
                                <span class='author-name'>Prabhudatta</span>
                                <span class='author-status right'>
                                        <span class='label pass'>1</span>
                                        <span class='label fail'>7</span>
                                        <span class='label others'>2</span>
						        </span>
                            </div>
                            <div class='author-content hide'>
                                <div class='author-status-counts'>
                                    <span class='label green accent-4 white-text'>Passed: 1</span>
                                    <span class='label red lighten-1 white-text'>Failed: 7</span>
                                    <span class='label yellow darken-2 white-text'>Others: 2</span>
                                </div>

                                <div class='author-tests'>
                                    <table class='bordered table-results'>
                                        <thead>
                                        <tr>
                                            <th>Timestamp</th>
                                            <th>TestName</th>
                                            <th>Status</th>
                                        </tr>
                                        </thead>
                                        <tbody>
                                            <tr>
                                                <td>May 11, 2020 02:26:34 PM</td>
                                                <td class='linked' test-id='7'>MissingTimesheetReportTest.testEmployeeName</td>
                                                <td><span class='test-status fail'>fail</span></td>
                                            </tr>
                                            <tr>
                                                <td>May 11, 2020 02:31:12 PM</td>
                                                <td class='linked' test-id='8'>MissingTimesheetReportTest.testEntriesPerPage</td>
                                                <td><span class='test-status fail'>fail</span></td>
                                            </tr>
                                            <tr>
                                                <td>May 11, 2020 02:35:51 PM</td>
                                                <td class='linked' test-id='9'>MissingTimesheetReportTest.testExcelReport</td>
                                                <td><span class='test-status fail'>fail</span></td>
                                            </tr>
                                            <tr>
                                                <td>May 11, 2020 02:40:28 PM</td>
                                                <td class='linked' test-id='10'>MissingTimesheetReportTest.testFutureDatesNotVisible</td>
                                                <td><span class='test-status pass'>pass</span></td>
                                            </tr>
                                            <tr>
                                                <td>May 11, 2020 02:47:06 PM</td>
                                                <td class='linked' test-id='12'>MissingTimesheetReportTest.testTimesheetToalEntries</td>
                                                <td><span class='test-status fail'>fail</span></td>
                                            </tr>
                                            <tr>
                                                <td>May 11, 2020 02:51:39 PM</td>
                                                <td class='linked' test-id='13'>MissingTimesheetReportTest.testWeekndTimeEntry</td>
                                                <td><span class='test-status fail'>fail</span></td>
                                            </tr>
                                            <tr>
                                                <td>May 11, 2020 03:03:49 PM</td>
                                                <td class='linked' test-id='17'>TimeSheetSubmitTest.testDeleteTimeSheet</td>
                                                <td><span class='test-status error'>error</span></td>
                                            </tr>
                                            <tr>
                                                <td>May 11, 2020 03:07:50 PM</td>
                                                <td class='linked' test-id='18'>TimeSheetSubmitTest.testTimeSheetSubmit</td>
                                                <td><span class='test-status fail'>fail</span></td>
                                            </tr>
                                            <tr>
                                                <td>May 11, 2020 03:11:47 PM</td>
                                                <td class='linked' test-id='19'>TimeSheetSubmitTest.testTimeSheetTotalHrs</td>
                                                <td><span class='test-status error'>error</span></td>
                                            </tr>
                                            <tr>
                                                <td>May 11, 2020 03:19:47 PM</td>
                                                <td class='linked' test-id='20'>TimeSheetSubmitTest.testTimeSheetTotalHrsInLine</td>
                                                <td><span class='test-status fail'>fail</span></td>
                                            </tr>
                                        </tbody>
                                    </table>
                                </div>
                            </div>
                        </li>
                        <li class='author displayed active'>
                            <div class='author-heading'>
                                <span class='author-name'>SaicharanM</span>
                                <span class='author-status right'>
                                        <span class='label fail'>1</span>
                                        <span class='label others'>1</span>
						        </span>
                            </div>
                            <div class='author-content hide'>
                                <div class='author-status-counts'>
                                    
                                    <span class='label red lighten-1 white-text'>Failed: 1</span>
                                    <span class='label yellow darken-2 white-text'>Others: 1</span>
                                </div>

                                <div class='author-tests'>
                                    <table class='bordered table-results'>
                                        <thead>
                                        <tr>
                                            <th>Timestamp</th>
                                            <th>TestName</th>
                                            <th>Status</th>
                                        </tr>
                                        </thead>
                                        <tbody>
                                            <tr>
                                                <td>May 11, 2020 03:23:42 PM</td>
                                                <td class='linked' test-id='22'>TimeSheetApprovalTest.testEditTimeSheet</td>
                                                <td><span class='test-status error'>error</span></td>
                                            </tr>
                                            <tr>
                                                <td>May 11, 2020 03:27:26 PM</td>
                                                <td class='linked' test-id='23'>TimeSheetApprovalTest.testTimeSheetManagerApprove</td>
                                                <td><span class='test-status fail'>fail</span></td>
                                            </tr>
                                        </tbody>
                                    </table>
                                </div>
                            </div>
                        </li>

                </ul>
        </div>
    </div>

    <div class='subview-right left'>
        <div class='view-summary'>
            <h5 class='author-name'></h5>
        </div>
    </div>
</div>
<!-- exception view -->
<div id='dashboard-view' class='view hide'>
	<div class='card-panel transparent np-v'>
		<h5>Dashboard</h5>

		<div class='row'>
			<div class='col s2'>
				<div class='card-panel r'>
					Tests
					<div class='panel-lead'>4</div>
				</div>
			</div>
			<div class='col s2'>
				<div class='card-panel r'>
					Steps
					<div class='panel-lead'>19</div>
				</div>
			</div>
			<div class='col s2'>
				<div class='card-panel r'>
					Start
					<div class='panel-lead'>May 11, 2020 02:17:27 PM</div>
				</div>
			</div>
			<div class='col s2'>
				<div class='card-panel r'>
			 		End
			 		<div class='panel-lead'>May 11, 2020 03:31:05 PM</div>
				</div>
			</div>
			<div class='col s2'>
				<div class='card-panel r'>
					Time Taken
					<div class='panel-lead'>4,417,896ms</div>
				</div>
			</div>
			<div class='col s4'>
				<div class='card-panel dashboard-environment'>
					<span class='right label cyan white-text'>Environment</span><p>&nbsp;</p>
					
					<table>
						<tr>
							<th>Name</th>
							<th>Value</th>
						</tr>
							<tr>
								<td>Host Name</td>
								<td>Prabhudatta Choudhury</td>
							</tr>
					</table>
				</div>
			</div>
			<div class='col s4'>
				<div class='card-panel dashboard-categories'>
					<span class='right label cyan white-text'>Categories</span><p>&nbsp;</p>
					
					<table>
						<tr>
							<th>Name</th>
							<th>Passed</th>
							<th>Failed</th>
							<th>Others</th>
						</tr>
						<tr>
							<td>Regression</td>
							<td>4</td>
							<td>8</td>
							<td>1</td>
						</tr>
						<tr>
							<td>Smoke</td>
							<td>1</td>
							<td>2</td>
							<td>3</td>
						</tr>
					</table>
				</div>
			</div>
		</div>
	</div>
</div>
<!-- dashboard view -->
<!-- testrunner-logs view -->
		</div>
		<!-- container -->

		<script>
			var statusGroup = {
				passParent: 0,
				failParent: 3,
				fatalParent: 0,
				errorParent: 1,
				warningParent: 0,
				skipParent: 0,
				exceptionsParent: 4,
				
				passChild: 5,
				failChild: 10,
				fatalChild: 0,
				errorChild: 4,
				warningChild: 0,
				skipChild: 0,
				infoChild: 0,
				exceptionsChild: 14,
				
				passGrandChild: 0,
				failGrandChild: 0,
				fatalGrandChild: 0,
				errorGrandChild: 0,
				warningGrandChild: 0,
				skipGrandChild: 0,
				infoGrandChild: 0,
				exceptionsGrandChild: 0,
			};
		</script>
		
			<script src='https://cdn.rawgit.com/anshooarora/extentreports-java/fca20fb7653aade98810546ab96a2a4360e3e712/dist/js/extent.js' type='text/javascript'></script>
		
		
 		<script type='text/javascript'>
 		</script>
	</body>
	
</html>
