<?xml version="1.0" encoding="utf-8" ?>
<!DOCTYPE html PUBLIC "-//W3C//DTD XHTML 1.0 Strict//EN"
        "http://www.w3.org/TR/xhtml1/DTD/xhtml1-strict.dtd">
<html xmlns="http://www.w3.org/1999/xhtml" xml:lang="" lang="">
<head>
  <title>Test Results Report - Test</title>
  <meta http-equiv="Content-Type" content="text/html;charset=utf-8" />
  <meta name="description" content="TestNG unit test results." />
  <link href="reportng.css" rel="stylesheet" type="text/css" />
    <script type="text/javascript" src="reportng.js"></script>
</head>
<body>
<h1>Test</h1>
<p>
  Test duration: 706.945s
</p>



  <table class="resultsTable">
    <tr><th colspan="3" class="header failed">Failed Tests</th></tr>
          <tr>
        <td colspan="3" class="group">com.techaspect.framework.testcases.TimeSheetApprovalTest</td>
      </tr>
            
<tr>
  <td class="method">
                  testTimeSheetManagerApprove
      </td>
  <td class="duration">
    82.992s
  </td>
  <td class="result">
        
          <i>Method arguments: </i><span class="arguments">{Username=techadmin, Options=All, EmpName=Prithvi Jujjuri, password=TechAspectTiBa&$1234, Action=Approve, Assignment=Client,Others, Runmode=Y, expected url=https://qahrm.techaspect.com/symfony/web/index.php/dashboard}</span><br />
    
            <div class="testOutput">
                        Click to see Screenshot
                                <a target="_blank" href=C:\Users\Prabhudatta.C\git\HRM\screenshots\Tue_Apr_02_15_08_45_IST_2019.png>Screenshot</a>
                                <br>
                                <a target="_blank" href=C:\Users\Prabhudatta.C\git\HRM\screenshots\Tue_Apr_02_15_08_45_IST_2019.png><img src=C:\Users\Prabhudatta.C\git\HRM\screenshots\Tue_Apr_02_15_08_45_IST_2019.png height=200 width=200></img></a>
                  </div>
    

        <a href="javascript:toggleElement('exception-0', 'block')" title="Click to expand/collapse"><b>java.lang.IndexOutOfBoundsException: Index: 7, Size: 0</b></a><br />
    <div class="stackTrace" id="exception-0">
              java.util.ArrayList.rangeCheck(ArrayList.java:657)<br />
              java.util.ArrayList.get(ArrayList.java:433)<br />
              com.internal.page.TimeSheetApprovalPage.approveTimeSheet(TimeSheetApprovalPage.java:375)<br />
              com.techaspect.framework.testcases.TimeSheetApprovalTest.testTimeSheetManagerApprove(TimeSheetApprovalTest.java:74)<br />
              sun.reflect.NativeMethodAccessorImpl.invoke0(Native Method)<br />
              sun.reflect.NativeMethodAccessorImpl.invoke(NativeMethodAccessorImpl.java:62)<br />
              sun.reflect.DelegatingMethodAccessorImpl.invoke(DelegatingMethodAccessorImpl.java:43)<br />
              java.lang.reflect.Method.invoke(Method.java:498)<br />
              org.testng.internal.MethodInvocationHelper.invokeMethod(MethodInvocationHelper.java:108)<br />
              org.testng.internal.Invoker.invokeMethod(Invoker.java:661)<br />
              org.testng.internal.Invoker.invokeTestMethod(Invoker.java:869)<br />
              org.testng.internal.Invoker.invokeTestMethods(Invoker.java:1193)<br />
              org.testng.internal.TestMethodWorker.invokeTestMethods(TestMethodWorker.java:126)<br />
              org.testng.internal.TestMethodWorker.run(TestMethodWorker.java:109)<br />
              java.util.concurrent.ThreadPoolExecutor.runWorker(ThreadPoolExecutor.java:1149)<br />
              java.util.concurrent.ThreadPoolExecutor$Worker.run(ThreadPoolExecutor.java:624)<br />
              java.lang.Thread.run(Thread.java:748)<br />
                </div>
      </td>
</tr>
<tr>
  <td class="method">
                  testTimeSheetManagerReject
      </td>
  <td class="duration">
    81.660s
  </td>
  <td class="result">
        
          <i>Method arguments: </i><span class="arguments">{Username=techadmin, Options=All, EmpName=Prithvi Jujjuri, password=TechAspectTiBa&$1234, Action=Reject, Assignment=Client,Others, Runmode=Y, expected url=https://qahrm.techaspect.com/symfony/web/index.php/dashboard}</span><br />
    
            <div class="testOutput">
                        Click to see Screenshot
                                <a target="_blank" href=C:\Users\Prabhudatta.C\git\HRM\screenshots\Tue_Apr_02_15_10_15_IST_2019.png>Screenshot</a>
                                <br>
                                <a target="_blank" href=C:\Users\Prabhudatta.C\git\HRM\screenshots\Tue_Apr_02_15_10_15_IST_2019.png><img src=C:\Users\Prabhudatta.C\git\HRM\screenshots\Tue_Apr_02_15_10_15_IST_2019.png height=200 width=200></img></a>
                  </div>
    

        <a href="javascript:toggleElement('exception-1', 'block')" title="Click to expand/collapse"><b>java.lang.IndexOutOfBoundsException: Index: 7, Size: 0</b></a><br />
    <div class="stackTrace" id="exception-1">
              java.util.ArrayList.rangeCheck(ArrayList.java:657)<br />
              java.util.ArrayList.get(ArrayList.java:433)<br />
              com.internal.page.TimeSheetApprovalPage.approveTimeSheet(TimeSheetApprovalPage.java:375)<br />
              com.techaspect.framework.testcases.TimeSheetApprovalTest.testTimeSheetManagerReject(TimeSheetApprovalTest.java:56)<br />
              sun.reflect.NativeMethodAccessorImpl.invoke0(Native Method)<br />
              sun.reflect.NativeMethodAccessorImpl.invoke(NativeMethodAccessorImpl.java:62)<br />
              sun.reflect.DelegatingMethodAccessorImpl.invoke(DelegatingMethodAccessorImpl.java:43)<br />
              java.lang.reflect.Method.invoke(Method.java:498)<br />
              org.testng.internal.MethodInvocationHelper.invokeMethod(MethodInvocationHelper.java:108)<br />
              org.testng.internal.Invoker.invokeMethod(Invoker.java:661)<br />
              org.testng.internal.Invoker.invokeTestMethod(Invoker.java:869)<br />
              org.testng.internal.Invoker.invokeTestMethods(Invoker.java:1193)<br />
              org.testng.internal.TestMethodWorker.invokeTestMethods(TestMethodWorker.java:126)<br />
              org.testng.internal.TestMethodWorker.run(TestMethodWorker.java:109)<br />
              java.util.concurrent.ThreadPoolExecutor.runWorker(ThreadPoolExecutor.java:1149)<br />
              java.util.concurrent.ThreadPoolExecutor$Worker.run(ThreadPoolExecutor.java:624)<br />
              java.lang.Thread.run(Thread.java:748)<br />
                </div>
      </td>
</tr>
<tr>
  <td class="method">
                  testTimeSheetReportControlValidation
      </td>
  <td class="duration">
    83.197s
  </td>
  <td class="result">
        
          <i>Method arguments: </i><span class="arguments">{Username=techadmin, password=TechAspectTiBa&$1234, Runmode=Y, expected url=https://qahrm.techaspect.com/symfony/web/index.php/dashboard}</span><br />
    
        

        <a href="javascript:toggleElement('exception-2', 'block')" title="Click to expand/collapse"><b>org.openqa.selenium.TimeoutException: timeout<br/>
&nbsp; (Session info: chrome=73.0.3683.86)<br/>
&nbsp; (Driver info: chromedriver=2.41.578737 (49da6702b16031c40d63e5618de03a32ff6c197e),platform=Windows NT 10.0.17763 x86_64) (WARNING: The server did not provide any stacktrace information)<br/>
Command duration or timeout: 0 milliseconds<br/>
Build info: version: &apos;3.12.0&apos;, revision: &apos;7c6e0b3&apos;, time: &apos;2018-05-08T14:04:26.12Z&apos;<br/>
System info: host: &apos;TECH-LP-620&apos;, ip: &apos;169.254.52.104&apos;, os.name: &apos;Windows 10&apos;, os.arch: &apos;amd64&apos;, os.version: &apos;10.0&apos;, java.version: &apos;1.8.0_191&apos;<br/>
Driver info: org.openqa.selenium.remote.RemoteWebDriver<br/>
Capabilities {acceptInsecureCerts: false, acceptSslCerts: false, applicationCacheEnabled: false, browserConnectionEnabled: false, browserName: chrome, chrome: {chromedriverVersion: 2.41.578737 (49da6702b16031..., userDataDir: C:\Users\PRABHU~1.C\AppData...}, cssSelectorsEnabled: true, databaseEnabled: false, goog:chromeOptions: {debuggerAddress: localhost:54263}, handlesAlerts: true, hasTouchScreen: false, javascriptEnabled: true, locationContextEnabled: true, mobileEmulationEnabled: false, nativeEvents: true, networkConnectionEnabled: false, pageLoadStrategy: normal, platform: XP, platformName: XP, rotatable: false, setWindowRect: true, takesHeapSnapshot: true, takesScreenshot: true, unexpectedAlertBehaviour: , unhandledPromptBehavior: , version: 73.0.3683.86, webStorageEnabled: true, webdriver.remote.sessionid: 15930fdad45930726659f8592c3...}<br/>
Session ID: 15930fdad45930726659f8592c312ac9<br/>
*** Element info: {Using=id, value=welcome}</b></a><br />
    <div class="stackTrace" id="exception-2">
              sun.reflect.NativeConstructorAccessorImpl.newInstance0(Native Method)<br />
              sun.reflect.NativeConstructorAccessorImpl.newInstance(NativeConstructorAccessorImpl.java:62)<br />
              sun.reflect.DelegatingConstructorAccessorImpl.newInstance(DelegatingConstructorAccessorImpl.java:45)<br />
              java.lang.reflect.Constructor.newInstance(Constructor.java:423)<br />
              org.openqa.selenium.remote.ErrorHandler.createThrowable(ErrorHandler.java:214)<br />
              org.openqa.selenium.remote.ErrorHandler.throwIfResponseFailed(ErrorHandler.java:166)<br />
              org.openqa.selenium.remote.http.JsonHttpResponseCodec.reconstructValue(JsonHttpResponseCodec.java:40)<br />
              org.openqa.selenium.remote.http.AbstractHttpResponseCodec.decode(AbstractHttpResponseCodec.java:80)<br />
              org.openqa.selenium.remote.http.AbstractHttpResponseCodec.decode(AbstractHttpResponseCodec.java:44)<br />
              org.openqa.selenium.remote.HttpCommandExecutor.execute(HttpCommandExecutor.java:164)<br />
              org.openqa.selenium.remote.RemoteWebDriver.execute(RemoteWebDriver.java:601)<br />
              org.openqa.selenium.remote.RemoteWebDriver.findElement(RemoteWebDriver.java:371)<br />
              org.openqa.selenium.remote.RemoteWebDriver.findElementById(RemoteWebDriver.java:417)<br />
              org.openqa.selenium.By$ById.findElement(By.java:188)<br />
              org.openqa.selenium.remote.RemoteWebDriver.findElement(RemoteWebDriver.java:363)<br />
              org.openqa.selenium.support.pagefactory.DefaultElementLocator.findElement(DefaultElementLocator.java:69)<br />
              org.openqa.selenium.support.pagefactory.AjaxElementLocator.access$001(AjaxElementLocator.java:40)<br />
              org.openqa.selenium.support.pagefactory.AjaxElementLocator$SlowLoadingElement.isLoaded(AjaxElementLocator.java:156)<br />
              org.openqa.selenium.support.ui.SlowLoadableComponent.get(SlowLoadableComponent.java:48)<br />
              org.openqa.selenium.support.pagefactory.AjaxElementLocator.findElement(AjaxElementLocator.java:86)<br />
              org.openqa.selenium.support.pagefactory.internal.LocatingElementHandler.invoke(LocatingElementHandler.java:38)<br />
              com.sun.proxy.$Proxy14.isDisplayed(Unknown Source)<br />
              org.openqa.selenium.support.ui.ExpectedConditions.elementIfVisible(ExpectedConditions.java:315)<br />
              org.openqa.selenium.support.ui.ExpectedConditions.access$100(ExpectedConditions.java:44)<br />
              org.openqa.selenium.support.ui.ExpectedConditions$10.apply(ExpectedConditions.java:301)<br />
              org.openqa.selenium.support.ui.ExpectedConditions$10.apply(ExpectedConditions.java:298)<br />
              org.openqa.selenium.support.ui.FluentWait.until(FluentWait.java:248)<br />
              com.framework.ui.pageobjects.BasePage.waitForPageLoad(BasePage.java:72)<br />
              com.internal.page.TimeSheetLoginPage.loginValid(TimeSheetLoginPage.java:56)<br />
              com.techaspect.framework.testcases.TimeSheetApprovalTest.testTimeSheetReportControlValidation(TimeSheetApprovalTest.java:110)<br />
              sun.reflect.NativeMethodAccessorImpl.invoke0(Native Method)<br />
              sun.reflect.NativeMethodAccessorImpl.invoke(NativeMethodAccessorImpl.java:62)<br />
              sun.reflect.DelegatingMethodAccessorImpl.invoke(DelegatingMethodAccessorImpl.java:43)<br />
              java.lang.reflect.Method.invoke(Method.java:498)<br />
              org.testng.internal.MethodInvocationHelper.invokeMethod(MethodInvocationHelper.java:108)<br />
              org.testng.internal.Invoker.invokeMethod(Invoker.java:661)<br />
              org.testng.internal.Invoker.invokeTestMethod(Invoker.java:869)<br />
              org.testng.internal.Invoker.invokeTestMethods(Invoker.java:1193)<br />
              org.testng.internal.TestMethodWorker.invokeTestMethods(TestMethodWorker.java:126)<br />
              org.testng.internal.TestMethodWorker.run(TestMethodWorker.java:109)<br />
              java.util.concurrent.ThreadPoolExecutor.runWorker(ThreadPoolExecutor.java:1149)<br />
              java.util.concurrent.ThreadPoolExecutor$Worker.run(ThreadPoolExecutor.java:624)<br />
              java.lang.Thread.run(Thread.java:748)<br />
                </div>
      </td>
</tr>
      </table>


  <table class="resultsTable">
    <tr><th colspan="3" class="header passed">Passed Tests</th></tr>
          <tr>
        <td colspan="3" class="group">com.techaspect.framework.testcases.TimeSheetApprovalTest</td>
      </tr>
            
<tr>
  <td class="method">
                  testTimeSheetReportDownload
      </td>
  <td class="duration">
    124.751s
  </td>
  <td class="result">
        
          <i>Method arguments: </i><span class="arguments">{Assignment=Client,Others, Year=2019.0, Username=techadmin, Task Group=Delivery / Project , Runmode=Y, Month=Feb, Practice=All Practices, ProjectName=Centric Digital - Humana, Location=Hyderabad, DirectReportee=No, EmpName=Prithvi Jujjuri, password=TechAspectTiBa&$1234, expected url=https://qahrm.techaspect.com/symfony/web/index.php/dashboard}</span><br />
    
        

      </td>
</tr>
<tr>
  <td class="method">
                  testTimeSheetReportProjectVerify
      </td>
  <td class="duration">
    119.942s
  </td>
  <td class="result">
        
          <i>Method arguments: </i><span class="arguments">{Assignment=Client,Others, Year=2019.0, Username=techadmin, Task Group=Delivery / Project , Runmode=Y, Month=Feb, Practice=All Practices, ProjectName=Centric Digital - Humana, Location=Hyderabad, Status=All, DirectReportee=Yes, EmpName=Prithvi Jujjuri, password=TechAspectTiBa&$1234, expected url=https://qahrm.techaspect.com/symfony/web/index.php/dashboard}</span><br />
    
        

      </td>
</tr>
<tr>
  <td class="method">
                  testTimeSheetReportVerify
      </td>
  <td class="duration">
    121.100s
  </td>
  <td class="result">
        
          <i>Method arguments: </i><span class="arguments">{Assignment=Client,Others, Year=2019.0, Username=techadmin, Task Group=Delivery / Project , Runmode=Y, Month=Feb, Practice=All Practices, ProjectName=Centric Digital - Humana, Location=Hyderabad, Status=All, DirectReportee=No, EmpName=Prithvi Jujjuri, password=TechAspectTiBa&$1234, expected url=https://qahrm.techaspect.com/symfony/web/index.php/dashboard}</span><br />
    
        

      </td>
</tr>
<tr>
  <td class="method">
                  testTimeSheetView
      </td>
  <td class="duration">
    39.353s
  </td>
  <td class="result">
        
          <i>Method arguments: </i><span class="arguments">{Username=techadmin, Options=All, EmpName=Prithvi Jujjuri, password=TechAspectTiBa&$1234, Action=Approve, Assignment=Client,Others, Runmode=Y, expected url=https://qahrm.techaspect.com/symfony/web/index.php/dashboard}</span><br />
    
        

      </td>
</tr>
      </table>
  
</body>
</html>
